        -:    0:Source:report_menu.cpp
        -:    0:Graph:main.gcno
        -:    0:Data:main.gcda
        -:    0:Runs:1
        -:    1:#include<iostream>
        -:    2:#include<array>
        -:    3:#include"class.hpp"
        -:    4:using namespace std;
        -:    5:class Report
        -:    6:{
        -:    7:	public:	
function _ZN6Report16Age_Group_ReportEv called 0 returned 0% blocks executed 0%
    #####:    8:void Age_Group_Report()
        -:    9:{
    #####:   10:	cout<<"I am in Age Group Report"<<endl;
call    0 never executed
branch  1 never executed
branch  2 never executed
call    3 never executed
branch  4 never executed
branch  5 never executed
        -:   11:	array<int,3>pop_z;// [ pop_z1, pop_z2, pop_z3 ] 
        -:   12:	array<int,3>z1; // [ z1_18, z1_18_40, z1_40]
        -:   13:	array<int,3>z2;
        -:   14:	array<int,3>z3;
    #####:   15:	pop_z.fill(0);
call    0 never executed
branch  1 never executed
branch  2 never executed
    #####:   16:	z1.fill(0); 
call    0 never executed
branch  1 never executed
branch  2 never executed
    #####:   17:	z2.fill(0);
call    0 never executed
branch  1 never executed
branch  2 never executed
    #####:   18:	z3.fill(0);
call    0 never executed
branch  1 never executed
branch  2 never executed
        -:   19:	array<int,3>total;// [total_18,total_18_40,total_40]
    #####:   20:	int total_pop = 0;
        -:   21:/*
        -:   22:	int pop_z1=0, pop_z2=0, pop_z3 = 0, total_pop;
        -:   23:	int z1_18=0, z1_18_40 = 0, z1_40 = 0;
        -:   24:	int z2_18=0, z2_18_40= 0, z2_40= 0;
        -:   25:	int z3_18=0, z3_18_40=0, z3_40=0;
        -:   26:	int total_18,total_18_40,total_40;
        -:   27:*/
    #####:   28:	for(Citizen c : li)
call    0 never executed
call    1 never executed
call    2 never executed
call    3 never executed
branch  4 never executed
branch  5 never executed
call    6 never executed
call    7 never executed
branch  8 never executed
branch  9 never executed
        -:   29:	{
    #####:   30:		if(c.zone_id == "ZID100")
call    0 never executed
branch  1 never executed
branch  2 never executed
        -:   31:		{
    #####:   32:			pop_z[0]++;
call    0 never executed
    #####:   33:			if(stoi(c.age) < 18)    
call    0 never executed
branch  1 never executed
branch  2 never executed
branch  3 never executed
branch  4 never executed
        -:   34:			{
    #####:   35:				z1[0]++;
call    0 never executed
        -:   36:			}
    #####:   37:			else if( stoi(c.age) >= 18 && stoi(c.age) <=40)
call    0 never executed
branch  1 never executed
branch  2 never executed
branch  3 never executed
branch  4 never executed
call    5 never executed
branch  6 never executed
branch  7 never executed
branch  8 never executed
branch  9 never executed
branch 10 never executed
branch 11 never executed
        -:   38:			{
    #####:   39:				z1[1]++;
call    0 never executed
        -:   40:			}
        -:   41:			else
        -:   42:			{
    #####:   43:				z1[2]++;
call    0 never executed
        -:   44:			}
        -:   45:		}
    #####:   46:		else if(c.zone_id == "ZID200")
call    0 never executed
branch  1 never executed
branch  2 never executed
        -:   47:                  {
    #####:   48:                          pop_z[1]++;
call    0 never executed
    #####:   49:                          if(stoi(c.age) < 18)
call    0 never executed
branch  1 never executed
branch  2 never executed
branch  3 never executed
branch  4 never executed
        -:   50:                         {
    #####:   51:                                 z2[0]++;
call    0 never executed
        -:   52:                          }
    #####:   53:                          else if( stoi(c.age) >= 18 && stoi(c.age) <=40)
call    0 never executed
branch  1 never executed
branch  2 never executed
branch  3 never executed
branch  4 never executed
call    5 never executed
branch  6 never executed
branch  7 never executed
branch  8 never executed
branch  9 never executed
branch 10 never executed
branch 11 never executed
        -:   54:                          {
    #####:   55:                                  z2[1]++;
call    0 never executed
        -:   56:                          }
        -:   57:                          else
        -:   58:                          {
    #####:   59:                                  z2[2]++;
call    0 never executed
        -:   60:                          }
        -:   61:                  }
        -:   62:		else
        -:   63:                  {
    #####:   64:                         pop_z[2]++;
call    0 never executed
    #####:   65:                          if(stoi(c.age) < 18)
call    0 never executed
branch  1 never executed
branch  2 never executed
branch  3 never executed
branch  4 never executed
        -:   66:                          {
    #####:   67:                                  z3[0]++;
call    0 never executed
        -:   68:                          }
    #####:   69:                          else if( stoi(c.age) >= 18 && stoi(c.age) <=40)
call    0 never executed
branch  1 never executed
branch  2 never executed
branch  3 never executed
branch  4 never executed
call    5 never executed
branch  6 never executed
branch  7 never executed
branch  8 never executed
branch  9 never executed
branch 10 never executed
branch 11 never executed
        -:   70:                          {
    #####:   71:                                  z3[1]++;
call    0 never executed
        -:   72:                          }
        -:   73:                          else
        -:   74:                          {
    #####:   75:                                  z3[2]++;
call    0 never executed
        -:   76:                          }
        -:   77:                  }
    #####:   78:	}
call    0 never executed
call    1 never executed
        -:   79:
        -:   80:	//calcultions
        -:   81:	
    #####:   82:	for(int i = 0; i<3; i++)
branch  0 never executed
branch  1 never executed
        -:   83:	{
    #####:   84:		total_pop += pop_z[i];
call    0 never executed
    #####:   85:		total[i] = z1[i] + z2[i] + z3[i];
call    0 never executed
call    1 never executed
call    2 never executed
call    3 never executed
        -:   86:	}
        -:   87:	// total[ m, f, t]
    #####:   88:	system("clear");
call    0 never executed
branch  1 never executed
branch  2 never executed
    #####:   89:	cout<<endl<<endl<<"*****************  Age Group Report  *****************"<<endl<<endl;
call    0 never executed
branch  1 never executed
branch  2 never executed
call    3 never executed
branch  4 never executed
branch  5 never executed
call    6 never executed
branch  7 never executed
branch  8 never executed
call    9 never executed
branch 10 never executed
branch 11 never executed
call   12 never executed
branch 13 never executed
branch 14 never executed
    #####:   90:	cout<<"--------------  Zone 1 ----------------"<<endl<<endl;
call    0 never executed
branch  1 never executed
branch  2 never executed
call    3 never executed
branch  4 never executed
branch  5 never executed
call    6 never executed
branch  7 never executed
branch  8 never executed
    #####:   91:	cout<<"Percentage of Population whose age is below 18  : "<<(z1[0]/double(pop_z[0]))*100<<" %"<<endl;
call    0 never executed
branch  1 never executed
branch  2 never executed
call    3 never executed
call    4 never executed
call    5 never executed
branch  6 never executed
branch  7 never executed
call    8 never executed
branch  9 never executed
branch 10 never executed
call   11 never executed
branch 12 never executed
branch 13 never executed
    #####:   92:	cout<<"Percentage of Population whose age inbetween 18 to 40  : "<<(z1[1]/double(pop_z[0]))*100<<" %"<<endl;
call    0 never executed
branch  1 never executed
branch  2 never executed
call    3 never executed
call    4 never executed
call    5 never executed
branch  6 never executed
branch  7 never executed
call    8 never executed
branch  9 never executed
branch 10 never executed
call   11 never executed
branch 12 never executed
branch 13 never executed
    #####:   93:	cout<<"Percentage of Population whose age is more than 40  : "<<(z1[2]/double(pop_z[0]))*100<<" %"<<endl;
call    0 never executed
branch  1 never executed
branch  2 never executed
call    3 never executed
call    4 never executed
call    5 never executed
branch  6 never executed
branch  7 never executed
call    8 never executed
branch  9 never executed
branch 10 never executed
call   11 never executed
branch 12 never executed
branch 13 never executed
        -:   94:
    #####:   95:	cout<<endl<<endl<<endl<<"--------------  Zone 2 ----------------"<<endl<<endl;
call    0 never executed
branch  1 never executed
branch  2 never executed
call    3 never executed
branch  4 never executed
branch  5 never executed
call    6 never executed
branch  7 never executed
branch  8 never executed
call    9 never executed
branch 10 never executed
branch 11 never executed
call   12 never executed
branch 13 never executed
branch 14 never executed
call   15 never executed
branch 16 never executed
branch 17 never executed
    #####:   96:	cout<<"Percentage of Population whose age is below 18  : "<<(z2[0]/double(pop_z[1]))*100<<" %"<<endl;
call    0 never executed
branch  1 never executed
branch  2 never executed
call    3 never executed
call    4 never executed
call    5 never executed
branch  6 never executed
branch  7 never executed
call    8 never executed
branch  9 never executed
branch 10 never executed
call   11 never executed
branch 12 never executed
branch 13 never executed
    #####:   97:	cout<<"Percentage of Population whose age inbetween 18 to 40  : "<<(z2[1]/double(pop_z[1]))*100<<" %"<<endl;
call    0 never executed
branch  1 never executed
branch  2 never executed
call    3 never executed
call    4 never executed
call    5 never executed
branch  6 never executed
branch  7 never executed
call    8 never executed
branch  9 never executed
branch 10 never executed
call   11 never executed
branch 12 never executed
branch 13 never executed
    #####:   98:	cout<<"Percentage of Population whose age is more than 40  : "<<(z2[2]/double(pop_z[1]))*100<<" %"<<endl;
call    0 never executed
branch  1 never executed
branch  2 never executed
call    3 never executed
call    4 never executed
call    5 never executed
branch  6 never executed
branch  7 never executed
call    8 never executed
branch  9 never executed
branch 10 never executed
call   11 never executed
branch 12 never executed
branch 13 never executed
        -:   99:
        -:  100:
    #####:  101:	cout<<endl<<endl<<endl<<"--------------  Zone 3 ----------------"<<endl<<endl;
call    0 never executed
branch  1 never executed
branch  2 never executed
call    3 never executed
branch  4 never executed
branch  5 never executed
call    6 never executed
branch  7 never executed
branch  8 never executed
call    9 never executed
branch 10 never executed
branch 11 never executed
call   12 never executed
branch 13 never executed
branch 14 never executed
call   15 never executed
branch 16 never executed
branch 17 never executed
    #####:  102:	cout<<"Percentage of Population whose age is below 18  : "<<(z3[0]/double(pop_z[2]))*100<<" %"<<endl;
call    0 never executed
branch  1 never executed
branch  2 never executed
call    3 never executed
call    4 never executed
call    5 never executed
branch  6 never executed
branch  7 never executed
call    8 never executed
branch  9 never executed
branch 10 never executed
call   11 never executed
branch 12 never executed
branch 13 never executed
    #####:  103:	cout<<"Percentage of Population whose age inbetween 18 to 40  : "<<(z3[1]/double(pop_z[2]))*100<<" %"<<endl;
call    0 never executed
branch  1 never executed
branch  2 never executed
call    3 never executed
call    4 never executed
call    5 never executed
branch  6 never executed
branch  7 never executed
call    8 never executed
branch  9 never executed
branch 10 never executed
call   11 never executed
branch 12 never executed
branch 13 never executed
    #####:  104:	cout<<"Percentage of Population whose age is more than 40  : "<<(z3[2]/double(pop_z[2]))*100<<" %"<<endl;
call    0 never executed
branch  1 never executed
branch  2 never executed
call    3 never executed
call    4 never executed
call    5 never executed
branch  6 never executed
branch  7 never executed
call    8 never executed
branch  9 never executed
branch 10 never executed
call   11 never executed
branch 12 never executed
branch 13 never executed
        -:  105:	
        -:  106:
    #####:  107:	cout<<endl<<endl<<endl<<"--------------  Country Dynaland Age Group Report  ----------------"<<endl<<endl;
call    0 never executed
branch  1 never executed
branch  2 never executed
call    3 never executed
branch  4 never executed
branch  5 never executed
call    6 never executed
branch  7 never executed
branch  8 never executed
call    9 never executed
branch 10 never executed
branch 11 never executed
call   12 never executed
branch 13 never executed
branch 14 never executed
call   15 never executed
branch 16 never executed
branch 17 never executed
    #####:  108:	cout<<"Percentage of Population whose age is below 18  : "<<(total[0]/double(total_pop))*100<<" %"<<endl;
call    0 never executed
branch  1 never executed
branch  2 never executed
call    3 never executed
call    4 never executed
branch  5 never executed
branch  6 never executed
call    7 never executed
branch  8 never executed
branch  9 never executed
call   10 never executed
branch 11 never executed
branch 12 never executed
    #####:  109:	cout<<"Percentage of Population whose age inbetween 18 to 40  : "<<(total[1]/double(total_pop))*100<<" %"<<endl;
call    0 never executed
branch  1 never executed
branch  2 never executed
call    3 never executed
call    4 never executed
branch  5 never executed
branch  6 never executed
call    7 never executed
branch  8 never executed
branch  9 never executed
call   10 never executed
branch 11 never executed
branch 12 never executed
    #####:  110:	cout<<"Percentage of Population whose age is more than 40  : "<<(total[2]/double(total_pop))*100<<" %"<<endl;
call    0 never executed
branch  1 never executed
branch  2 never executed
call    3 never executed
call    4 never executed
branch  5 never executed
branch  6 never executed
call    7 never executed
branch  8 never executed
branch  9 never executed
call   10 never executed
branch 11 never executed
branch 12 never executed
        -:  111:	
    #####:  112:	cout<<endl<<endl<<"**********************************************************************"<<endl;
call    0 never executed
branch  1 never executed
branch  2 never executed
call    3 never executed
branch  4 never executed
branch  5 never executed
call    6 never executed
branch  7 never executed
branch  8 never executed
call    9 never executed
branch 10 never executed
branch 11 never executed
    #####:  113:	system("read n");
call    0 never executed
branch  1 never executed
branch  2 never executed
    #####:  114:	system("clear");
call    0 never executed
branch  1 never executed
branch  2 never executed
        -:  115:	
    #####:  116:}
        -:  117:
function _ZN6Report13Gender_ReportEv called 0 returned 0% blocks executed 0%
    #####:  118:void Gender_Report()
        -:  119:{
        -:  120:
    #####:  121:	cout<<"I am in Gender Report"<<endl;
call    0 never executed
branch  1 never executed
branch  2 never executed
call    3 never executed
branch  4 never executed
branch  5 never executed
        -:  122:	/*
        -:  123:	int pop_z1=0, pop_z2=0, pop_z3 = 0, total_pop;
        -:  124:	int z1_m = 0, z1_f = 0,z1_t = 0;
        -:  125:	int z2_m = 0, z2_f = 0 , z2_t = 0;
        -:  126:	int z3_m = 0,z3_f = 0 , z3_t = 0;
        -:  127:	int total_m,total_f,total_t;
        -:  128:	*/
        -:  129:	 array<int,3>pop_z;// [ pop_z1, pop_z2, pop_z3 ] 
        -:  130:          array<int,3>z1; // [ z1_m, z1_f, z1_t]
        -:  131:          array<int,3>z2;
        -:  132:          array<int,3>z3;
    #####:  133:          pop_z.fill(0);
call    0 never executed
branch  1 never executed
branch  2 never executed
    #####:  134:          z1.fill(0);
call    0 never executed
branch  1 never executed
branch  2 never executed
    #####:  135:          z2.fill(0);
call    0 never executed
branch  1 never executed
branch  2 never executed
    #####:  136:          z3.fill(0);
call    0 never executed
branch  1 never executed
branch  2 never executed
        -:  137:          array<int,3>total;// [total_m,total_f,total_t]
    #####:  138:          int total_pop = 0;
        -:  139:
    #####:  140:	for(Citizen c : li)
call    0 never executed
call    1 never executed
call    2 never executed
call    3 never executed
branch  4 never executed
branch  5 never executed
call    6 never executed
call    7 never executed
branch  8 never executed
branch  9 never executed
        -:  141:	{
    #####:  142:		if(c.zone_id == "ZID100")
call    0 never executed
branch  1 never executed
branch  2 never executed
        -:  143:		{
    #####:  144:			pop_z[0]++;
call    0 never executed
    #####:  145:			if(c.gender == "male" )    
call    0 never executed
branch  1 never executed
branch  2 never executed
        -:  146:			{
    #####:  147:				z1[0]++;
call    0 never executed
        -:  148:			}
    #####:  149:			else if(c.gender == "female")
call    0 never executed
branch  1 never executed
branch  2 never executed
        -:  150:			{
    #####:  151:				z1[1]++;
call    0 never executed
        -:  152:			}
        -:  153:			else
        -:  154:			{
    #####:  155:				z1[2]++;
call    0 never executed
        -:  156:			}
        -:  157:		}
    #####:  158:		else if(c.zone_id == "ZID200")
call    0 never executed
branch  1 never executed
branch  2 never executed
        -:  159:                {
    #####:  160:                        pop_z[1]++; 
call    0 never executed
    #####:  161:			if(c.gender == "male" )    
call    0 never executed
branch  1 never executed
branch  2 never executed
        -:  162:			{
    #####:  163:				z2[0]++;
call    0 never executed
        -:  164:			}
    #####:  165:			else if(c.gender == "female")
call    0 never executed
branch  1 never executed
branch  2 never executed
        -:  166:			{
    #####:  167:				z2[1]++;
call    0 never executed
        -:  168:			}
        -:  169:			else
        -:  170:			{
    #####:  171:				z2[2]++;
call    0 never executed
        -:  172:			}
        -:  173:		}
        -:  174:		else
        -:  175:		{
    #####:  176:			pop_z[2]++;
call    0 never executed
    #####:  177:			if(c.gender == "male")
call    0 never executed
branch  1 never executed
branch  2 never executed
        -:  178:			{
    #####:  179:				z3[0]++;
call    0 never executed
        -:  180:			}
    #####:  181:			else if(c.gender == "female")
call    0 never executed
branch  1 never executed
branch  2 never executed
        -:  182:			{
    #####:  183:				z3[1]++;
call    0 never executed
        -:  184:			}
        -:  185:			else
        -:  186:			{
    #####:  187:				z3[2]++;
call    0 never executed
        -:  188:			}
        -:  189:		}
    #####:  190:	}
call    0 never executed
        -:  191:
        -:  192:	//calculations
        -:  193:	
    #####:  194:	for(int i = 0; i<3; i++)
branch  0 never executed
branch  1 never executed
        -:  195:         {
    #####:  196:                 total_pop += pop_z[i];
call    0 never executed
    #####:  197:                 total[i] = z1[i] + z2[i] + z3[i];
call    0 never executed
call    1 never executed
call    2 never executed
call    3 never executed
        -:  198:         }
        -:  199:
    #####:  200:	system("clear");
call    0 never executed
branch  1 never executed
branch  2 never executed
    #####:  201:	cout<<endl<<endl<<"*****************  Gender Wise  Report  *****************"<<endl<<endl;
call    0 never executed
branch  1 never executed
branch  2 never executed
call    3 never executed
branch  4 never executed
branch  5 never executed
call    6 never executed
branch  7 never executed
branch  8 never executed
call    9 never executed
branch 10 never executed
branch 11 never executed
call   12 never executed
branch 13 never executed
branch 14 never executed
    #####:  202:	cout<<"--------------  Zone 1 ----------------"<<endl<<endl;
call    0 never executed
branch  1 never executed
branch  2 never executed
call    3 never executed
branch  4 never executed
branch  5 never executed
call    6 never executed
branch  7 never executed
branch  8 never executed
    #####:  203:	cout<<"Percentage of male population   : "<<(z1[0]/double(pop_z[0]))*100<<" %"<<endl;
call    0 never executed
branch  1 never executed
branch  2 never executed
call    3 never executed
call    4 never executed
call    5 never executed
branch  6 never executed
branch  7 never executed
call    8 never executed
branch  9 never executed
branch 10 never executed
call   11 never executed
branch 12 never executed
branch 13 never executed
    #####:  204:	cout<<"Percentage of female population  : "<<(z1[1]/double(pop_z[0]))*100<<" %"<<endl;
call    0 never executed
branch  1 never executed
branch  2 never executed
call    3 never executed
call    4 never executed
call    5 never executed
branch  6 never executed
branch  7 never executed
call    8 never executed
branch  9 never executed
branch 10 never executed
call   11 never executed
branch 12 never executed
branch 13 never executed
    #####:  205:	cout<<"Percentage of transgender population : "<<(z1[2]/double(pop_z[0]))*100<<" %"<<endl;
call    0 never executed
branch  1 never executed
branch  2 never executed
call    3 never executed
call    4 never executed
call    5 never executed
branch  6 never executed
branch  7 never executed
call    8 never executed
branch  9 never executed
branch 10 never executed
call   11 never executed
branch 12 never executed
branch 13 never executed
        -:  206:	
    #####:  207:	cout<<"--------------  Zone 2 ----------------"<<endl<<endl;
call    0 never executed
branch  1 never executed
branch  2 never executed
call    3 never executed
branch  4 never executed
branch  5 never executed
call    6 never executed
branch  7 never executed
branch  8 never executed
    #####:  208:	cout<<"Percentage of male population   : "<<(z2[0]/double(pop_z[1]))*100<<" %"<<endl;
call    0 never executed
branch  1 never executed
branch  2 never executed
call    3 never executed
call    4 never executed
call    5 never executed
branch  6 never executed
branch  7 never executed
call    8 never executed
branch  9 never executed
branch 10 never executed
call   11 never executed
branch 12 never executed
branch 13 never executed
    #####:  209:	cout<<"Percentage of female population  : "<<(z2[1]/double(pop_z[1]))*100<<" %"<<endl;
call    0 never executed
branch  1 never executed
branch  2 never executed
call    3 never executed
call    4 never executed
call    5 never executed
branch  6 never executed
branch  7 never executed
call    8 never executed
branch  9 never executed
branch 10 never executed
call   11 never executed
branch 12 never executed
branch 13 never executed
    #####:  210:	cout<<"Percentage of transgender population : "<<(z2[2]/double(pop_z[1]))*100<<" %"<<endl;
call    0 never executed
branch  1 never executed
branch  2 never executed
call    3 never executed
call    4 never executed
call    5 never executed
branch  6 never executed
branch  7 never executed
call    8 never executed
branch  9 never executed
branch 10 never executed
call   11 never executed
branch 12 never executed
branch 13 never executed
        -:  211:	
    #####:  212:	cout<<"--------------  Zone 3 ----------------"<<endl<<endl;
call    0 never executed
branch  1 never executed
branch  2 never executed
call    3 never executed
branch  4 never executed
branch  5 never executed
call    6 never executed
branch  7 never executed
branch  8 never executed
    #####:  213:	cout<<"Percentage of male  population   : "<<(z3[0]/double(pop_z[2]))*100<<" %"<<endl;
call    0 never executed
branch  1 never executed
branch  2 never executed
call    3 never executed
call    4 never executed
call    5 never executed
branch  6 never executed
branch  7 never executed
call    8 never executed
branch  9 never executed
branch 10 never executed
call   11 never executed
branch 12 never executed
branch 13 never executed
    #####:  214:	cout<<"Percentage of female  population  : "<<(z3[1]/double(pop_z[2]))*100<<" %"<<endl;
call    0 never executed
branch  1 never executed
branch  2 never executed
call    3 never executed
call    4 never executed
call    5 never executed
branch  6 never executed
branch  7 never executed
call    8 never executed
branch  9 never executed
branch 10 never executed
call   11 never executed
branch 12 never executed
branch 13 never executed
    #####:  215:	cout<<"Percentage of transgender population : "<<(z3[2]/double(pop_z[2]))*100<<" %"<<endl;
call    0 never executed
branch  1 never executed
branch  2 never executed
call    3 never executed
call    4 never executed
call    5 never executed
branch  6 never executed
branch  7 never executed
call    8 never executed
branch  9 never executed
branch 10 never executed
call   11 never executed
branch 12 never executed
branch 13 never executed
        -:  216:	
    #####:  217:	cout<<endl<<endl<<endl<<"--------------  Country Dynaland Gender Wise Report  ----------------"<<endl<<endl;
call    0 never executed
branch  1 never executed
branch  2 never executed
call    3 never executed
branch  4 never executed
branch  5 never executed
call    6 never executed
branch  7 never executed
branch  8 never executed
call    9 never executed
branch 10 never executed
branch 11 never executed
call   12 never executed
branch 13 never executed
branch 14 never executed
call   15 never executed
branch 16 never executed
branch 17 never executed
    #####:  218:	cout<<"Percentage of male population across country  : "<<(total[0]/double(total_pop))*100<<" %"<<endl;
call    0 never executed
branch  1 never executed
branch  2 never executed
call    3 never executed
call    4 never executed
branch  5 never executed
branch  6 never executed
call    7 never executed
branch  8 never executed
branch  9 never executed
call   10 never executed
branch 11 never executed
branch 12 never executed
    #####:  219:	cout<<"Percentage of female population across country  : "<<(total[1]/double(total_pop))*100<<" %"<<endl;
call    0 never executed
branch  1 never executed
branch  2 never executed
call    3 never executed
call    4 never executed
branch  5 never executed
branch  6 never executed
call    7 never executed
branch  8 never executed
branch  9 never executed
call   10 never executed
branch 11 never executed
branch 12 never executed
    #####:  220:	cout<<"Percentage of transgender population across country  : "<<(total[2]/double(total_pop))*100<<" %"<<endl;
call    0 never executed
branch  1 never executed
branch  2 never executed
call    3 never executed
call    4 never executed
branch  5 never executed
branch  6 never executed
call    7 never executed
branch  8 never executed
branch  9 never executed
call   10 never executed
branch 11 never executed
branch 12 never executed
        -:  221:	
    #####:  222:	cout<<endl<<endl<<"**********************************************************************"<<endl;
call    0 never executed
branch  1 never executed
branch  2 never executed
call    3 never executed
branch  4 never executed
branch  5 never executed
call    6 never executed
branch  7 never executed
branch  8 never executed
call    9 never executed
branch 10 never executed
branch 11 never executed
    #####:  223:	system("read n");
call    0 never executed
branch  1 never executed
branch  2 never executed
    #####:  224:	system("clear");
call    0 never executed
branch  1 never executed
branch  2 never executed
        -:  225:				 
    #####:  226:}
        -:  227:
function _ZN6Report20BPL_Zone_Wise_ReportEv called 0 returned 0% blocks executed 0%
    #####:  228:void BPL_Zone_Wise_Report()
        -:  229:{
        -:  230:
    #####:  231:	cout<<"I am in BPL Zone Wise Report"<<endl;
call    0 never executed
branch  1 never executed
branch  2 never executed
call    3 never executed
branch  4 never executed
branch  5 never executed
        -:  232:/*
        -:  233:	int pop_z1=0, pop_z2=0, pop_z3 = 0, total_pop;
        -:  234:	int z1_bpl = 0; 
        -:  235:	int z2_bpl = 0;
        -:  236:	int z3_bpl = 0;
        -:  237:	int total_bpl;
        -:  238:*/
        -:  239:	array<int,3>pop_z; //[pop_z1, pop_z2, pop_z3]
    #####:  240:	pop_z.fill(0);
call    0 never executed
branch  1 never executed
branch  2 never executed
        -:  241:	array<int,3>z_bpl; //[z1_bpl, z2_bpl, z3_bpl]
    #####:  242:	z_bpl.fill(0);
call    0 never executed
branch  1 never executed
branch  2 never executed
    #####:  243:	int total_bpl=0,total_pop=0;
    #####:  244:	for(Citizen c : li)
call    0 never executed
call    1 never executed
call    2 never executed
call    3 never executed
branch  4 never executed
branch  5 never executed
call    6 never executed
call    7 never executed
branch  8 never executed
branch  9 never executed
        -:  245:	{
        -:  246:		//cout<<c.annual_income<<endl;
    #####:  247:		if(c.zone_id == "ZID100")
call    0 never executed
branch  1 never executed
branch  2 never executed
        -:  248:		{
    #####:  249:			pop_z[0]++;
call    0 never executed
    #####:  250:			if(stod(c.annual_income) <100000 )    
call    0 never executed
branch  1 never executed
branch  2 never executed
branch  3 never executed
branch  4 never executed
        -:  251:			{
    #####:  252:				z_bpl[0]++;
call    0 never executed
        -:  253:			}
        -:  254:		}
    #####:  255:		else if(c.zone_id == "ZID200")
call    0 never executed
branch  1 never executed
branch  2 never executed
        -:  256:                {
    #####:  257:                        pop_z[1]++; 
call    0 never executed
    #####:  258:			if(stod(c.annual_income) < 100000 )    
call    0 never executed
branch  1 never executed
branch  2 never executed
branch  3 never executed
branch  4 never executed
        -:  259:			{
    #####:  260:				z_bpl[1]++;
call    0 never executed
        -:  261:			}
        -:  262:		}
        -:  263:		else
        -:  264:		{
    #####:  265:			pop_z[2]++;
call    0 never executed
    #####:  266:			if(stod(c.annual_income) < 100000 )
call    0 never executed
branch  1 never executed
branch  2 never executed
branch  3 never executed
branch  4 never executed
        -:  267:			{
    #####:  268:				z_bpl[2]++;
call    0 never executed
        -:  269:			}
        -:  270:		}
    #####:  271:	}
call    0 never executed
call    1 never executed
        -:  272:	
        -:  273:	//calculations
    #####:  274:	for(int i = 0; i<3; i++)
branch  0 never executed
branch  1 never executed
        -:  275:	{
    #####:  276:		total_pop += pop_z[i];
call    0 never executed
    #####:  277:		total_bpl += z_bpl[i];
call    0 never executed
        -:  278:	}
        -:  279:
    #####:  280:	system("clear");
call    0 never executed
branch  1 never executed
branch  2 never executed
    #####:  281:	cout<<endl<<endl<<"*****************  Below Poverty line Zone Wise  Report  *****************"<<endl<<endl;
call    0 never executed
branch  1 never executed
branch  2 never executed
call    3 never executed
branch  4 never executed
branch  5 never executed
call    6 never executed
branch  7 never executed
branch  8 never executed
call    9 never executed
branch 10 never executed
branch 11 never executed
call   12 never executed
branch 13 never executed
branch 14 never executed
    #####:  282:	cout<<"--------------  Zone 1 ----------------"<<endl<<endl;
call    0 never executed
branch  1 never executed
branch  2 never executed
call    3 never executed
branch  4 never executed
branch  5 never executed
call    6 never executed
branch  7 never executed
branch  8 never executed
    #####:  283:	cout<<"Percentage of below poverty line population   : "<<(z_bpl[0]/double(pop_z[0]))*100<<" %"<<endl;
call    0 never executed
branch  1 never executed
branch  2 never executed
call    3 never executed
call    4 never executed
call    5 never executed
branch  6 never executed
branch  7 never executed
call    8 never executed
branch  9 never executed
branch 10 never executed
call   11 never executed
branch 12 never executed
branch 13 never executed
        -:  284:		
    #####:  285:	cout<<"--------------  Zone 2 ----------------"<<endl<<endl;
call    0 never executed
branch  1 never executed
branch  2 never executed
call    3 never executed
branch  4 never executed
branch  5 never executed
call    6 never executed
branch  7 never executed
branch  8 never executed
    #####:  286:	cout<<"Percentage of below poverty line population   : "<<(z_bpl[1]/double(pop_z[1]))*100<<" %"<<endl;
call    0 never executed
branch  1 never executed
branch  2 never executed
call    3 never executed
call    4 never executed
call    5 never executed
branch  6 never executed
branch  7 never executed
call    8 never executed
branch  9 never executed
branch 10 never executed
call   11 never executed
branch 12 never executed
branch 13 never executed
        -:  287:	
    #####:  288:	cout<<"--------------  Zone 3 ----------------"<<endl<<endl;
call    0 never executed
branch  1 never executed
branch  2 never executed
call    3 never executed
branch  4 never executed
branch  5 never executed
call    6 never executed
branch  7 never executed
branch  8 never executed
    #####:  289:	cout<<"Percentage of below poverty line population   : "<<(z_bpl[2]/double(pop_z[2]))*100<<" %"<<endl;
call    0 never executed
branch  1 never executed
branch  2 never executed
call    3 never executed
call    4 never executed
call    5 never executed
branch  6 never executed
branch  7 never executed
call    8 never executed
branch  9 never executed
branch 10 never executed
call   11 never executed
branch 12 never executed
branch 13 never executed
        -:  290:	
    #####:  291:	cout<<endl<<endl<<endl<<"--------------  Country Dynaland Below Poverty Line(BPL)  Report  ----------------"<<endl<<endl;
call    0 never executed
branch  1 never executed
branch  2 never executed
call    3 never executed
branch  4 never executed
branch  5 never executed
call    6 never executed
branch  7 never executed
branch  8 never executed
call    9 never executed
branch 10 never executed
branch 11 never executed
call   12 never executed
branch 13 never executed
branch 14 never executed
call   15 never executed
branch 16 never executed
branch 17 never executed
    #####:  292:	cout<<"Percentage of BPL population across country  : "<<(total_bpl/double(total_pop))*100<<" %"<<endl;
call    0 never executed
branch  1 never executed
branch  2 never executed
call    3 never executed
branch  4 never executed
branch  5 never executed
call    6 never executed
branch  7 never executed
branch  8 never executed
call    9 never executed
branch 10 never executed
branch 11 never executed
    #####:  293:	cout<<endl<<endl<<"**********************************************************************"<<endl;
call    0 never executed
branch  1 never executed
branch  2 never executed
call    3 never executed
branch  4 never executed
branch  5 never executed
call    6 never executed
branch  7 never executed
branch  8 never executed
call    9 never executed
branch 10 never executed
branch 11 never executed
    #####:  294:	system("read n");
call    0 never executed
branch  1 never executed
branch  2 never executed
    #####:  295:	system("clear");
call    0 never executed
branch  1 never executed
branch  2 never executed
        -:  296:
    #####:  297:}
        -:  298:
function _ZN6Report25Farming_Population_ReportEv called 0 returned 0% blocks executed 0%
    #####:  299:void Farming_Population_Report()
        -:  300:{
        -:  301:
    #####:  302:	cout<<"I am in Farming Population Report"<<endl;
call    0 never executed
branch  1 never executed
branch  2 never executed
call    3 never executed
branch  4 never executed
branch  5 never executed
        -:  303:/*
        -:  304:	int pop_z1=0, pop_z2=0, pop_z3 = 0, total_pop;
        -:  305:	int z1_farmer = 0;
        -:  306:	int z2_farmer = 0;
        -:  307:	int z3_farmer = 0;
        -:  308:	int total_farmer;
        -:  309:	*/
        -:  310:	array<int,3>pop_z; //[pop_z1, pop_z2, pop_z3]
    #####:  311:	pop_z.fill(0);
call    0 never executed
branch  1 never executed
branch  2 never executed
        -:  312:	array<int,3>z_farmer; //[z1_farmer, z2_farmer, z3_farmer]
    #####:  313:	z_farmer.fill(0);
call    0 never executed
branch  1 never executed
branch  2 never executed
    #####:  314:	int total_farmer = 0,total_pop=0;
        -:  315:
    #####:  316:	for(Citizen c : li)
call    0 never executed
call    1 never executed
call    2 never executed
call    3 never executed
branch  4 never executed
branch  5 never executed
call    6 never executed
call    7 never executed
branch  8 never executed
branch  9 never executed
        -:  317:	{
    #####:  318:		if(c.zone_id == "ZID100")
call    0 never executed
branch  1 never executed
branch  2 never executed
        -:  319:		{
    #####:  320:			pop_z[0]++;
call    0 never executed
    #####:  321:			if(c.occupation == "farmer" )    
call    0 never executed
branch  1 never executed
branch  2 never executed
        -:  322:			{
    #####:  323:				z_farmer[0]++;
call    0 never executed
        -:  324:			}
        -:  325:		}
    #####:  326:		else if(c.zone_id == "ZID200")
call    0 never executed
branch  1 never executed
branch  2 never executed
        -:  327:                {
    #####:  328:                        pop_z[1]++; 
call    0 never executed
    #####:  329:			if(c.occupation == "farmer")	
call    0 never executed
branch  1 never executed
branch  2 never executed
        -:  330:			{
    #####:  331:				z_farmer[1]++;
call    0 never executed
        -:  332:			}
        -:  333:		}
        -:  334:		else
        -:  335:		{
    #####:  336:			pop_z[2]++;
call    0 never executed
    #####:  337:			if(c.occupation == "farmer")
call    0 never executed
branch  1 never executed
branch  2 never executed
        -:  338:			{
    #####:  339:				z_farmer[2]++;
call    0 never executed
        -:  340:			}
        -:  341:		}
    #####:  342:	}
call    0 never executed
        -:  343:
        -:  344:	//calculations
    #####:  345:	for(int i = 0; i<3; i++)
branch  0 never executed
branch  1 never executed
        -:  346:         {
        -:  347:	//	 cout<<pop_z[i]<<"   "<<z_farmer[i]<<endl;
    #####:  348:                 total_pop += pop_z[i];
call    0 never executed
    #####:  349:                 total_farmer += z_farmer[i];
call    0 never executed
        -:  350:         }
        -:  351://	cout<<total_pop<<"   "<<total_farmer<<endl;
        -:  352:
        -:  353:
    #####:  354:	system("clear");
call    0 never executed
branch  1 never executed
branch  2 never executed
    #####:  355:	cout<<endl<<endl<<"*****************  Farming Population  Report  *****************"<<endl<<endl;
call    0 never executed
branch  1 never executed
branch  2 never executed
call    3 never executed
branch  4 never executed
branch  5 never executed
call    6 never executed
branch  7 never executed
branch  8 never executed
call    9 never executed
branch 10 never executed
branch 11 never executed
call   12 never executed
branch 13 never executed
branch 14 never executed
    #####:  356:	cout<<"--------------  Zone 1 ----------------"<<endl<<endl;
call    0 never executed
branch  1 never executed
branch  2 never executed
call    3 never executed
branch  4 never executed
branch  5 never executed
call    6 never executed
branch  7 never executed
branch  8 never executed
    #####:  357:	cout<<"Percentage of Farming population   : "<<(z_farmer[0]/double(pop_z[0]))*100<<" %"<<endl;
call    0 never executed
branch  1 never executed
branch  2 never executed
call    3 never executed
call    4 never executed
call    5 never executed
branch  6 never executed
branch  7 never executed
call    8 never executed
branch  9 never executed
branch 10 never executed
call   11 never executed
branch 12 never executed
branch 13 never executed
        -:  358:		
    #####:  359:	cout<<"--------------  Zone 2 ----------------"<<endl<<endl;
call    0 never executed
branch  1 never executed
branch  2 never executed
call    3 never executed
branch  4 never executed
branch  5 never executed
call    6 never executed
branch  7 never executed
branch  8 never executed
    #####:  360:	cout<<"Percentage of Farming population   : "<<(z_farmer[1]/double(pop_z[1]))*100<<" %"<<endl;
call    0 never executed
branch  1 never executed
branch  2 never executed
call    3 never executed
call    4 never executed
call    5 never executed
branch  6 never executed
branch  7 never executed
call    8 never executed
branch  9 never executed
branch 10 never executed
call   11 never executed
branch 12 never executed
branch 13 never executed
        -:  361:	
    #####:  362:	cout<<"--------------  Zone 3 ----------------"<<endl<<endl;
call    0 never executed
branch  1 never executed
branch  2 never executed
call    3 never executed
branch  4 never executed
branch  5 never executed
call    6 never executed
branch  7 never executed
branch  8 never executed
    #####:  363:	cout<<"Percentage of Farming population   : "<<(z_farmer[2]/double(pop_z[2]))*100<<" %"<<endl;
call    0 never executed
branch  1 never executed
branch  2 never executed
call    3 never executed
call    4 never executed
call    5 never executed
branch  6 never executed
branch  7 never executed
call    8 never executed
branch  9 never executed
branch 10 never executed
call   11 never executed
branch 12 never executed
branch 13 never executed
        -:  364:	
    #####:  365:	cout<<endl<<endl<<endl<<"--------------  Country Dynaland Farming Population  Report  ----------------"<<endl<<endl;
call    0 never executed
branch  1 never executed
branch  2 never executed
call    3 never executed
branch  4 never executed
branch  5 never executed
call    6 never executed
branch  7 never executed
branch  8 never executed
call    9 never executed
branch 10 never executed
branch 11 never executed
call   12 never executed
branch 13 never executed
branch 14 never executed
call   15 never executed
branch 16 never executed
branch 17 never executed
    #####:  366:	cout<<"Percentage of Farming population across country  : "<<(total_farmer/double(total_pop))*100<<" %"<<endl;
call    0 never executed
branch  1 never executed
branch  2 never executed
call    3 never executed
branch  4 never executed
branch  5 never executed
call    6 never executed
branch  7 never executed
branch  8 never executed
call    9 never executed
branch 10 never executed
branch 11 never executed
    #####:  367:	cout<<endl<<endl<<"**********************************************************************"<<endl;
call    0 never executed
branch  1 never executed
branch  2 never executed
call    3 never executed
branch  4 never executed
branch  5 never executed
call    6 never executed
branch  7 never executed
branch  8 never executed
call    9 never executed
branch 10 never executed
branch 11 never executed
    #####:  368:	system("read n");
call    0 never executed
branch  1 never executed
branch  2 never executed
    #####:  369:	system("clear");
call    0 never executed
branch  1 never executed
branch  2 never executed
        -:  370:
        -:  371:	
    #####:  372:}
        -:  373:
        -:  374:};
