        -:    0:Source:validation_file.cpp
        -:    0:Graph:main.gcno
        -:    0:Data:main.gcda
        -:    0:Runs:1
        -:    1:#include<iostream>
        -:    2:#include<iomanip>
        -:    3:#include<cctype>
        -:    4:#include<string>
        -:    5:#include<regex>
        -:    6:using namespace std;
        -:    7:
        -:    8:// SSID should be 9 digits, all only digits, 
        -:    9:
        -:   10:
        -:   11://--------------- SSID NUMBER  -----------------------//
        -:   12:
function _Z10check_ssidNSt7__cxx1112basic_stringIcSt11char_traitsIcESaIcEEE called 1 returned 100% blocks executed 52%
        1:   13:int check_ssid(string ssid)
        -:   14:{
        -:   15:
        1:   16:    if(ssid.length() == 0)
call    0 returned 1
branch  1 taken 0 (fallthrough)
branch  2 taken 1
        -:   17:    {
    #####:   18:        cout<<"ssid cannot be blank"<<endl;
call    0 never executed
call    1 never executed
    #####:   19:        return 0;
        -:   20:    }
        1:   21:    if(isblank(ssid[0]))
call    0 returned 1
branch  1 taken 0 (fallthrough)
branch  2 taken 1
        -:   22:    {
    #####:   23:        cout<<"ssid cannot start with blank space"<<endl;
call    0 never executed
call    1 never executed
    #####:   24:        return 0;
        -:   25:    }
        1:   26:	if(ssid.length() != 9)
call    0 returned 1
branch  1 taken 0 (fallthrough)
branch  2 taken 1
        -:   27:	{
    #####:   28:		cout<<endl<<"SSID number length should be 9."<<endl;
call    0 never executed
call    1 never executed
call    2 never executed
    #####:   29:		return 0;
        -:   30:	}
        -:   31:
       10:   32:	for(int i = 0; i<ssid.length(); i++)
call    0 returned 10
branch  1 taken 9
branch  2 taken 1 (fallthrough)
        -:   33:	{
        9:   34:		if(!isdigit(ssid[i]))
call    0 returned 9
branch  1 taken 0 (fallthrough)
branch  2 taken 9
        -:   35:		{
    #####:   36:			cout<<"SSID should have only numbers." <<endl;
call    0 never executed
call    1 never executed
    #####:   37:			return 0;
        -:   38:		}
        -:   39:	}
        1:   40:	return 1;
        -:   41:}
        -:   42:
        -:   43://-------------------- checking Zone ID -----------------------
        -:   44:
function _Z12check_zoneidNSt7__cxx1112basic_stringIcSt11char_traitsIcESaIcEEE called 0 returned 0% blocks executed 0%
    #####:   45:int check_zoneid(string zoneid)
        -:   46:{
        -:   47:
    #####:   48:    if(zoneid.length() == 0)
call    0 never executed
branch  1 never executed
branch  2 never executed
        -:   49:    {
    #####:   50:        cout<<"Zone ID cannot be blank"<<endl;
call    0 never executed
call    1 never executed
    #####:   51:        return 0;
        -:   52:    }
    #####:   53:    if(isblank(zoneid[0]))
call    0 never executed
branch  1 never executed
branch  2 never executed
        -:   54:    {
    #####:   55:        cout<<"Zone ID cannot start with blank space"<<endl;
call    0 never executed
call    1 never executed
    #####:   56:        return 0;
        -:   57:    }
    #####:   58:        if(zoneid.length() != 6)
call    0 never executed
branch  1 never executed
branch  2 never executed
        -:   59:        {
    #####:   60:                cout<<endl<<"Length Zone ID should be 6."<<endl;
call    0 never executed
call    1 never executed
call    2 never executed
    #####:   61:                return 0;
        -:   62:        }
        -:   63:
    #####:   64:	if(zoneid != "ZID100" && zoneid != "ZID200" && zoneid != "ZID300")
call    0 never executed
branch  1 never executed
branch  2 never executed
call    3 never executed
branch  4 never executed
branch  5 never executed
call    6 never executed
branch  7 never executed
branch  8 never executed
branch  9 never executed
branch 10 never executed
        -:   65:	{
    #####:   66:		cout<<"Invalid Zone ID! (It should be ZID100 or ZID200 or ZID300"<<endl;
call    0 never executed
call    1 never executed
    #####:   67:		return 0;
        -:   68:	}
        -:   69:
        -:   70:                
    #####:   71:        return 1;
        -:   72:}
        -:   73:
        -:   74:
        -:   75:
        -:   76://----------------------- NAME -------------------------------//
        -:   77:
function _Z10check_nameNSt7__cxx1112basic_stringIcSt11char_traitsIcESaIcEEE called 1 returned 100% blocks executed 57%
        1:   78:int check_name(string name)
        -:   79:{
        -:   80:	
        1:   81:    if(name.length() == 0)
call    0 returned 1
branch  1 taken 0 (fallthrough)
branch  2 taken 1
        -:   82:    {
    #####:   83:        cout<<"Name cannot be blank"<<endl;
call    0 never executed
call    1 never executed
    #####:   84:        return 0;
        -:   85:    }
        1:   86:    if(isblank(name[0]))
call    0 returned 1
branch  1 taken 0 (fallthrough)
branch  2 taken 1
        -:   87:    {
    #####:   88:        cout<<"Name cannot start with blank space"<<endl;
call    0 never executed
call    1 never executed
    #####:   89:        return 0;
        -:   90:    }
        5:   91:	for(int i = 0; i<name.length(); i++)
call    0 returned 5
branch  1 taken 4
branch  2 taken 1 (fallthrough)
        -:   92:	{
        4:   93:		if(!isalpha(name[i]))
call    0 returned 4
branch  1 taken 0 (fallthrough)
branch  2 taken 4
        -:   94:		{
    #####:   95:			cout<<"Enter a valid name. (It should only contain alphabets)"<<endl;
call    0 never executed
call    1 never executed
    #####:   96:			return 0;
        -:   97:		}
        -:   98:	}
        1:   99:	return 1;
        -:  100:}
        -:  101:
        -:  102:
        -:  103:
        -:  104://------------------------AGE------------------------------//
        -:  105:
        -:  106:
function _Z9check_ageNSt7__cxx1112basic_stringIcSt11char_traitsIcESaIcEEE called 1 returned 100% blocks executed 58%
        1:  107:int check_age(string age)
        -:  108:{
        -:  109:	
        1:  110:    if(age.length() == 0)
call    0 returned 1
branch  1 taken 0 (fallthrough)
branch  2 taken 1
        -:  111:    {
    #####:  112:        cout<<"age cannot be blank"<<endl;
call    0 never executed
call    1 never executed
    #####:  113:        return 0;
        -:  114:    }
        1:  115:    if(isblank(age[0]))
call    0 returned 1
branch  1 taken 0 (fallthrough)
branch  2 taken 1
        -:  116:    {
    #####:  117:        cout<<"age cannot start with blank space"<<endl;
call    0 never executed
call    1 never executed
    #####:  118:        return 0;
        -:  119:    }
        3:  120:	for(int i = 0; i<age.length(); i++)
call    0 returned 3
branch  1 taken 2
branch  2 taken 1 (fallthrough)
        -:  121:	{
        2:  122:		if(!isdigit(age[i]))
call    0 returned 2
branch  1 taken 0 (fallthrough)
branch  2 taken 2
        -:  123:		{
    #####:  124:			cout<<"Enter a valid Age! (It should only include numbers)"<<endl;
call    0 never executed
call    1 never executed
    #####:  125:			return 0;
        -:  126:		}
        -:  127:	}
        -:  128:
       1*:  129:	if(stod(age)<1 || stod(age)>120)
call    0 returned 1
branch  1 taken 1 (fallthrough)
branch  2 taken 0
call    3 returned 1
branch  4 taken 0 (fallthrough)
branch  5 taken 1
branch  6 taken 0 (fallthrough)
branch  7 taken 1
        -:  130:	{
    #####:  131:		cout << "Enter a valid Age! (In the range of 1 to 120) " <<endl;
call    0 never executed
call    1 never executed
        -:  132:	
    #####:  133:		return 0;
        -:  134:	}
        1:  135:	return 1;
        -:  136:}
        -:  137:
        -:  138:
        -:  139:
        -:  140://------------------------GENDER----------------------------//
        -:  141:
function _Z12check_genderNSt7__cxx1112basic_stringIcSt11char_traitsIcESaIcEEE called 1 returned 100% blocks executed 41%
        1:  142:int check_gender(string gender)
        -:  143:{
        -:  144:	
        1:  145:    if(gender.length() == 0)
call    0 returned 1
branch  1 taken 0 (fallthrough)
branch  2 taken 1
        -:  146:    {
    #####:  147:        cout<<"gender cannot be blank"<<endl;
call    0 never executed
call    1 never executed
    #####:  148:        return 0;
        -:  149:    }
        1:  150:    if(isblank(gender[0]))
call    0 returned 1
branch  1 taken 0 (fallthrough)
branch  2 taken 1
        -:  151:    {
    #####:  152:        cout<<"gender cannot start with blank space"<<endl;
call    0 never executed
call    1 never executed
    #####:  153:        return 0;
        -:  154:    }
        2:  155:	for(int i = 0; i<gender.length(); i++)
call    0 returned 2
branch  1 taken 1
branch  2 taken 1 (fallthrough)
        -:  156:	{
        1:  157:		if(!isalpha(gender[i]))
call    0 returned 1
branch  1 taken 0 (fallthrough)
branch  2 taken 1
        -:  158:		{
    #####:  159:			cout<<"Enter a valid gender!  ( m : male/ f : female / t : transgender ) "<<endl;
call    0 never executed
call    1 never executed
    #####:  160:			return 0;
        -:  161:		}
        -:  162:	}
       1*:  163:	if(gender !="m" && gender != "f" && gender != "t" && gender != "M" && gender != "F" && gender != "T")
call    0 returned 1
branch  1 taken 0 (fallthrough)
branch  2 taken 1
call    3 never executed
branch  4 never executed
branch  5 never executed
call    6 never executed
branch  7 never executed
branch  8 never executed
call    9 never executed
branch 10 never executed
branch 11 never executed
call   12 never executed
branch 13 never executed
branch 14 never executed
call   15 never executed
branch 16 never executed
branch 17 never executed
branch 18 taken 0 (fallthrough)
branch 19 taken 1
        -:  164:	{
    #####:  165:		cout << "Enter a valid gender!  ( m : male / f : female / t : transgender )" << endl;
call    0 never executed
call    1 never executed
    #####:  166:		return 0;
        -:  167:	}
        1:  168:	return 1;
        -:  169:}
        -:  170:
        -:  171://-------------------------ANNUAL INCOME-----------------------------//
        -:  172:
        -:  173:
function _Z19check_annual_incomeNSt7__cxx1112basic_stringIcSt11char_traitsIcESaIcEEE called 1 returned 100% blocks executed 54%
        1:  174:int check_annual_income(string annual_income)
        -:  175:{
        -:  176:	
        1:  177:    if(annual_income.length() == 0)
call    0 returned 1
branch  1 taken 0 (fallthrough)
branch  2 taken 1
        -:  178:    {
    #####:  179:        cout<<"Annual income cannot be blank"<<endl;
call    0 never executed
call    1 never executed
    #####:  180:        return 0;
        -:  181:    }
        1:  182:    if(isblank(annual_income[0]))
call    0 returned 1
branch  1 taken 0 (fallthrough)
branch  2 taken 1
        -:  183:    {
    #####:  184:        cout<<"Annual income cannot start with blank space"<<endl;
call    0 never executed
call    1 never executed
    #####:  185:        return 0;
        -:  186:    }
       11:  187:	for(int i = 0; i<annual_income.length(); i++)
call    0 returned 11
branch  1 taken 10
branch  2 taken 1 (fallthrough)
        -:  188:	{
       10:  189:		if(!isdigit(annual_income[i]))
call    0 returned 10
branch  1 taken 0 (fallthrough)
branch  2 taken 10
        -:  190:		{
    #####:  191:			cout<<"Annual Income should only contain numbers!"<<endl;
call    0 never executed
call    1 never executed
    #####:  192:			return 0;
        -:  193:		}
        -:  194:
        -:  195:	}
        1:  196:	if (stod(annual_income) <1000)
call    0 returned 1
branch  1 taken 0 (fallthrough)
branch  2 taken 1
        -:  197:	{
    #####:  198:		cout << "Enter a valid Annual Income! (Annual income cannot be less than 1000)" << endl;
call    0 never executed
call    1 never executed
        -:  199:
    #####:  200:		return 0;
        -:  201:	}
        -:  202:
        1:  203:return 1;
        -:  204:}
        -:  205://-----------------------------OCCUPATION------------------------//
        -:  206:
function _Z16check_occupationNSt7__cxx1112basic_stringIcSt11char_traitsIcESaIcEEE called 1 returned 100% blocks executed 57%
        1:  207:int check_occupation(string occupation)
        -:  208:{
        -:  209:	
        1:  210:    if(occupation.length() == 0)
call    0 returned 1
branch  1 taken 0 (fallthrough)
branch  2 taken 1
        -:  211:    {
    #####:  212:        cout<<"occupation cannot be blank"<<endl;
call    0 never executed
call    1 never executed
    #####:  213:        return 0;
        -:  214:    }
        1:  215:    if(isblank(occupation[0]))
call    0 returned 1
branch  1 taken 0 (fallthrough)
branch  2 taken 1
        -:  216:    {
    #####:  217:        cout<<"occupation cannot start with blank space"<<endl;
call    0 never executed
call    1 never executed
    #####:  218:        return 0;
        -:  219:    }
        3:  220:	for(int i = 0; i<occupation.length(); i++)
call    0 returned 3
branch  1 taken 2
branch  2 taken 1 (fallthrough)
        -:  221:	{
        2:  222:		if(!isalpha(occupation[i]))
call    0 returned 2
branch  1 taken 0 (fallthrough)
branch  2 taken 2
        -:  223:		{
    #####:  224:			cout<<"Occupation field should only consists of alphabets!"<<endl;
call    0 never executed
call    1 never executed
    #####:  225:			return 0;
        -:  226:		}
        -:  227:	}
        1:  228:	return 1;
        -:  229:}
        -:  230:
        -:  231://--------------------------QUALIFICATION----------------------------//
        -:  232:
function _Z19check_qualificationNSt7__cxx1112basic_stringIcSt11char_traitsIcESaIcEEE called 1 returned 100% blocks executed 57%
        1:  233:int check_qualification(string qualification)
        -:  234:{
        -:  235:	
        1:  236:    if(qualification.length() == 0)
call    0 returned 1
branch  1 taken 0 (fallthrough)
branch  2 taken 1
        -:  237:    {
    #####:  238:        cout<<"qualification cannot be blank"<<endl;
call    0 never executed
call    1 never executed
    #####:  239:        return 0;
        -:  240:    }
        1:  241:    if(isblank(qualification[0]))
call    0 returned 1
branch  1 taken 0 (fallthrough)
branch  2 taken 1
        -:  242:    {
    #####:  243:        cout<<"qualification cannot start with blank space"<<endl;
call    0 never executed
call    1 never executed
    #####:  244:        return 0;
        -:  245:    }
        5:  246:	for(int i = 0; i<qualification.length(); i++)
call    0 returned 5
branch  1 taken 4
branch  2 taken 1 (fallthrough)
        -:  247:	{
        4:  248:		if(!isalpha(qualification[i]))
call    0 returned 4
branch  1 taken 0 (fallthrough)
branch  2 taken 4
        -:  249:		{
    #####:  250:			cout<<"Qualification field should have only alphabets!"<<endl;
call    0 never executed
call    1 never executed
    #####:  251:			return 0;
        -:  252:		}
        -:  253:	}
        1:  254:	return 1;
        -:  255:}
        -:  256://-------------------------HOUSETYPE-----------------------------//
        -:  257:
function _Z16check_house_typeNSt7__cxx1112basic_stringIcSt11char_traitsIcESaIcEEE called 1 returned 100% blocks executed 46%
        1:  258:int check_house_type(string house_type)
        -:  259:{
        -:  260:	
        1:  261:    if(house_type.length() == 0)
call    0 returned 1
branch  1 taken 0 (fallthrough)
branch  2 taken 1
        -:  262:    {
    #####:  263:        cout<<"house type cannot be blank"<<endl;
call    0 never executed
call    1 never executed
    #####:  264:        return 0;
        -:  265:    }
        1:  266:    if(isblank(house_type[0]))
call    0 returned 1
branch  1 taken 0 (fallthrough)
branch  2 taken 1
        -:  267:    {
    #####:  268:        cout<<"house type cannot start with blank space"<<endl;
call    0 never executed
call    1 never executed
    #####:  269:        return 0;
        -:  270:    }
        2:  271:	for(int i = 0; i<house_type.length(); i++)
call    0 returned 2
branch  1 taken 1
branch  2 taken 1 (fallthrough)
        -:  272:	{
        1:  273:		if(!isalpha(house_type[i]))
call    0 returned 1
branch  1 taken 0 (fallthrough)
branch  2 taken 1
        -:  274:		{
    #####:  275:			cout<<"House type field should have only alphabets!"<<endl;
call    0 never executed
call    1 never executed
    #####:  276:			return 0;
        -:  277:		}
        -:  278:	}
       1*:  279:	if (house_type != "o" && house_type != "r" && house_type != "O" && house_type != "R")
call    0 returned 1
branch  1 taken 0 (fallthrough)
branch  2 taken 1
call    3 never executed
branch  4 never executed
branch  5 never executed
call    6 never executed
branch  7 never executed
branch  8 never executed
call    9 never executed
branch 10 never executed
branch 11 never executed
branch 12 taken 0 (fallthrough)
branch 13 taken 1
        -:  280:	{
    #####:  281:		cout << "Enter your valid house type!  ( o : own or r : rented ) " << endl;
call    0 never executed
call    1 never executed
    #####:  282:		return 0;
        -:  283:	}
        -:  284:
        1:  285:	return 1;
        -:  286:}
        -:  287:
        -:  288:
        -:  289://---------------------------NUMBER OF DEPENDENTS---------------------------/
        -:  290:
function _Z16check_dependantsNSt7__cxx1112basic_stringIcSt11char_traitsIcESaIcEEE called 1 returned 100% blocks executed 58%
        1:  291:int check_dependants(string dependants)
        -:  292:{
        -:  293:	
        1:  294:    if(dependants.length() == 0)
call    0 returned 1
branch  1 taken 0 (fallthrough)
branch  2 taken 1
        -:  295:    {
    #####:  296:        cout<<"dependants cannot be blank"<<endl;
call    0 never executed
call    1 never executed
    #####:  297:        return 0;
        -:  298:    }
        1:  299:    if(isblank(dependants[0]))
call    0 returned 1
branch  1 taken 0 (fallthrough)
branch  2 taken 1
        -:  300:    {
    #####:  301:        cout<<"dependants cannot start with blank space"<<endl;
call    0 never executed
call    1 never executed
    #####:  302:        return 0;
        -:  303:    }
        2:  304:	for(int i = 0; i<dependants.length(); i++)
call    0 returned 2
branch  1 taken 1
branch  2 taken 1 (fallthrough)
        -:  305:	{
        1:  306:		if(!isdigit(dependants[i]))
call    0 returned 1
branch  1 taken 0 (fallthrough)
branch  2 taken 1
        -:  307:		{
    #####:  308:			cout<<"The Dependants field can only contain numeric values.  "<<endl;
call    0 never executed
call    1 never executed
    #####:  309:			return 0;
        -:  310:		}
        -:  311:	}
       1*:  312:	if(stod(dependants)<1 || stod(dependants)>20)
call    0 returned 1
branch  1 taken 1 (fallthrough)
branch  2 taken 0
call    3 returned 1
branch  4 taken 0 (fallthrough)
branch  5 taken 1
branch  6 taken 0 (fallthrough)
branch  7 taken 1
        -:  313:	{
    #####:  314:		cout << "Enter a valid Age! (In the range of 1 to 20) " <<endl;
call    0 never executed
call    1 never executed
        -:  315:	
    #####:  316:		return 0;
        -:  317:	}
        1:  318:	return 1;
        -:  319:}
        -:  320://----------------------------AREA TYPE--------------------------//
        -:  321:
function _Z15check_area_typeNSt7__cxx1112basic_stringIcSt11char_traitsIcESaIcEEE called 1 returned 100% blocks executed 51%
        1:  322:int check_area_type(string area_type)
        -:  323:{
        -:  324:	
        1:  325:    if(area_type.length() == 0)
call    0 returned 1
branch  1 taken 0 (fallthrough)
branch  2 taken 1
        -:  326:    {
    #####:  327:        cout<<"Area type cannot be blank"<<endl;
call    0 never executed
call    1 never executed
    #####:  328:        return 0;
        -:  329:    }
        1:  330:    if(isblank(area_type[0]))
call    0 returned 1
branch  1 taken 0 (fallthrough)
branch  2 taken 1
        -:  331:    {
    #####:  332:        cout<<"Area type cannot start with blank space"<<endl;
call    0 never executed
call    1 never executed
    #####:  333:        return 0;
        -:  334:    }
        2:  335:	for(int i = 0; i<area_type.length(); i++)
call    0 returned 2
branch  1 taken 1
branch  2 taken 1 (fallthrough)
        -:  336:	{
        1:  337:		if(!isalpha(area_type[i]))
call    0 returned 1
branch  1 taken 0 (fallthrough)
branch  2 taken 1
        -:  338:		{
    #####:  339:			cout<<"Area type field should consists only alphabets!"<<endl;
call    0 never executed
call    1 never executed
    #####:  340:			return 0;
        -:  341:		}
        -:  342:	}
       1*:  343:	if (area_type != "u" && area_type != "r" && area_type != "U" && area_type != "R")
call    0 returned 1
branch  1 taken 1 (fallthrough)
branch  2 taken 0
call    3 returned 1
branch  4 taken 0 (fallthrough)
branch  5 taken 1
call    6 never executed
branch  7 never executed
branch  8 never executed
call    9 never executed
branch 10 never executed
branch 11 never executed
branch 12 taken 0 (fallthrough)
branch 13 taken 1
        -:  344:	{
    #####:  345:		cout << "Enter your valid area type!  ( u : urban or r : rural ) " << endl;
call    0 never executed
call    1 never executed
    #####:  346:		return 0;
        -:  347:	}
        -:  348:
        1:  349:	return 1;
        -:  350:}
        -:  351:
        -:  352:
        -:  353://------------------  END  -------------------------------------------------------//
        -:  354:
        -:  355:
        -:  356:
        -:  357:
        -:  358:
        -:  359:
        -:  360:
        -:  361:
        -:  362:
        -:  363:
        -:  364:
        -:  365:
        -:  366:
        -:  367:
        -:  368:
        -:  369:
        -:  370:/*
        -:  371:
        -:  372:
        -:  373:int check_Student_register_number(string register_number)
        -:  374:{
        -:  375:	if(register_number.length() != 6)
        -:  376:	{
        -:  377:		cout<<endl<<"Register Number length should be 6"<<endl;
        -:  378:		return 0;
        -:  379:	}
        -:  380:	if( register_number[0] != 'U' || register_number[1] != 'S')
        -:  381:	{
        -:  382:		cout<<"First two characters of student register number should be US"<<endl;
        -:  383:		return 0;
        -:  384:	}
        -:  385:	for(int i = 2; i<6; i++)
        -:  386:	{
        -:  387:		if(isdigit(register_number[i]) != 1)
        -:  388:		{
        -:  389:			cout<<"The last four characters should be integers"<<endl;
        -:  390:			return 0;
        -:  391:		}
        -:  392:	}
        -:  393:	return 1;
        -:  394:}
        -:  395:
        -:  396:int check_number(string number)
        -:  397:{
        -:  398:	
        -:  399:	for(int i = 0; i<number.length(); i++)
        -:  400:	{
        -:  401:		if(!isdigit(number[i]))
        -:  402:		{
        -:  403:			cout<<"The field should be only integers"<<endl;
        -:  404:			return 0;
        -:  405:		}
        -:  406:	}
        -:  407:	return 1;
        -:  408:}
        -:  409:
        -:  410:int check_string(string s)
        -:  411:{
        -:  412:	
        -:  413:	for(int i = 0; i<s.length(); i++)
        -:  414:	{
        -:  415:		if(!isalpha(s[i]))
        -:  416:		{
        -:  417:			cout<<"The field should be only alphabets"<<endl;
        -:  418:			return 0;
        -:  419:		}
        -:  420:	}
        -:  421:	return 1;
        -:  422:}
        -:  423:
        -:  424:int check_length(string s, int size)
        -:  425:{
        -:  426:	if((s.length()<size) || (s.length()>size))
        -:  427:	{
        -:  428:		cout<<"This field should have length equal to "<<size<<endl;
        -:  429:		return 0;
        -:  430:	}
        -:  431:	return 1;
        -:  432:}
        -:  433:
        -:  434:*/
        -:  435:
        -:  436:
