        -:    0:Source:class.hpp
        -:    0:Graph:main.gcno
        -:    0:Data:main.gcda
        -:    0:Runs:1
        -:    1:#ifndef CLASS_H
        -:    2:#define CLASS_H
        -:    3:#include<list>
        -:    4:#include<iostream>
        -:    5:#include<string>
        -:    6:#include<thread>
        -:    7:#include<mutex>
        -:    8:
        -:    9:using namespace std;
        -:   10:class Citizen
        -:   11:{
        -:   12:	private:
        -:   13:		string zone_id;
        -:   14:		string ssid;
        -:   15:		string name;
        -:   16:		string age;
        -:   17:		string gender;
        -:   18:		string address;
        -:   19:		string qualification;
        -:   20:		string literate;
        -:   21:		string occupation;
        -:   22:		string annual_income;
        -:   23:		string no_of_dependants;
        -:   24:		string house_type;
        -:   25:		string area_type;
        -:   26:	
        -:   27:	public:
        -:   28:		friend class Report;
        -:   29:		friend class Query;
        -:   30:		void Citizen_Data_Create(string);
        -:   31:		void Initial_Create(string,string,string,string,string,string,string,string,string,string,string,string,string);
        -:   32:		void Citizen_Data_View();
        -:   33:		void Citizen_Data_Modify(string);
function _ZN7Citizen11ret_zone_idB5cxx11Ev called 76 returned 100% blocks executed 100%
       76:   34:		string ret_zone_id()
        -:   35:		{
       76:   36:			return zone_id;
call    0 returned 76
        -:   37:		}
function _ZN7Citizen8ret_ssidB5cxx11Ev called 91 returned 100% blocks executed 100%
       91:   38:		string ret_ssid()
        -:   39:		{
       91:   40:			return ssid;
call    0 returned 91
        -:   41:		}
        -:   42:		
        -:   43:};
        -:   44:
        -:   45:list<Citizen> li;
        -:   46:mutex li_mutex;
        -:   47:
        -:   48:class Authenticate
        -:   49:{
        -:   50:	private:
        -:   51:		string admin_id;
        -:   52:		string password;
        -:   53:	public:
        -:   54:		//friend class Change;
        -:   55:		int create_account(string,string);
        -:   56:		string get_admin_id();
        -:   57:		string get_password();
        -:   58:		int put_admin_id(string);
        -:   59:		int put_password(string);
        -:   60:
        -:   61:};
        -:   62:
        -:   63:list<Authenticate> aut;
        -:   64:
        -:   65:#endif
        -:   66:
        -:   67:
        -:   68:
        -:   69:
        -:   70:
        -:   71:
