        -:    0:Source:zone_rel.cpp
        -:    0:Graph:main.gcno
        -:    0:Data:main.gcda
        -:    0:Runs:1
        -:    1:#include<iostream>
        -:    2:#include<string>
        -:    3:#include "class.hpp"
        -:    4:#include "class_functions.cpp"
        -:    5:using namespace std;
        -:    6:
        -:    7:
function _Z23Zone_1_Citizen_Registerv called 1 returned 100% blocks executed 69%
        1:    8:int Zone_1_Citizen_Register()
        -:    9:{
        1:   10:	Citizen ct1;
call    0 returned 1
        1:   11:	ct1.Citizen_Data_Create("ZID100");
call    0 returned 1
call    1 returned 1
branch  2 taken 1 (fallthrough)
branch  3 taken 0 (throw)
call    4 returned 1
branch  5 taken 1 (fallthrough)
branch  6 taken 0 (throw)
call    7 returned 1
call    8 returned 1
call    9 never executed
call   10 never executed
        1:   12:	cout<<endl<<endl<<"I am in Zone 1"<<endl<<endl;
call    0 returned 1
branch  1 taken 1 (fallthrough)
branch  2 taken 0 (throw)
call    3 returned 1
branch  4 taken 1 (fallthrough)
branch  5 taken 0 (throw)
call    6 returned 1
branch  7 taken 1 (fallthrough)
branch  8 taken 0 (throw)
call    9 returned 1
branch 10 taken 1 (fallthrough)
branch 11 taken 0 (throw)
call   12 returned 1
branch 13 taken 1 (fallthrough)
branch 14 taken 0 (throw)
        1:   13:	li_mutex.lock();
call    0 returned 1
branch  1 taken 1 (fallthrough)
branch  2 taken 0 (throw)
        1:   14:	li.push_back(ct1);
call    0 returned 1
branch  1 taken 1 (fallthrough)
branch  2 taken 0 (throw)
        1:   15:	li_mutex.unlock();
call    0 returned 1
        1:   16:	return EXIT_SUCCESS;
        1:   17:}
call    0 returned 1
call    1 never executed
        -:   18:
        -:   19:
function _Z23Zone_2_Citizen_Registerv called 0 returned 0% blocks executed 0%
    #####:   20:int Zone_2_Citizen_Register()
        -:   21:{
    #####:   22:	Citizen ct2;
call    0 never executed
    #####:   23:	ct2.Citizen_Data_Create("ZID200");
call    0 never executed
call    1 never executed
branch  2 never executed
branch  3 never executed
call    4 never executed
branch  5 never executed
branch  6 never executed
call    7 never executed
call    8 never executed
call    9 never executed
call   10 never executed
    #####:   24:	cout<<endl<<endl<<"I am in Zone 2"<<endl<<endl;
call    0 never executed
branch  1 never executed
branch  2 never executed
call    3 never executed
branch  4 never executed
branch  5 never executed
call    6 never executed
branch  7 never executed
branch  8 never executed
call    9 never executed
branch 10 never executed
branch 11 never executed
call   12 never executed
branch 13 never executed
branch 14 never executed
    #####:   25:	li_mutex.lock();
call    0 never executed
branch  1 never executed
branch  2 never executed
    #####:   26:	li.push_back(ct2);
call    0 never executed
branch  1 never executed
branch  2 never executed
    #####:   27:	li_mutex.unlock();
call    0 never executed
    #####:   28:	return EXIT_SUCCESS;
        -:   29:
    #####:   30:}
call    0 never executed
call    1 never executed
        -:   31:
        -:   32:
function _Z23Zone_3_Citizen_Registerv called 0 returned 0% blocks executed 0%
    #####:   33:int Zone_3_Citizen_Register()
        -:   34:{
    #####:   35:	Citizen ct3;
call    0 never executed
    #####:   36:	ct3.Citizen_Data_Create("ZID300");
call    0 never executed
call    1 never executed
branch  2 never executed
branch  3 never executed
call    4 never executed
branch  5 never executed
branch  6 never executed
call    7 never executed
call    8 never executed
call    9 never executed
call   10 never executed
    #####:   37:	cout<<endl<<endl<<"I am in Zone 3"<<endl<<endl;
call    0 never executed
branch  1 never executed
branch  2 never executed
call    3 never executed
branch  4 never executed
branch  5 never executed
call    6 never executed
branch  7 never executed
branch  8 never executed
call    9 never executed
branch 10 never executed
branch 11 never executed
call   12 never executed
branch 13 never executed
branch 14 never executed
    #####:   38:	li_mutex.lock();
call    0 never executed
branch  1 never executed
branch  2 never executed
    #####:   39:	li.push_back(ct3);
call    0 never executed
branch  1 never executed
branch  2 never executed
    #####:   40:	li_mutex.unlock();
call    0 never executed
    #####:   41:	return EXIT_SUCCESS;
        -:   42:
    #####:   43:}
call    0 never executed
call    1 never executed
