        -:    0:Source:central_rel.cpp
        -:    0:Graph:main.gcno
        -:    0:Data:main.gcda
        -:    0:Runs:1
        -:    1:#include<iostream>
        -:    2:#include "change_menu.cpp"
        -:    3:#include "data_maintainance_menu.cpp"
        -:    4:#include "report_menu.cpp"
        -:    5:#include "queries_menu.cpp"
        -:    6:using namespace std;
        -:    7:
function _Z18Change_id_passwordv called 0 returned 0% blocks executed 0%
    #####:    8:int Change_id_password()
        -:    9:{
    #####:   10:	Change chg;
call    0 never executed
    #####:   11:	system("clear");
call    0 never executed
branch  1 never executed
branch  2 never executed
    #####:   12:	string temp;
call    0 never executed
    #####:   13:	string ch = "a";
call    0 never executed
call    1 never executed
branch  2 never executed
branch  3 never executed
    #####:   14:	while(ch != "3")
call    0 never executed
branch  1 never executed
branch  2 never executed
branch  3 never executed
branch  4 never executed
        -:   15:	{
        -:   16:
    #####:   17:		cout<<endl<<endl<<"--------- Select the option : What you want to change ----------"<<endl<<endl;
call    0 never executed
branch  1 never executed
branch  2 never executed
call    3 never executed
branch  4 never executed
branch  5 never executed
call    6 never executed
branch  7 never executed
branch  8 never executed
call    9 never executed
branch 10 never executed
branch 11 never executed
call   12 never executed
branch 13 never executed
branch 14 never executed
    #####:   18:		cout<<endl<<"1. Change Admin ID"<<endl<<"2. Change Password"<<endl<<"3. <-Back"<<endl;
call    0 never executed
branch  1 never executed
branch  2 never executed
call    3 never executed
branch  4 never executed
branch  5 never executed
call    6 never executed
branch  7 never executed
branch  8 never executed
call    9 never executed
branch 10 never executed
branch 11 never executed
call   12 never executed
branch 13 never executed
branch 14 never executed
call   15 never executed
branch 16 never executed
branch 17 never executed
call   18 never executed
branch 19 never executed
branch 20 never executed
        -:   19:
    #####:   20:		cin.clear();
call    0 never executed
branch  1 never executed
branch  2 never executed
    #####:   21:		getline(cin,ch);
call    0 never executed
branch  1 never executed
branch  2 never executed
        -:   22:		try{
    #####:   23:			if(ch.length() != 1)
call    0 never executed
branch  1 never executed
branch  2 never executed
        -:   24:			{
    #####:   25:				throw ch;
call    0 never executed
call    1 never executed
branch  2 never executed
branch  3 never executed
call    4 never executed
call    5 never executed
        -:   26:			}
        -:   27:		}
    =====:   28:		catch(string a)
branch  0 never executed
branch  1 never executed
call    2 never executed
call    3 never executed
        -:   29:		{
    =====:   30:			cout<<"Enter a single digit only"<<endl;
call    0 never executed
branch  1 never executed
branch  2 never executed
call    3 never executed
branch  4 never executed
branch  5 never executed
    =====:   31:			continue;
    =====:   32:		}
call    0 never executed
call    1 never executed
branch  2 never executed
branch  3 never executed
call    4 never executed
call    5 never executed
        -:   33:		try{
    #####:   34:			if(isblank(ch[0]))
call    0 never executed
branch  1 never executed
branch  2 never executed
branch  3 never executed
branch  4 never executed
        -:   35:			{
    #####:   36:				throw ch;
call    0 never executed
call    1 never executed
branch  2 never executed
branch  3 never executed
call    4 never executed
call    5 never executed
        -:   37:			}
        -:   38:		}
    =====:   39:		catch(string b)
branch  0 never executed
branch  1 never executed
call    2 never executed
call    3 never executed
        -:   40:		{
    =====:   41:			cout<<"choice cannot be blank"<<endl;
call    0 never executed
branch  1 never executed
branch  2 never executed
call    3 never executed
branch  4 never executed
branch  5 never executed
    =====:   42:			continue;
    =====:   43:		}
call    0 never executed
call    1 never executed
branch  2 never executed
branch  3 never executed
call    4 never executed
call    5 never executed
        -:   44:		try{
    #####:   45:			if(isalpha(ch[0]))
call    0 never executed
branch  1 never executed
branch  2 never executed
branch  3 never executed
branch  4 never executed
        -:   46:			{
    #####:   47:				throw ch;
call    0 never executed
call    1 never executed
branch  2 never executed
branch  3 never executed
call    4 never executed
call    5 never executed
        -:   48:			}
        -:   49:
        -:   50:
    #####:   51:			switch(ch[0])
call    0 never executed
branch  1 never executed
branch  2 never executed
branch  3 never executed
branch  4 never executed
branch  5 never executed
branch  6 never executed
        -:   52:			{
    #####:   53:				case '1' :{ chg.Change_id();
call    0 never executed
branch  1 never executed
branch  2 never executed
    #####:   54:					getline(cin,temp);}
call    0 never executed
branch  1 never executed
branch  2 never executed
    #####:   55:					 break;
    #####:   56:				case '2' : {chg.Change_password();
call    0 never executed
branch  1 never executed
branch  2 never executed
    #####:   57:					getline(cin,temp);}
call    0 never executed
branch  1 never executed
branch  2 never executed
    #####:   58:					 break;
    #####:   59:				case '3' : break;
    #####:   60:				default: cout<<"Invalid Choice!"<<endl;
call    0 never executed
branch  1 never executed
branch  2 never executed
call    3 never executed
branch  4 never executed
branch  5 never executed
        -:   61:			}
        -:   62:		}
    =====:   63:		catch(string ch)
branch  0 never executed
branch  1 never executed
call    2 never executed
call    3 never executed
        -:   64:		{
    =====:   65:			cout<<"Invalid Choice! (only numbers are allowed!)"<<endl;
call    0 never executed
branch  1 never executed
branch  2 never executed
call    3 never executed
branch  4 never executed
branch  5 never executed
    =====:   66:			continue;
    =====:   67:		}
call    0 never executed
call    1 never executed
branch  2 never executed
branch  3 never executed
call    4 never executed
call    5 never executed
        -:   68:
        -:   69:	}
    #####:   70:	system("clear");
call    0 never executed
branch  1 never executed
branch  2 never executed
    #####:   71:	return EXIT_SUCCESS;
        -:   72:
    #####:   73:}
call    0 never executed
call    1 never executed
call    2 never executed
call    3 never executed
call    4 never executed
call    5 never executed
        -:   74:
function _Z17Data_Maintainancev called 1 returned 100% blocks executed 41%
        1:   75:int Data_Maintainance()
        -:   76:{	
        1:   77:	system("clear");
call    0 returned 1
branch  1 taken 1 (fallthrough)
branch  2 taken 0 (throw)
        1:   78:	int (*p[3])() = {Citizen_Data_View, Citizen_Data_Delete, Citizen_Data_Modify};
        1:   79:	string ch = "a";
call    0 returned 1
call    1 returned 1
branch  2 taken 1 (fallthrough)
branch  3 taken 0 (throw)
        2:   80:	while(ch != "4")
call    0 returned 2
branch  1 taken 2 (fallthrough)
branch  2 taken 0 (throw)
branch  3 taken 2
branch  4 taken 0 (fallthrough)
        -:   81:	{
        -:   82:		
        2:   83:		cout<<endl<<endl<<"---------  Select the operation ----------"<<endl<<endl;
call    0 returned 2
branch  1 taken 2 (fallthrough)
branch  2 taken 0 (throw)
call    3 returned 2
branch  4 taken 2 (fallthrough)
branch  5 taken 0 (throw)
call    6 returned 2
branch  7 taken 2 (fallthrough)
branch  8 taken 0 (throw)
call    9 returned 2
branch 10 taken 2 (fallthrough)
branch 11 taken 0 (throw)
call   12 returned 2
branch 13 taken 2 (fallthrough)
branch 14 taken 0 (throw)
        2:   84:		cout<<endl<<"1. Fetch the data of a citizen"<<endl<<"2. Delete the data of a citizen"<<endl<<"3. Modify the data of a citizen"<<endl<<"4. <-Back"<<endl;
call    0 returned 2
branch  1 taken 2 (fallthrough)
branch  2 taken 0 (throw)
call    3 returned 2
branch  4 taken 2 (fallthrough)
branch  5 taken 0 (throw)
call    6 returned 2
branch  7 taken 2 (fallthrough)
branch  8 taken 0 (throw)
call    9 returned 2
branch 10 taken 2 (fallthrough)
branch 11 taken 0 (throw)
call   12 returned 2
branch 13 taken 2 (fallthrough)
branch 14 taken 0 (throw)
call   15 returned 2
branch 16 taken 2 (fallthrough)
branch 17 taken 0 (throw)
call   18 returned 2
branch 19 taken 2 (fallthrough)
branch 20 taken 0 (throw)
call   21 returned 2
branch 22 taken 2 (fallthrough)
branch 23 taken 0 (throw)
call   24 returned 2
branch 25 taken 2 (fallthrough)
branch 26 taken 0 (throw)
        -:   85:
        2:   86:		cin.clear();
call    0 returned 2
branch  1 taken 2 (fallthrough)
branch  2 taken 0 (throw)
        2:   87:		getline(cin,ch);
call    0 returned 2
branch  1 taken 2 (fallthrough)
branch  2 taken 0 (throw)
        -:   88:		try{
        2:   89:			if(ch.length() != 1)
call    0 returned 2
branch  1 taken 0 (fallthrough)
branch  2 taken 2
        -:   90:			{
    #####:   91:				throw ch;
call    0 never executed
call    1 never executed
branch  2 never executed
branch  3 never executed
call    4 never executed
call    5 never executed
        -:   92:			}
        -:   93:		}
    =====:   94:		catch(string a)
branch  0 never executed
branch  1 never executed
call    2 never executed
call    3 never executed
        -:   95:		{
    =====:   96:			cout<<"Enter a single digit only"<<endl;
call    0 never executed
branch  1 never executed
branch  2 never executed
call    3 never executed
branch  4 never executed
branch  5 never executed
    =====:   97:			continue;
    =====:   98:		}
call    0 never executed
call    1 never executed
branch  2 never executed
branch  3 never executed
call    4 never executed
call    5 never executed
        -:   99:		try{
        2:  100:			if(isblank(ch[0]))
call    0 returned 2
branch  1 taken 2 (fallthrough)
branch  2 taken 0 (throw)
branch  3 taken 0 (fallthrough)
branch  4 taken 2
        -:  101:			{
    #####:  102:				throw ch;
call    0 never executed
call    1 never executed
branch  2 never executed
branch  3 never executed
call    4 never executed
call    5 never executed
        -:  103:			}
        -:  104:		}
    =====:  105:		catch(string b)
branch  0 never executed
branch  1 never executed
call    2 never executed
call    3 never executed
        -:  106:		{
    =====:  107:			cout<<"choice cannot be blank"<<endl;
call    0 never executed
branch  1 never executed
branch  2 never executed
call    3 never executed
branch  4 never executed
branch  5 never executed
    =====:  108:			continue;
    =====:  109:		}
call    0 never executed
call    1 never executed
branch  2 never executed
branch  3 never executed
call    4 never executed
call    5 never executed
        -:  110:		try{
        2:  111:			if(isalpha(ch[0]))
call    0 returned 2
branch  1 taken 2 (fallthrough)
branch  2 taken 0 (throw)
branch  3 taken 0 (fallthrough)
branch  4 taken 2
        -:  112:			{
    #####:  113:				throw ch;
call    0 never executed
call    1 never executed
branch  2 never executed
branch  3 never executed
call    4 never executed
call    5 never executed
        -:  114:			}
        -:  115:
        -:  116:
       2*:  117:			if(stoi(ch)<1 || stoi(ch)>4)
call    0 returned 2
branch  1 taken 2 (fallthrough)
branch  2 taken 0 (throw)
branch  3 taken 2 (fallthrough)
branch  4 taken 0
call    5 returned 2
branch  6 taken 2 (fallthrough)
branch  7 taken 0 (throw)
branch  8 taken 0 (fallthrough)
branch  9 taken 2
branch 10 taken 0 (fallthrough)
branch 11 taken 2
        -:  118:			{
    #####:  119:				cout<<"Invalid Input"<<endl;
call    0 never executed
branch  1 never executed
branch  2 never executed
call    3 never executed
branch  4 never executed
branch  5 never executed
        -:  120:			}
        -:  121:			else
        -:  122:			{
        2:  123:				if(stoi(ch) == 4)
call    0 returned 2
branch  1 taken 2 (fallthrough)
branch  2 taken 0 (throw)
branch  3 taken 1 (fallthrough)
branch  4 taken 1
        -:  124:				{
        1:  125:					break;
        -:  126:				}
        1:  127:				p[stoi(ch)-1]();
call    0 returned 1
branch  1 taken 1 (fallthrough)
branch  2 taken 0 (throw)
call    3 returned 1
branch  4 taken 1 (fallthrough)
branch  5 taken 0 (throw)
        1:  128:				string temp;
call    0 returned 1
        1:  129:				getline(cin,temp);
call    0 returned 1
branch  1 taken 1 (fallthrough)
branch  2 taken 0 (throw)
        1:  130:			}
call    0 returned 1
call    1 never executed
        -:  131:		}
    =====:  132:		catch(string ch)
branch  0 never executed
branch  1 never executed
call    2 never executed
call    3 never executed
        -:  133:		{
    =====:  134:			cout<<"Invalid Input! (Only numbers are allowed)"<<endl;
call    0 never executed
branch  1 never executed
branch  2 never executed
call    3 never executed
branch  4 never executed
branch  5 never executed
    =====:  135:			continue;
    =====:  136:		}
call    0 never executed
call    1 never executed
branch  2 never executed
branch  3 never executed
call    4 never executed
call    5 never executed
        -:  137:			
        -:  138:		}
        1:  139:		system("clear");
call    0 returned 1
branch  1 taken 1 (fallthrough)
branch  2 taken 0 (throw)
        1:  140:		return EXIT_SUCCESS;
        1:  141:	}
call    0 returned 1
call    1 never executed
        -:  142:
function _Z7Reportsv called 0 returned 0% blocks executed 0%
    #####:  143:int Reports()
        -:  144:{
        -:  145:	Report r;
    #####:  146:	system("clear");
call    0 never executed
branch  1 never executed
branch  2 never executed
    #####:  147:	string ch = "a";
call    0 never executed
call    1 never executed
branch  2 never executed
branch  3 never executed
    #####:  148:	while(ch != "5")
call    0 never executed
branch  1 never executed
branch  2 never executed
branch  3 never executed
branch  4 never executed
        -:  149:	{
        -:  150:
    #####:  151:		cout<<endl<<endl<<"---------  Select an option to create report ----------"<<endl<<endl;
call    0 never executed
branch  1 never executed
branch  2 never executed
call    3 never executed
branch  4 never executed
branch  5 never executed
call    6 never executed
branch  7 never executed
branch  8 never executed
call    9 never executed
branch 10 never executed
branch 11 never executed
call   12 never executed
branch 13 never executed
branch 14 never executed
    #####:  152:		cout<<endl<<"1. Age Group Report of Dynaland"<<endl<<"2. Gender Report of Dynaland"<<endl<<"3. Below Poverty Line Zone Wise Report of Dynaland"<<endl<<"4. Farming Population Report of Dynaland"<<endl<<"5. <-Back"<<endl;
call    0 never executed
branch  1 never executed
branch  2 never executed
call    3 never executed
branch  4 never executed
branch  5 never executed
call    6 never executed
branch  7 never executed
branch  8 never executed
call    9 never executed
branch 10 never executed
branch 11 never executed
call   12 never executed
branch 13 never executed
branch 14 never executed
call   15 never executed
branch 16 never executed
branch 17 never executed
call   18 never executed
branch 19 never executed
branch 20 never executed
call   21 never executed
branch 22 never executed
branch 23 never executed
call   24 never executed
branch 25 never executed
branch 26 never executed
call   27 never executed
branch 28 never executed
branch 29 never executed
call   30 never executed
branch 31 never executed
branch 32 never executed
        -:  153:
    #####:  154:		cin.clear();
call    0 never executed
branch  1 never executed
branch  2 never executed
    #####:  155:		getline(cin,ch);
call    0 never executed
branch  1 never executed
branch  2 never executed
        -:  156:		try{
    #####:  157:			if(ch.length() != 1)
call    0 never executed
branch  1 never executed
branch  2 never executed
        -:  158:			{
    #####:  159:				throw ch;
call    0 never executed
call    1 never executed
branch  2 never executed
branch  3 never executed
call    4 never executed
call    5 never executed
        -:  160:			}
        -:  161:		}
    =====:  162:		catch(string a)
branch  0 never executed
branch  1 never executed
call    2 never executed
call    3 never executed
        -:  163:		{
    =====:  164:			cout<<"Enter a single digit only"<<endl;
call    0 never executed
branch  1 never executed
branch  2 never executed
call    3 never executed
branch  4 never executed
branch  5 never executed
    =====:  165:			continue;
    =====:  166:		}
call    0 never executed
call    1 never executed
branch  2 never executed
branch  3 never executed
call    4 never executed
call    5 never executed
        -:  167:		try{
    #####:  168:			if(isblank(ch[0]))
call    0 never executed
branch  1 never executed
branch  2 never executed
branch  3 never executed
branch  4 never executed
        -:  169:			{
    #####:  170:				throw ch;
call    0 never executed
call    1 never executed
branch  2 never executed
branch  3 never executed
call    4 never executed
call    5 never executed
        -:  171:			}
        -:  172:		}
    =====:  173:		catch(string b)
branch  0 never executed
branch  1 never executed
call    2 never executed
call    3 never executed
        -:  174:		{
    =====:  175:			cout<<"choice cannot be blank"<<endl;
call    0 never executed
branch  1 never executed
branch  2 never executed
call    3 never executed
branch  4 never executed
branch  5 never executed
    =====:  176:			continue;
    =====:  177:		}
call    0 never executed
call    1 never executed
branch  2 never executed
branch  3 never executed
call    4 never executed
call    5 never executed
        -:  178:		try{
    #####:  179:			if(isalpha(ch[0]))
call    0 never executed
branch  1 never executed
branch  2 never executed
branch  3 never executed
branch  4 never executed
        -:  180:			{
    #####:  181:				throw ch;
call    0 never executed
call    1 never executed
branch  2 never executed
branch  3 never executed
call    4 never executed
call    5 never executed
        -:  182:			}
        -:  183:
        -:  184:
    #####:  185:			switch(ch[0])
call    0 never executed
branch  1 never executed
branch  2 never executed
branch  3 never executed
branch  4 never executed
branch  5 never executed
branch  6 never executed
branch  7 never executed
branch  8 never executed
        -:  186:			{
    #####:  187:				case '1' : r.Age_Group_Report();
call    0 never executed
branch  1 never executed
branch  2 never executed
    #####:  188:					 break;
    #####:  189:				case '2' : r.Gender_Report();
call    0 never executed
branch  1 never executed
branch  2 never executed
    #####:  190:					 break;
    #####:  191:				case '3' : r.BPL_Zone_Wise_Report();
call    0 never executed
branch  1 never executed
branch  2 never executed
    #####:  192:					 break;
    #####:  193:				case '4' : r.Farming_Population_Report();
call    0 never executed
branch  1 never executed
branch  2 never executed
    #####:  194:					 break;
    #####:  195:				case '5' : break;	 
    #####:  196:				default: cout<<"Invalid Choice!"<<endl;	 
call    0 never executed
branch  1 never executed
branch  2 never executed
call    3 never executed
branch  4 never executed
branch  5 never executed
        -:  197:			}
        -:  198:		}
    =====:  199:		catch(string ch)
branch  0 never executed
branch  1 never executed
call    2 never executed
call    3 never executed
        -:  200:		{
    =====:  201:			cout<<"Invalid input! (Only numbers allowed)"<<endl;
call    0 never executed
branch  1 never executed
branch  2 never executed
call    3 never executed
branch  4 never executed
branch  5 never executed
    =====:  202:		}
call    0 never executed
call    1 never executed
branch  2 never executed
branch  3 never executed
call    4 never executed
call    5 never executed
        -:  203:		}
    #####:  204:		system("clear");
call    0 never executed
branch  1 never executed
branch  2 never executed
    #####:  205:		return EXIT_SUCCESS;
    #####:  206:	}
call    0 never executed
call    1 never executed
        -:  207:
function _Z7Queriesv called 0 returned 0% blocks executed 0%
    #####:  208:int Queries()
        -:  209:{
        -:  210:	Query q;
    #####:  211:	system("clear");
call    0 never executed
branch  1 never executed
branch  2 never executed
    #####:  212:	string ch = "a";
call    0 never executed
call    1 never executed
branch  2 never executed
branch  3 never executed
    #####:  213:	while(ch != "6")
call    0 never executed
branch  1 never executed
branch  2 never executed
branch  3 never executed
branch  4 never executed
        -:  214:	{
        -:  215:
    #####:  216:		cout<<endl<<endl<<"---------  Select a Query  ----------"<<endl<<endl;
call    0 never executed
branch  1 never executed
branch  2 never executed
call    3 never executed
branch  4 never executed
branch  5 never executed
call    6 never executed
branch  7 never executed
branch  8 never executed
call    9 never executed
branch 10 never executed
branch 11 never executed
call   12 never executed
branch 13 never executed
branch 14 never executed
    #####:  217:		cout<<endl<<"1. Literacy Rate of a Dynaland"<<endl<<"2. Zone with highest Literacy Rate"<<endl<<"3. Below Poverty Line average Income"<<endl<<"4. Rural and Urban Population"<<endl<<"5. Zone with highest male and female population"<<endl<<"6. <-Back"<<endl;
call    0 never executed
branch  1 never executed
branch  2 never executed
call    3 never executed
branch  4 never executed
branch  5 never executed
call    6 never executed
branch  7 never executed
branch  8 never executed
call    9 never executed
branch 10 never executed
branch 11 never executed
call   12 never executed
branch 13 never executed
branch 14 never executed
call   15 never executed
branch 16 never executed
branch 17 never executed
call   18 never executed
branch 19 never executed
branch 20 never executed
call   21 never executed
branch 22 never executed
branch 23 never executed
call   24 never executed
branch 25 never executed
branch 26 never executed
call   27 never executed
branch 28 never executed
branch 29 never executed
call   30 never executed
branch 31 never executed
branch 32 never executed
call   33 never executed
branch 34 never executed
branch 35 never executed
call   36 never executed
branch 37 never executed
branch 38 never executed
        -:  218:
    #####:  219:		cin.clear();
call    0 never executed
branch  1 never executed
branch  2 never executed
    #####:  220:		getline(cin,ch);
call    0 never executed
branch  1 never executed
branch  2 never executed
        -:  221:		try{
    #####:  222:			if(ch.length() != 1)
call    0 never executed
branch  1 never executed
branch  2 never executed
        -:  223:			{
    #####:  224:				throw ch;
call    0 never executed
call    1 never executed
branch  2 never executed
branch  3 never executed
call    4 never executed
call    5 never executed
        -:  225:			}
        -:  226:		}
    =====:  227:		catch(string a)
branch  0 never executed
branch  1 never executed
call    2 never executed
call    3 never executed
        -:  228:		{
    =====:  229:			cout<<"Enter a single digit only"<<endl;
call    0 never executed
branch  1 never executed
branch  2 never executed
call    3 never executed
branch  4 never executed
branch  5 never executed
    =====:  230:			continue;
    =====:  231:		}
call    0 never executed
call    1 never executed
branch  2 never executed
branch  3 never executed
call    4 never executed
call    5 never executed
        -:  232:		try{
    #####:  233:			if(isblank(ch[0]))
call    0 never executed
branch  1 never executed
branch  2 never executed
branch  3 never executed
branch  4 never executed
        -:  234:			{
    #####:  235:				throw ch;
call    0 never executed
call    1 never executed
branch  2 never executed
branch  3 never executed
call    4 never executed
call    5 never executed
        -:  236:			}
        -:  237:		}
    =====:  238:		catch(string b)
branch  0 never executed
branch  1 never executed
call    2 never executed
call    3 never executed
        -:  239:		{
    =====:  240:			cout<<"choice cannot be blank"<<endl;
call    0 never executed
branch  1 never executed
branch  2 never executed
call    3 never executed
branch  4 never executed
branch  5 never executed
    =====:  241:			continue;
    =====:  242:		}
call    0 never executed
call    1 never executed
branch  2 never executed
branch  3 never executed
call    4 never executed
call    5 never executed
        -:  243:		try{
    #####:  244:			if(isalpha(ch[0]))
call    0 never executed
branch  1 never executed
branch  2 never executed
branch  3 never executed
branch  4 never executed
        -:  245:			{
    #####:  246:				throw ch;
call    0 never executed
call    1 never executed
branch  2 never executed
branch  3 never executed
call    4 never executed
call    5 never executed
        -:  247:			}
        -:  248:
        -:  249:
    #####:  250:			switch(ch[0])
call    0 never executed
branch  1 never executed
branch  2 never executed
branch  3 never executed
branch  4 never executed
branch  5 never executed
branch  6 never executed
branch  7 never executed
branch  8 never executed
branch  9 never executed
        -:  251:			{
    #####:  252:				case '1' : q.Literacy_Rate();
call    0 never executed
branch  1 never executed
branch  2 never executed
    #####:  253:					   break;
    #####:  254:				case '2' : q.Zone_with_highest_literacy();
call    0 never executed
branch  1 never executed
branch  2 never executed
    #####:  255:					   break;
    #####:  256:				case '3' : q.BPL_average_income();
call    0 never executed
branch  1 never executed
branch  2 never executed
    #####:  257:					   break;
    #####:  258:				case '4' : q.Rural_and_Urban_Population();
call    0 never executed
branch  1 never executed
branch  2 never executed
    #####:  259:					   break;
    #####:  260:				case '5' : q.Zone_with_highest_male_and_female();
call    0 never executed
branch  1 never executed
branch  2 never executed
    #####:  261:					   break;
    #####:  262:				case '6' : break;
    #####:  263:				default: cout<<"Invalid Choice!"<<endl;
call    0 never executed
branch  1 never executed
branch  2 never executed
call    3 never executed
branch  4 never executed
branch  5 never executed
        -:  264:			}
        -:  265:		}
    =====:  266:		catch(string ch)
branch  0 never executed
branch  1 never executed
call    2 never executed
call    3 never executed
        -:  267:		{
    =====:  268:			cout<<"Invalid input! (Only numbers allowed)"<<endl;
call    0 never executed
branch  1 never executed
branch  2 never executed
call    3 never executed
branch  4 never executed
branch  5 never executed
    =====:  269:			continue;
    =====:  270:		}
call    0 never executed
call    1 never executed
branch  2 never executed
branch  3 never executed
call    4 never executed
call    5 never executed
        -:  271:	}
        -:  272:
    #####:  273:	system("clear");
call    0 never executed
branch  1 never executed
branch  2 never executed
    #####:  274:	return EXIT_SUCCESS;
        -:  275:
    #####:  276:}
call    0 never executed
call    1 never executed
