        -:    0:Source:data_maintainance_menu.cpp
        -:    0:Graph:main.gcno
        -:    0:Data:main.gcda
        -:    0:Runs:1
        -:    1:#include<iostream>
        -:    2:#include<list>
        -:    3:#include "class.hpp"
        -:    4:using namespace std;
        -:    5:
function _Z17Citizen_Data_Viewv called 1 returned 100% blocks executed 67%
        1:    6:int Citizen_Data_View()
        -:    7:{
        1:    8:	string s;
call    0 returned 1
        1:    9:	cout<<"Enter the ssid : "<<endl;
call    0 returned 1
branch  1 taken 1 (fallthrough)
branch  2 taken 0 (throw)
call    3 returned 1
branch  4 taken 1 (fallthrough)
branch  5 taken 0 (throw)
        1:   10:	cin>>s;
call    0 returned 1
branch  1 taken 1 (fallthrough)
branch  2 taken 0 (throw)
        1:   11:	cout<<endl<<"I am in View function"<<endl;
call    0 returned 1
branch  1 taken 1 (fallthrough)
branch  2 taken 0 (throw)
call    3 returned 1
branch  4 taken 1 (fallthrough)
branch  5 taken 0 (throw)
call    6 returned 1
branch  7 taken 1 (fallthrough)
branch  8 taken 0 (throw)
       46:   12:	for(list<Citizen> :: iterator c=li.begin(); c!=li.end(); c++)
call    0 returned 1
call    1 returned 45
call    2 returned 46
call    3 returned 46
branch  4 taken 46
branch  5 taken 0 (fallthrough)
        -:   13:	{
       46:   14:		if(c->ret_ssid() == s)
call    0 returned 46
call    1 returned 46
branch  2 taken 46 (fallthrough)
branch  3 taken 0 (throw)
call    4 returned 46
call    5 returned 46
branch  6 taken 1 (fallthrough)
branch  7 taken 45
        -:   15:		{
        1:   16:			c->Citizen_Data_View();	
call    0 returned 1
call    1 returned 1
branch  2 taken 1 (fallthrough)
branch  3 taken 0 (throw)
        1:   17:			return EXIT_SUCCESS;
        -:   18:		}
        -:   19:	}
    #####:   20:	cout<<endl<<"the given ssid "<<s<<" not found"<<endl<<endl;
call    0 never executed
branch  1 never executed
branch  2 never executed
call    3 never executed
branch  4 never executed
branch  5 never executed
call    6 never executed
branch  7 never executed
branch  8 never executed
call    9 never executed
branch 10 never executed
branch 11 never executed
call   12 never executed
branch 13 never executed
branch 14 never executed
call   15 never executed
branch 16 never executed
branch 17 never executed
    #####:   21:	system("read n");
call    0 never executed
branch  1 never executed
branch  2 never executed
    #####:   22:	system("clear");
call    0 never executed
branch  1 never executed
branch  2 never executed
    #####:   23:	return EXIT_FAILURE;
        1:   24:}
call    0 returned 1
call    1 never executed
        -:   25:
function _Z19Citizen_Data_Deletev called 0 returned 0% blocks executed 0%
    #####:   26:int Citizen_Data_Delete()
        -:   27:{
    #####:   28:	cout<<endl<<"I am in Delete function"<<endl;
call    0 never executed
branch  1 never executed
branch  2 never executed
call    3 never executed
branch  4 never executed
branch  5 never executed
call    6 never executed
branch  7 never executed
branch  8 never executed
    #####:   29:	string s;
call    0 never executed
    #####:   30:	cout<<"Enter the ssid : "<<endl;
call    0 never executed
branch  1 never executed
branch  2 never executed
call    3 never executed
branch  4 never executed
branch  5 never executed
    #####:   31:	cin>>s;
call    0 never executed
branch  1 never executed
branch  2 never executed
    #####:   32:	int flag = 0;
    #####:   33:	list<Citizen> temp;
call    0 never executed
        -:   34:	// for(list<Citizen> :: iterator c=li.begin(); c!=li.end(); c++)
    #####:   35:	for(Citizen c : li)
call    0 never executed
call    1 never executed
call    2 never executed
call    3 never executed
branch  4 never executed
branch  5 never executed
call    6 never executed
call    7 never executed
branch  8 never executed
branch  9 never executed
        -:   36:	{
    #####:   37:		if(c.ret_ssid() == s)
call    0 never executed
branch  1 never executed
branch  2 never executed
call    3 never executed
call    4 never executed
branch  5 never executed
branch  6 never executed
        -:   38:		{
    #####:   39:			flag = 1;
    #####:   40:			break;
        -:   41:		}
    #####:   42:	}
call    0 never executed
branch  1 never executed
branch  2 never executed
call    3 never executed
    #####:   43:	if (flag == 1)
branch  0 never executed
branch  1 never executed
        -:   44:	{
    #####:   45:		for(Citizen c : li)
call    0 never executed
call    1 never executed
call    2 never executed
call    3 never executed
branch  4 never executed
branch  5 never executed
call    6 never executed
call    7 never executed
branch  8 never executed
branch  9 never executed
        -:   46:		{
    #####:   47:			if(c.ret_ssid() != s)
call    0 never executed
branch  1 never executed
branch  2 never executed
call    3 never executed
call    4 never executed
branch  5 never executed
branch  6 never executed
        -:   48:			{
    #####:   49:				temp.push_back(c);
call    0 never executed
branch  1 never executed
branch  2 never executed
        -:   50:			}
    #####:   51:		}
call    0 never executed
call    1 never executed
    #####:   52:		li.clear();
call    0 never executed
    #####:   53:		list<Citizen>li(temp);
call    0 never executed
branch  1 never executed
branch  2 never executed
    #####:   54:		cout<<"ssid "<<s<<" data is deleted successfully"<<endl;
call    0 never executed
branch  1 never executed
branch  2 never executed
call    3 never executed
branch  4 never executed
branch  5 never executed
call    6 never executed
branch  7 never executed
branch  8 never executed
call    9 never executed
branch 10 never executed
branch 11 never executed
    #####:   55:	}
call    0 never executed
call    1 never executed
        -:   56:	else
        -:   57:	{
    #####:   58:		cout<<"The given ssid "<<s<<" not found"<<endl<<endl;
call    0 never executed
branch  1 never executed
branch  2 never executed
call    3 never executed
branch  4 never executed
branch  5 never executed
call    6 never executed
branch  7 never executed
branch  8 never executed
call    9 never executed
branch 10 never executed
branch 11 never executed
call   12 never executed
branch 13 never executed
branch 14 never executed
        -:   59:	}	
    #####:   60:		system("read n");
call    0 never executed
branch  1 never executed
branch  2 never executed
    #####:   61:		system("clear");
call    0 never executed
branch  1 never executed
branch  2 never executed
    #####:   62:		return EXIT_FAILURE;
        -:   63:
    #####:   64:}
call    0 never executed
call    1 never executed
call    2 never executed
call    3 never executed
        -:   65:
function _Z19Citizen_Data_Modifyv called 0 returned 0% blocks executed 0%
    #####:   66:int Citizen_Data_Modify()
        -:   67:{
    #####:   68:	cout<<endl<<"I am in Modify function"<<endl;
call    0 never executed
branch  1 never executed
branch  2 never executed
call    3 never executed
branch  4 never executed
branch  5 never executed
call    6 never executed
branch  7 never executed
branch  8 never executed
    #####:   69:	string s;
call    0 never executed
    #####:   70:	cout<<"Enter the ssid : "<<endl;
call    0 never executed
branch  1 never executed
branch  2 never executed
call    3 never executed
branch  4 never executed
branch  5 never executed
    #####:   71:	cin>>s;
call    0 never executed
branch  1 never executed
branch  2 never executed
    #####:   72:	for(list<Citizen> :: iterator c=li.begin(); c!=li.end(); c++)
call    0 never executed
call    1 never executed
call    2 never executed
call    3 never executed
branch  4 never executed
branch  5 never executed
        -:   73:	{
    #####:   74:		if(c->ret_ssid() == s)
call    0 never executed
call    1 never executed
branch  2 never executed
branch  3 never executed
call    4 never executed
call    5 never executed
branch  6 never executed
branch  7 never executed
        -:   75:		{
    #####:   76:			string temp;
call    0 never executed
    #####:   77:			getline(cin,temp);
call    0 never executed
branch  1 never executed
branch  2 never executed
    #####:   78:			string ch = "a";
call    0 never executed
call    1 never executed
branch  2 never executed
branch  3 never executed
        -:   79:			while(1)
        -:   80:			{
    #####:   81:				system("clear");
call    0 never executed
branch  1 never executed
branch  2 never executed
    #####:   82:				cout<<endl<<endl<<"Enter the option you want to edit"<<endl<<endl;
call    0 never executed
branch  1 never executed
branch  2 never executed
call    3 never executed
branch  4 never executed
branch  5 never executed
call    6 never executed
branch  7 never executed
branch  8 never executed
call    9 never executed
branch 10 never executed
branch 11 never executed
call   12 never executed
branch 13 never executed
branch 14 never executed
    #####:   83:				cout<<"1. Zone id"<<endl<<"2. Name"<<endl<<"3. Age"<<endl<<"4. Address"<<endl<<"5. Qualification"<<endl<<"6. Occupation"<<endl<<"7. Annual Income"<<endl<<"8. Number of Dependants"<<endl<<"9. House Type"<<endl<<"10. Area Type"<<endl<<"11. <-Back"<<endl;
call    0 never executed
branch  1 never executed
branch  2 never executed
call    3 never executed
branch  4 never executed
branch  5 never executed
call    6 never executed
branch  7 never executed
branch  8 never executed
call    9 never executed
branch 10 never executed
branch 11 never executed
call   12 never executed
branch 13 never executed
branch 14 never executed
call   15 never executed
branch 16 never executed
branch 17 never executed
call   18 never executed
branch 19 never executed
branch 20 never executed
call   21 never executed
branch 22 never executed
branch 23 never executed
call   24 never executed
branch 25 never executed
branch 26 never executed
call   27 never executed
branch 28 never executed
branch 29 never executed
call   30 never executed
branch 31 never executed
branch 32 never executed
call   33 never executed
branch 34 never executed
branch 35 never executed
call   36 never executed
branch 37 never executed
branch 38 never executed
call   39 never executed
branch 40 never executed
branch 41 never executed
call   42 never executed
branch 43 never executed
branch 44 never executed
call   45 never executed
branch 46 never executed
branch 47 never executed
call   48 never executed
branch 49 never executed
branch 50 never executed
call   51 never executed
branch 52 never executed
branch 53 never executed
call   54 never executed
branch 55 never executed
branch 56 never executed
call   57 never executed
branch 58 never executed
branch 59 never executed
call   60 never executed
branch 61 never executed
branch 62 never executed
call   63 never executed
branch 64 never executed
branch 65 never executed
        -:   84:
    #####:   85:				cout<<"Enter your choice"<<endl;
call    0 never executed
branch  1 never executed
branch  2 never executed
call    3 never executed
branch  4 never executed
branch  5 never executed
    #####:   86:				cin.clear();
call    0 never executed
branch  1 never executed
branch  2 never executed
    #####:   87:				getline(cin,ch);
call    0 never executed
branch  1 never executed
branch  2 never executed
    #####:   88:				if(ch.length() == 0)
call    0 never executed
branch  1 never executed
branch  2 never executed
        -:   89:				{
    #####:   90:					cout<<"It cannot be blank"<<endl;
call    0 never executed
branch  1 never executed
branch  2 never executed
call    3 never executed
branch  4 never executed
branch  5 never executed
    #####:   91:					system("read n");
call    0 never executed
branch  1 never executed
branch  2 never executed
    #####:   92:					continue;
        -:   93:				}
    #####:   94:				else if(isblank(ch[0]))
call    0 never executed
branch  1 never executed
branch  2 never executed
branch  3 never executed
branch  4 never executed
        -:   95:				{
    #####:   96:					cout<<"It cannot start with blank space"<<endl;
call    0 never executed
branch  1 never executed
branch  2 never executed
call    3 never executed
branch  4 never executed
branch  5 never executed
    #####:   97:					system("read n");
call    0 never executed
branch  1 never executed
branch  2 never executed
    #####:   98:					continue;
        -:   99:				}
    #####:  100:				else if(isalpha(ch[0]) || isalpha(ch[1]))
call    0 never executed
branch  1 never executed
branch  2 never executed
branch  3 never executed
branch  4 never executed
call    5 never executed
branch  6 never executed
branch  7 never executed
branch  8 never executed
branch  9 never executed
branch 10 never executed
branch 11 never executed
        -:  101:				{
    #####:  102:					cout<<"Only digits are allowed"<<endl;
call    0 never executed
branch  1 never executed
branch  2 never executed
call    3 never executed
branch  4 never executed
branch  5 never executed
    #####:  103:					system("read n");
call    0 never executed
branch  1 never executed
branch  2 never executed
    #####:  104:					continue;
        -:  105:				}
    #####:  106:				else if(ch.length() <3)
call    0 never executed
branch  1 never executed
branch  2 never executed
        -:  107:				{
    #####:  108:					if(stoi(ch)>1 && stoi(ch)<11)
call    0 never executed
branch  1 never executed
branch  2 never executed
branch  3 never executed
branch  4 never executed
call    5 never executed
branch  6 never executed
branch  7 never executed
branch  8 never executed
branch  9 never executed
branch 10 never executed
branch 11 never executed
        -:  109:					{
        -:  110:									
    #####:  111:						c->Citizen_Data_Modify(ch);
call    0 never executed
call    1 never executed
branch  2 never executed
branch  3 never executed
call    4 never executed
branch  5 never executed
branch  6 never executed
call    7 never executed
call    8 never executed
    #####:  112:						break;
        -:  113:					}
    #####:  114:					else if(stoi(ch) == 11)
call    0 never executed
branch  1 never executed
branch  2 never executed
branch  3 never executed
branch  4 never executed
        -:  115:					{
    #####:  116:						system("clear");
call    0 never executed
branch  1 never executed
branch  2 never executed
    #####:  117:						break;
        -:  118:					}
        -:  119:					else
        -:  120:					{
    #####:  121:						cout<<"Invalid input"<<endl;
call    0 never executed
branch  1 never executed
branch  2 never executed
call    3 never executed
branch  4 never executed
branch  5 never executed
    #####:  122:						system("read n");
call    0 never executed
branch  1 never executed
branch  2 never executed
        -:  123:					}
        -:  124:					
        -:  125:				}
        -:  126:				else
        -:  127:				{
    #####:  128:					cout<<"Invalid input"<<endl;
call    0 never executed
branch  1 never executed
branch  2 never executed
call    3 never executed
branch  4 never executed
branch  5 never executed
    #####:  129:					system("read n");
call    0 never executed
branch  1 never executed
branch  2 never executed
        -:  130:				}
        -:  131:
        -:  132:			}
    #####:  133:			return EXIT_SUCCESS;
    #####:  134:		}
call    0 never executed
call    1 never executed
call    2 never executed
call    3 never executed
        -:  135:	}
    #####:  136:	cout<<endl<<"The given ssid "<<s<<" not found"<<endl<<endl;
call    0 never executed
branch  1 never executed
branch  2 never executed
call    3 never executed
branch  4 never executed
branch  5 never executed
call    6 never executed
branch  7 never executed
branch  8 never executed
call    9 never executed
branch 10 never executed
branch 11 never executed
call   12 never executed
branch 13 never executed
branch 14 never executed
call   15 never executed
branch 16 never executed
branch 17 never executed
    #####:  137:	system("read n");
call    0 never executed
branch  1 never executed
branch  2 never executed
    #####:  138:	system("clear");
call    0 never executed
branch  1 never executed
branch  2 never executed
    #####:  139:	return EXIT_FAILURE;
    #####:  140:}
call    0 never executed
call    1 never executed
        -:  141:
        -:  142:
        -:  143:
