        -:    0:Source:file_handling.cpp
        -:    0:Graph:main.gcno
        -:    0:Data:main.gcda
        -:    0:Runs:1
        -:    1:#include "class.hpp"
        -:    2:#include<iostream>
        -:    3:#include<fstream>
        -:    4:
function _Z12file_to_listv called 1 returned 100% blocks executed 41%
        1:    5:void file_to_list()
        -:    6:{
        -:    7:	
        1:    8:	Authenticate a;
call    0 returned 1
        1:    9:	a.create_account("shyam","000000");
call    0 returned 1
call    1 returned 1
branch  2 taken 1 (fallthrough)
branch  3 taken 0 (throw)
call    4 returned 1
call    5 returned 1
branch  6 taken 1 (fallthrough)
branch  7 taken 0 (throw)
call    8 returned 1
branch  9 taken 1 (fallthrough)
branch 10 taken 0 (throw)
call   11 returned 1
call   12 returned 1
call   13 returned 1
call   14 returned 1
call   15 never executed
call   16 never executed
call   17 never executed
call   18 never executed
        1:   10:	aut.push_back(a);
call    0 returned 1
branch  1 taken 1 (fallthrough)
branch  2 taken 0 (throw)
        1:   11:	a.create_account("chandan","111111");
call    0 returned 1
call    1 returned 1
branch  2 taken 1 (fallthrough)
branch  3 taken 0 (throw)
call    4 returned 1
call    5 returned 1
branch  6 taken 1 (fallthrough)
branch  7 taken 0 (throw)
call    8 returned 1
branch  9 taken 1 (fallthrough)
branch 10 taken 0 (throw)
call   11 returned 1
call   12 returned 1
call   13 returned 1
call   14 returned 1
call   15 never executed
call   16 never executed
call   17 never executed
call   18 never executed
        1:   12:	aut.push_back(a);
call    0 returned 1
branch  1 taken 1 (fallthrough)
branch  2 taken 0 (throw)
        1:   13:	a.create_account("pradnya","222222");
call    0 returned 1
call    1 returned 1
branch  2 taken 1 (fallthrough)
branch  3 taken 0 (throw)
call    4 returned 1
call    5 returned 1
branch  6 taken 1 (fallthrough)
branch  7 taken 0 (throw)
call    8 returned 1
branch  9 taken 1 (fallthrough)
branch 10 taken 0 (throw)
call   11 returned 1
call   12 returned 1
call   13 returned 1
call   14 returned 1
call   15 never executed
call   16 never executed
call   17 never executed
call   18 never executed
        1:   14:	aut.push_back(a);
call    0 returned 1
branch  1 taken 1 (fallthrough)
branch  2 taken 0 (throw)
        1:   15:	a.create_account("laxshmi","333333");
call    0 returned 1
call    1 returned 1
branch  2 taken 1 (fallthrough)
branch  3 taken 0 (throw)
call    4 returned 1
call    5 returned 1
branch  6 taken 1 (fallthrough)
branch  7 taken 0 (throw)
call    8 returned 1
branch  9 taken 1 (fallthrough)
branch 10 taken 0 (throw)
call   11 returned 1
call   12 returned 1
call   13 returned 1
call   14 returned 1
call   15 never executed
call   16 never executed
call   17 never executed
call   18 never executed
        1:   16:	aut.push_back(a);
call    0 returned 1
branch  1 taken 1 (fallthrough)
branch  2 taken 0 (throw)
        1:   17:	a.create_account("keerti","444444");
call    0 returned 1
call    1 returned 1
branch  2 taken 1 (fallthrough)
branch  3 taken 0 (throw)
call    4 returned 1
call    5 returned 1
branch  6 taken 1 (fallthrough)
branch  7 taken 0 (throw)
call    8 returned 1
branch  9 taken 1 (fallthrough)
branch 10 taken 0 (throw)
call   11 returned 1
call   12 returned 1
call   13 returned 1
call   14 returned 1
call   15 never executed
call   16 never executed
call   17 never executed
call   18 never executed
        1:   18:	aut.push_back(a);
call    0 returned 1
branch  1 taken 1 (fallthrough)
branch  2 taken 0 (throw)
        -:   19:
        1:   20:	Citizen c;
call    0 returned 1
        1:   21:	c.Initial_Create("ZID100","000000001","shyam","22","male","mumbai", "BE","YES","eng","46544555","4","own","urban");
call    0 returned 1
call    1 returned 1
branch  2 taken 1 (fallthrough)
branch  3 taken 0 (throw)
call    4 returned 1
call    5 returned 1
branch  6 taken 1 (fallthrough)
branch  7 taken 0 (throw)
call    8 returned 1
call    9 returned 1
branch 10 taken 1 (fallthrough)
branch 11 taken 0 (throw)
call   12 returned 1
call   13 returned 1
branch 14 taken 1 (fallthrough)
branch 15 taken 0 (throw)
call   16 returned 1
call   17 returned 1
branch 18 taken 1 (fallthrough)
branch 19 taken 0 (throw)
call   20 returned 1
call   21 returned 1
branch 22 taken 1 (fallthrough)
branch 23 taken 0 (throw)
call   24 returned 1
call   25 returned 1
branch 26 taken 1 (fallthrough)
branch 27 taken 0 (throw)
call   28 returned 1
call   29 returned 1
branch 30 taken 1 (fallthrough)
branch 31 taken 0 (throw)
call   32 returned 1
call   33 returned 1
branch 34 taken 1 (fallthrough)
branch 35 taken 0 (throw)
call   36 returned 1
call   37 returned 1
branch 38 taken 1 (fallthrough)
branch 39 taken 0 (throw)
call   40 returned 1
call   41 returned 1
branch 42 taken 1 (fallthrough)
branch 43 taken 0 (throw)
call   44 returned 1
call   45 returned 1
branch 46 taken 1 (fallthrough)
branch 47 taken 0 (throw)
call   48 returned 1
call   49 returned 1
branch 50 taken 1 (fallthrough)
branch 51 taken 0 (throw)
call   52 returned 1
branch 53 taken 1 (fallthrough)
branch 54 taken 0 (throw)
call   55 returned 1
call   56 returned 1
call   57 returned 1
call   58 returned 1
call   59 returned 1
call   60 returned 1
call   61 returned 1
call   62 returned 1
call   63 returned 1
call   64 returned 1
call   65 returned 1
call   66 returned 1
call   67 returned 1
call   68 returned 1
call   69 returned 1
call   70 returned 1
call   71 returned 1
call   72 returned 1
call   73 returned 1
call   74 returned 1
call   75 returned 1
call   76 returned 1
call   77 returned 1
call   78 returned 1
call   79 returned 1
call   80 returned 1
call   81 never executed
call   82 never executed
call   83 never executed
call   84 never executed
call   85 never executed
call   86 never executed
call   87 never executed
call   88 never executed
call   89 never executed
call   90 never executed
call   91 never executed
call   92 never executed
call   93 never executed
call   94 never executed
call   95 never executed
call   96 never executed
call   97 never executed
call   98 never executed
call   99 never executed
call   100 never executed
call   101 never executed
call   102 never executed
call   103 never executed
call   104 never executed
call   105 never executed
call   106 never executed
        1:   22:	li.push_back(c);
call    0 returned 1
branch  1 taken 1 (fallthrough)
branch  2 taken 0 (throw)
        1:   23:	c.Initial_Create("ZID100","000000002","chandan","16","male","malad mumbai", "BE","YES","farmer","46544555","2","rented","rural");
call    0 returned 1
call    1 returned 1
branch  2 taken 1 (fallthrough)
branch  3 taken 0 (throw)
call    4 returned 1
call    5 returned 1
branch  6 taken 1 (fallthrough)
branch  7 taken 0 (throw)
call    8 returned 1
call    9 returned 1
branch 10 taken 1 (fallthrough)
branch 11 taken 0 (throw)
call   12 returned 1
call   13 returned 1
branch 14 taken 1 (fallthrough)
branch 15 taken 0 (throw)
call   16 returned 1
call   17 returned 1
branch 18 taken 1 (fallthrough)
branch 19 taken 0 (throw)
call   20 returned 1
call   21 returned 1
branch 22 taken 1 (fallthrough)
branch 23 taken 0 (throw)
call   24 returned 1
call   25 returned 1
branch 26 taken 1 (fallthrough)
branch 27 taken 0 (throw)
call   28 returned 1
call   29 returned 1
branch 30 taken 1 (fallthrough)
branch 31 taken 0 (throw)
call   32 returned 1
call   33 returned 1
branch 34 taken 1 (fallthrough)
branch 35 taken 0 (throw)
call   36 returned 1
call   37 returned 1
branch 38 taken 1 (fallthrough)
branch 39 taken 0 (throw)
call   40 returned 1
call   41 returned 1
branch 42 taken 1 (fallthrough)
branch 43 taken 0 (throw)
call   44 returned 1
call   45 returned 1
branch 46 taken 1 (fallthrough)
branch 47 taken 0 (throw)
call   48 returned 1
call   49 returned 1
branch 50 taken 1 (fallthrough)
branch 51 taken 0 (throw)
call   52 returned 1
branch 53 taken 1 (fallthrough)
branch 54 taken 0 (throw)
call   55 returned 1
call   56 returned 1
call   57 returned 1
call   58 returned 1
call   59 returned 1
call   60 returned 1
call   61 returned 1
call   62 returned 1
call   63 returned 1
call   64 returned 1
call   65 returned 1
call   66 returned 1
call   67 returned 1
call   68 returned 1
call   69 returned 1
call   70 returned 1
call   71 returned 1
call   72 returned 1
call   73 returned 1
call   74 returned 1
call   75 returned 1
call   76 returned 1
call   77 returned 1
call   78 returned 1
call   79 returned 1
call   80 returned 1
call   81 never executed
call   82 never executed
call   83 never executed
call   84 never executed
call   85 never executed
call   86 never executed
call   87 never executed
call   88 never executed
call   89 never executed
call   90 never executed
call   91 never executed
call   92 never executed
call   93 never executed
call   94 never executed
call   95 never executed
call   96 never executed
call   97 never executed
call   98 never executed
call   99 never executed
call   100 never executed
call   101 never executed
call   102 never executed
call   103 never executed
call   104 never executed
call   105 never executed
call   106 never executed
        1:   24:	li.push_back(c);
call    0 returned 1
branch  1 taken 1 (fallthrough)
branch  2 taken 0 (throw)
        1:   25:	c.Initial_Create("ZID100","000000003","john","30","male","girgoan", "CA","YES","job","4665555","4","own","urban");
call    0 returned 1
call    1 returned 1
branch  2 taken 1 (fallthrough)
branch  3 taken 0 (throw)
call    4 returned 1
call    5 returned 1
branch  6 taken 1 (fallthrough)
branch  7 taken 0 (throw)
call    8 returned 1
call    9 returned 1
branch 10 taken 1 (fallthrough)
branch 11 taken 0 (throw)
call   12 returned 1
call   13 returned 1
branch 14 taken 1 (fallthrough)
branch 15 taken 0 (throw)
call   16 returned 1
call   17 returned 1
branch 18 taken 1 (fallthrough)
branch 19 taken 0 (throw)
call   20 returned 1
call   21 returned 1
branch 22 taken 1 (fallthrough)
branch 23 taken 0 (throw)
call   24 returned 1
call   25 returned 1
branch 26 taken 1 (fallthrough)
branch 27 taken 0 (throw)
call   28 returned 1
call   29 returned 1
branch 30 taken 1 (fallthrough)
branch 31 taken 0 (throw)
call   32 returned 1
call   33 returned 1
branch 34 taken 1 (fallthrough)
branch 35 taken 0 (throw)
call   36 returned 1
call   37 returned 1
branch 38 taken 1 (fallthrough)
branch 39 taken 0 (throw)
call   40 returned 1
call   41 returned 1
branch 42 taken 1 (fallthrough)
branch 43 taken 0 (throw)
call   44 returned 1
call   45 returned 1
branch 46 taken 1 (fallthrough)
branch 47 taken 0 (throw)
call   48 returned 1
call   49 returned 1
branch 50 taken 1 (fallthrough)
branch 51 taken 0 (throw)
call   52 returned 1
branch 53 taken 1 (fallthrough)
branch 54 taken 0 (throw)
call   55 returned 1
call   56 returned 1
call   57 returned 1
call   58 returned 1
call   59 returned 1
call   60 returned 1
call   61 returned 1
call   62 returned 1
call   63 returned 1
call   64 returned 1
call   65 returned 1
call   66 returned 1
call   67 returned 1
call   68 returned 1
call   69 returned 1
call   70 returned 1
call   71 returned 1
call   72 returned 1
call   73 returned 1
call   74 returned 1
call   75 returned 1
call   76 returned 1
call   77 returned 1
call   78 returned 1
call   79 returned 1
call   80 returned 1
call   81 never executed
call   82 never executed
call   83 never executed
call   84 never executed
call   85 never executed
call   86 never executed
call   87 never executed
call   88 never executed
call   89 never executed
call   90 never executed
call   91 never executed
call   92 never executed
call   93 never executed
call   94 never executed
call   95 never executed
call   96 never executed
call   97 never executed
call   98 never executed
call   99 never executed
call   100 never executed
call   101 never executed
call   102 never executed
call   103 never executed
call   104 never executed
call   105 never executed
call   106 never executed
        1:   26:	li.push_back(c);
call    0 returned 1
branch  1 taken 1 (fallthrough)
branch  2 taken 0 (throw)
        1:   27:	c.Initial_Create("ZID100","000000004","pooja","18","female","hyderabad", "NA","NO","singer","90000","1","rented","rural");
call    0 returned 1
call    1 returned 1
branch  2 taken 1 (fallthrough)
branch  3 taken 0 (throw)
call    4 returned 1
call    5 returned 1
branch  6 taken 1 (fallthrough)
branch  7 taken 0 (throw)
call    8 returned 1
call    9 returned 1
branch 10 taken 1 (fallthrough)
branch 11 taken 0 (throw)
call   12 returned 1
call   13 returned 1
branch 14 taken 1 (fallthrough)
branch 15 taken 0 (throw)
call   16 returned 1
call   17 returned 1
branch 18 taken 1 (fallthrough)
branch 19 taken 0 (throw)
call   20 returned 1
call   21 returned 1
branch 22 taken 1 (fallthrough)
branch 23 taken 0 (throw)
call   24 returned 1
call   25 returned 1
branch 26 taken 1 (fallthrough)
branch 27 taken 0 (throw)
call   28 returned 1
call   29 returned 1
branch 30 taken 1 (fallthrough)
branch 31 taken 0 (throw)
call   32 returned 1
call   33 returned 1
branch 34 taken 1 (fallthrough)
branch 35 taken 0 (throw)
call   36 returned 1
call   37 returned 1
branch 38 taken 1 (fallthrough)
branch 39 taken 0 (throw)
call   40 returned 1
call   41 returned 1
branch 42 taken 1 (fallthrough)
branch 43 taken 0 (throw)
call   44 returned 1
call   45 returned 1
branch 46 taken 1 (fallthrough)
branch 47 taken 0 (throw)
call   48 returned 1
call   49 returned 1
branch 50 taken 1 (fallthrough)
branch 51 taken 0 (throw)
call   52 returned 1
branch 53 taken 1 (fallthrough)
branch 54 taken 0 (throw)
call   55 returned 1
call   56 returned 1
call   57 returned 1
call   58 returned 1
call   59 returned 1
call   60 returned 1
call   61 returned 1
call   62 returned 1
call   63 returned 1
call   64 returned 1
call   65 returned 1
call   66 returned 1
call   67 returned 1
call   68 returned 1
call   69 returned 1
call   70 returned 1
call   71 returned 1
call   72 returned 1
call   73 returned 1
call   74 returned 1
call   75 returned 1
call   76 returned 1
call   77 returned 1
call   78 returned 1
call   79 returned 1
call   80 returned 1
call   81 never executed
call   82 never executed
call   83 never executed
call   84 never executed
call   85 never executed
call   86 never executed
call   87 never executed
call   88 never executed
call   89 never executed
call   90 never executed
call   91 never executed
call   92 never executed
call   93 never executed
call   94 never executed
call   95 never executed
call   96 never executed
call   97 never executed
call   98 never executed
call   99 never executed
call   100 never executed
call   101 never executed
call   102 never executed
call   103 never executed
call   104 never executed
call   105 never executed
call   106 never executed
        1:   28:	li.push_back(c);
call    0 returned 1
branch  1 taken 1 (fallthrough)
branch  2 taken 0 (throw)
        1:   29:	c.Initial_Create("ZID100","000000005","nick","45","transgender","texas", "btech","YES","architect","12000000","2","rented","urban");
call    0 returned 1
call    1 returned 1
branch  2 taken 1 (fallthrough)
branch  3 taken 0 (throw)
call    4 returned 1
call    5 returned 1
branch  6 taken 1 (fallthrough)
branch  7 taken 0 (throw)
call    8 returned 1
call    9 returned 1
branch 10 taken 1 (fallthrough)
branch 11 taken 0 (throw)
call   12 returned 1
call   13 returned 1
branch 14 taken 1 (fallthrough)
branch 15 taken 0 (throw)
call   16 returned 1
call   17 returned 1
branch 18 taken 1 (fallthrough)
branch 19 taken 0 (throw)
call   20 returned 1
call   21 returned 1
branch 22 taken 1 (fallthrough)
branch 23 taken 0 (throw)
call   24 returned 1
call   25 returned 1
branch 26 taken 1 (fallthrough)
branch 27 taken 0 (throw)
call   28 returned 1
call   29 returned 1
branch 30 taken 1 (fallthrough)
branch 31 taken 0 (throw)
call   32 returned 1
call   33 returned 1
branch 34 taken 1 (fallthrough)
branch 35 taken 0 (throw)
call   36 returned 1
call   37 returned 1
branch 38 taken 1 (fallthrough)
branch 39 taken 0 (throw)
call   40 returned 1
call   41 returned 1
branch 42 taken 1 (fallthrough)
branch 43 taken 0 (throw)
call   44 returned 1
call   45 returned 1
branch 46 taken 1 (fallthrough)
branch 47 taken 0 (throw)
call   48 returned 1
call   49 returned 1
branch 50 taken 1 (fallthrough)
branch 51 taken 0 (throw)
call   52 returned 1
branch 53 taken 1 (fallthrough)
branch 54 taken 0 (throw)
call   55 returned 1
call   56 returned 1
call   57 returned 1
call   58 returned 1
call   59 returned 1
call   60 returned 1
call   61 returned 1
call   62 returned 1
call   63 returned 1
call   64 returned 1
call   65 returned 1
call   66 returned 1
call   67 returned 1
call   68 returned 1
call   69 returned 1
call   70 returned 1
call   71 returned 1
call   72 returned 1
call   73 returned 1
call   74 returned 1
call   75 returned 1
call   76 returned 1
call   77 returned 1
call   78 returned 1
call   79 returned 1
call   80 returned 1
call   81 never executed
call   82 never executed
call   83 never executed
call   84 never executed
call   85 never executed
call   86 never executed
call   87 never executed
call   88 never executed
call   89 never executed
call   90 never executed
call   91 never executed
call   92 never executed
call   93 never executed
call   94 never executed
call   95 never executed
call   96 never executed
call   97 never executed
call   98 never executed
call   99 never executed
call   100 never executed
call   101 never executed
call   102 never executed
call   103 never executed
call   104 never executed
call   105 never executed
call   106 never executed
        1:   30:	li.push_back(c);
call    0 returned 1
branch  1 taken 1 (fallthrough)
branch  2 taken 0 (throw)
        -:   31:	
        1:   32:	c.Initial_Create("ZID100","000000006","nicolas","10","male","california", "LAW","YES","lawyer","1555150","1","onw","urban");
call    0 returned 1
call    1 returned 1
branch  2 taken 1 (fallthrough)
branch  3 taken 0 (throw)
call    4 returned 1
call    5 returned 1
branch  6 taken 1 (fallthrough)
branch  7 taken 0 (throw)
call    8 returned 1
call    9 returned 1
branch 10 taken 1 (fallthrough)
branch 11 taken 0 (throw)
call   12 returned 1
call   13 returned 1
branch 14 taken 1 (fallthrough)
branch 15 taken 0 (throw)
call   16 returned 1
call   17 returned 1
branch 18 taken 1 (fallthrough)
branch 19 taken 0 (throw)
call   20 returned 1
call   21 returned 1
branch 22 taken 1 (fallthrough)
branch 23 taken 0 (throw)
call   24 returned 1
call   25 returned 1
branch 26 taken 1 (fallthrough)
branch 27 taken 0 (throw)
call   28 returned 1
call   29 returned 1
branch 30 taken 1 (fallthrough)
branch 31 taken 0 (throw)
call   32 returned 1
call   33 returned 1
branch 34 taken 1 (fallthrough)
branch 35 taken 0 (throw)
call   36 returned 1
call   37 returned 1
branch 38 taken 1 (fallthrough)
branch 39 taken 0 (throw)
call   40 returned 1
call   41 returned 1
branch 42 taken 1 (fallthrough)
branch 43 taken 0 (throw)
call   44 returned 1
call   45 returned 1
branch 46 taken 1 (fallthrough)
branch 47 taken 0 (throw)
call   48 returned 1
call   49 returned 1
branch 50 taken 1 (fallthrough)
branch 51 taken 0 (throw)
call   52 returned 1
branch 53 taken 1 (fallthrough)
branch 54 taken 0 (throw)
call   55 returned 1
call   56 returned 1
call   57 returned 1
call   58 returned 1
call   59 returned 1
call   60 returned 1
call   61 returned 1
call   62 returned 1
call   63 returned 1
call   64 returned 1
call   65 returned 1
call   66 returned 1
call   67 returned 1
call   68 returned 1
call   69 returned 1
call   70 returned 1
call   71 returned 1
call   72 returned 1
call   73 returned 1
call   74 returned 1
call   75 returned 1
call   76 returned 1
call   77 returned 1
call   78 returned 1
call   79 returned 1
call   80 returned 1
call   81 never executed
call   82 never executed
call   83 never executed
call   84 never executed
call   85 never executed
call   86 never executed
call   87 never executed
call   88 never executed
call   89 never executed
call   90 never executed
call   91 never executed
call   92 never executed
call   93 never executed
call   94 never executed
call   95 never executed
call   96 never executed
call   97 never executed
call   98 never executed
call   99 never executed
call   100 never executed
call   101 never executed
call   102 never executed
call   103 never executed
call   104 never executed
call   105 never executed
call   106 never executed
        1:   33:	li.push_back(c);
call    0 returned 1
branch  1 taken 1 (fallthrough)
branch  2 taken 0 (throw)
        1:   34:	c.Initial_Create("ZID100","000000007","modi","65","male","dehli", "10th","YES","PM","5000000","12","own","urban");
call    0 returned 1
call    1 returned 1
branch  2 taken 1 (fallthrough)
branch  3 taken 0 (throw)
call    4 returned 1
call    5 returned 1
branch  6 taken 1 (fallthrough)
branch  7 taken 0 (throw)
call    8 returned 1
call    9 returned 1
branch 10 taken 1 (fallthrough)
branch 11 taken 0 (throw)
call   12 returned 1
call   13 returned 1
branch 14 taken 1 (fallthrough)
branch 15 taken 0 (throw)
call   16 returned 1
call   17 returned 1
branch 18 taken 1 (fallthrough)
branch 19 taken 0 (throw)
call   20 returned 1
call   21 returned 1
branch 22 taken 1 (fallthrough)
branch 23 taken 0 (throw)
call   24 returned 1
call   25 returned 1
branch 26 taken 1 (fallthrough)
branch 27 taken 0 (throw)
call   28 returned 1
call   29 returned 1
branch 30 taken 1 (fallthrough)
branch 31 taken 0 (throw)
call   32 returned 1
call   33 returned 1
branch 34 taken 1 (fallthrough)
branch 35 taken 0 (throw)
call   36 returned 1
call   37 returned 1
branch 38 taken 1 (fallthrough)
branch 39 taken 0 (throw)
call   40 returned 1
call   41 returned 1
branch 42 taken 1 (fallthrough)
branch 43 taken 0 (throw)
call   44 returned 1
call   45 returned 1
branch 46 taken 1 (fallthrough)
branch 47 taken 0 (throw)
call   48 returned 1
call   49 returned 1
branch 50 taken 1 (fallthrough)
branch 51 taken 0 (throw)
call   52 returned 1
branch 53 taken 1 (fallthrough)
branch 54 taken 0 (throw)
call   55 returned 1
call   56 returned 1
call   57 returned 1
call   58 returned 1
call   59 returned 1
call   60 returned 1
call   61 returned 1
call   62 returned 1
call   63 returned 1
call   64 returned 1
call   65 returned 1
call   66 returned 1
call   67 returned 1
call   68 returned 1
call   69 returned 1
call   70 returned 1
call   71 returned 1
call   72 returned 1
call   73 returned 1
call   74 returned 1
call   75 returned 1
call   76 returned 1
call   77 returned 1
call   78 returned 1
call   79 returned 1
call   80 returned 1
call   81 never executed
call   82 never executed
call   83 never executed
call   84 never executed
call   85 never executed
call   86 never executed
call   87 never executed
call   88 never executed
call   89 never executed
call   90 never executed
call   91 never executed
call   92 never executed
call   93 never executed
call   94 never executed
call   95 never executed
call   96 never executed
call   97 never executed
call   98 never executed
call   99 never executed
call   100 never executed
call   101 never executed
call   102 never executed
call   103 never executed
call   104 never executed
call   105 never executed
call   106 never executed
        1:   35:	li.push_back(c);
call    0 returned 1
branch  1 taken 1 (fallthrough)
branch  2 taken 0 (throw)
        1:   36:	c.Initial_Create("ZID100","000000008","arvind","25","transgender","goa", "NA","NO","dancer","14250555","1","rented","rural");
call    0 returned 1
call    1 returned 1
branch  2 taken 1 (fallthrough)
branch  3 taken 0 (throw)
call    4 returned 1
call    5 returned 1
branch  6 taken 1 (fallthrough)
branch  7 taken 0 (throw)
call    8 returned 1
call    9 returned 1
branch 10 taken 1 (fallthrough)
branch 11 taken 0 (throw)
call   12 returned 1
call   13 returned 1
branch 14 taken 1 (fallthrough)
branch 15 taken 0 (throw)
call   16 returned 1
call   17 returned 1
branch 18 taken 1 (fallthrough)
branch 19 taken 0 (throw)
call   20 returned 1
call   21 returned 1
branch 22 taken 1 (fallthrough)
branch 23 taken 0 (throw)
call   24 returned 1
call   25 returned 1
branch 26 taken 1 (fallthrough)
branch 27 taken 0 (throw)
call   28 returned 1
call   29 returned 1
branch 30 taken 1 (fallthrough)
branch 31 taken 0 (throw)
call   32 returned 1
call   33 returned 1
branch 34 taken 1 (fallthrough)
branch 35 taken 0 (throw)
call   36 returned 1
call   37 returned 1
branch 38 taken 1 (fallthrough)
branch 39 taken 0 (throw)
call   40 returned 1
call   41 returned 1
branch 42 taken 1 (fallthrough)
branch 43 taken 0 (throw)
call   44 returned 1
call   45 returned 1
branch 46 taken 1 (fallthrough)
branch 47 taken 0 (throw)
call   48 returned 1
call   49 returned 1
branch 50 taken 1 (fallthrough)
branch 51 taken 0 (throw)
call   52 returned 1
branch 53 taken 1 (fallthrough)
branch 54 taken 0 (throw)
call   55 returned 1
call   56 returned 1
call   57 returned 1
call   58 returned 1
call   59 returned 1
call   60 returned 1
call   61 returned 1
call   62 returned 1
call   63 returned 1
call   64 returned 1
call   65 returned 1
call   66 returned 1
call   67 returned 1
call   68 returned 1
call   69 returned 1
call   70 returned 1
call   71 returned 1
call   72 returned 1
call   73 returned 1
call   74 returned 1
call   75 returned 1
call   76 returned 1
call   77 returned 1
call   78 returned 1
call   79 returned 1
call   80 returned 1
call   81 never executed
call   82 never executed
call   83 never executed
call   84 never executed
call   85 never executed
call   86 never executed
call   87 never executed
call   88 never executed
call   89 never executed
call   90 never executed
call   91 never executed
call   92 never executed
call   93 never executed
call   94 never executed
call   95 never executed
call   96 never executed
call   97 never executed
call   98 never executed
call   99 never executed
call   100 never executed
call   101 never executed
call   102 never executed
call   103 never executed
call   104 never executed
call   105 never executed
call   106 never executed
        1:   37:	li.push_back(c);
call    0 returned 1
branch  1 taken 1 (fallthrough)
branch  2 taken 0 (throw)
        1:   38:	c.Initial_Create("ZID100","000000009","tina","21","female","punjab", "Bsc","YES","IT","44646556","2","own","rural");
call    0 returned 1
call    1 returned 1
branch  2 taken 1 (fallthrough)
branch  3 taken 0 (throw)
call    4 returned 1
call    5 returned 1
branch  6 taken 1 (fallthrough)
branch  7 taken 0 (throw)
call    8 returned 1
call    9 returned 1
branch 10 taken 1 (fallthrough)
branch 11 taken 0 (throw)
call   12 returned 1
call   13 returned 1
branch 14 taken 1 (fallthrough)
branch 15 taken 0 (throw)
call   16 returned 1
call   17 returned 1
branch 18 taken 1 (fallthrough)
branch 19 taken 0 (throw)
call   20 returned 1
call   21 returned 1
branch 22 taken 1 (fallthrough)
branch 23 taken 0 (throw)
call   24 returned 1
call   25 returned 1
branch 26 taken 1 (fallthrough)
branch 27 taken 0 (throw)
call   28 returned 1
call   29 returned 1
branch 30 taken 1 (fallthrough)
branch 31 taken 0 (throw)
call   32 returned 1
call   33 returned 1
branch 34 taken 1 (fallthrough)
branch 35 taken 0 (throw)
call   36 returned 1
call   37 returned 1
branch 38 taken 1 (fallthrough)
branch 39 taken 0 (throw)
call   40 returned 1
call   41 returned 1
branch 42 taken 1 (fallthrough)
branch 43 taken 0 (throw)
call   44 returned 1
call   45 returned 1
branch 46 taken 1 (fallthrough)
branch 47 taken 0 (throw)
call   48 returned 1
call   49 returned 1
branch 50 taken 1 (fallthrough)
branch 51 taken 0 (throw)
call   52 returned 1
branch 53 taken 1 (fallthrough)
branch 54 taken 0 (throw)
call   55 returned 1
call   56 returned 1
call   57 returned 1
call   58 returned 1
call   59 returned 1
call   60 returned 1
call   61 returned 1
call   62 returned 1
call   63 returned 1
call   64 returned 1
call   65 returned 1
call   66 returned 1
call   67 returned 1
call   68 returned 1
call   69 returned 1
call   70 returned 1
call   71 returned 1
call   72 returned 1
call   73 returned 1
call   74 returned 1
call   75 returned 1
call   76 returned 1
call   77 returned 1
call   78 returned 1
call   79 returned 1
call   80 returned 1
call   81 never executed
call   82 never executed
call   83 never executed
call   84 never executed
call   85 never executed
call   86 never executed
call   87 never executed
call   88 never executed
call   89 never executed
call   90 never executed
call   91 never executed
call   92 never executed
call   93 never executed
call   94 never executed
call   95 never executed
call   96 never executed
call   97 never executed
call   98 never executed
call   99 never executed
call   100 never executed
call   101 never executed
call   102 never executed
call   103 never executed
call   104 never executed
call   105 never executed
call   106 never executed
        1:   39:	li.push_back(c);
call    0 returned 1
branch  1 taken 1 (fallthrough)
branch  2 taken 0 (throw)
        1:   40:	c.Initial_Create("ZID100","000000010","shruti","21","female","worli", "Bscit","YES","IT","5654535","3","rented","urban");
call    0 returned 1
call    1 returned 1
branch  2 taken 1 (fallthrough)
branch  3 taken 0 (throw)
call    4 returned 1
call    5 returned 1
branch  6 taken 1 (fallthrough)
branch  7 taken 0 (throw)
call    8 returned 1
call    9 returned 1
branch 10 taken 1 (fallthrough)
branch 11 taken 0 (throw)
call   12 returned 1
call   13 returned 1
branch 14 taken 1 (fallthrough)
branch 15 taken 0 (throw)
call   16 returned 1
call   17 returned 1
branch 18 taken 1 (fallthrough)
branch 19 taken 0 (throw)
call   20 returned 1
call   21 returned 1
branch 22 taken 1 (fallthrough)
branch 23 taken 0 (throw)
call   24 returned 1
call   25 returned 1
branch 26 taken 1 (fallthrough)
branch 27 taken 0 (throw)
call   28 returned 1
call   29 returned 1
branch 30 taken 1 (fallthrough)
branch 31 taken 0 (throw)
call   32 returned 1
call   33 returned 1
branch 34 taken 1 (fallthrough)
branch 35 taken 0 (throw)
call   36 returned 1
call   37 returned 1
branch 38 taken 1 (fallthrough)
branch 39 taken 0 (throw)
call   40 returned 1
call   41 returned 1
branch 42 taken 1 (fallthrough)
branch 43 taken 0 (throw)
call   44 returned 1
call   45 returned 1
branch 46 taken 1 (fallthrough)
branch 47 taken 0 (throw)
call   48 returned 1
call   49 returned 1
branch 50 taken 1 (fallthrough)
branch 51 taken 0 (throw)
call   52 returned 1
branch 53 taken 1 (fallthrough)
branch 54 taken 0 (throw)
call   55 returned 1
call   56 returned 1
call   57 returned 1
call   58 returned 1
call   59 returned 1
call   60 returned 1
call   61 returned 1
call   62 returned 1
call   63 returned 1
call   64 returned 1
call   65 returned 1
call   66 returned 1
call   67 returned 1
call   68 returned 1
call   69 returned 1
call   70 returned 1
call   71 returned 1
call   72 returned 1
call   73 returned 1
call   74 returned 1
call   75 returned 1
call   76 returned 1
call   77 returned 1
call   78 returned 1
call   79 returned 1
call   80 returned 1
call   81 never executed
call   82 never executed
call   83 never executed
call   84 never executed
call   85 never executed
call   86 never executed
call   87 never executed
call   88 never executed
call   89 never executed
call   90 never executed
call   91 never executed
call   92 never executed
call   93 never executed
call   94 never executed
call   95 never executed
call   96 never executed
call   97 never executed
call   98 never executed
call   99 never executed
call   100 never executed
call   101 never executed
call   102 never executed
call   103 never executed
call   104 never executed
call   105 never executed
call   106 never executed
        1:   41:	li.push_back(c);
call    0 returned 1
branch  1 taken 1 (fallthrough)
branch  2 taken 0 (throw)
        -:   42:
        1:   43:	c.Initial_Create("ZID100","000000011","james","30","male","wadala", "NA","NO","farmer","80000","4","own","urban");
call    0 returned 1
call    1 returned 1
branch  2 taken 1 (fallthrough)
branch  3 taken 0 (throw)
call    4 returned 1
call    5 returned 1
branch  6 taken 1 (fallthrough)
branch  7 taken 0 (throw)
call    8 returned 1
call    9 returned 1
branch 10 taken 1 (fallthrough)
branch 11 taken 0 (throw)
call   12 returned 1
call   13 returned 1
branch 14 taken 1 (fallthrough)
branch 15 taken 0 (throw)
call   16 returned 1
call   17 returned 1
branch 18 taken 1 (fallthrough)
branch 19 taken 0 (throw)
call   20 returned 1
call   21 returned 1
branch 22 taken 1 (fallthrough)
branch 23 taken 0 (throw)
call   24 returned 1
call   25 returned 1
branch 26 taken 1 (fallthrough)
branch 27 taken 0 (throw)
call   28 returned 1
call   29 returned 1
branch 30 taken 1 (fallthrough)
branch 31 taken 0 (throw)
call   32 returned 1
call   33 returned 1
branch 34 taken 1 (fallthrough)
branch 35 taken 0 (throw)
call   36 returned 1
call   37 returned 1
branch 38 taken 1 (fallthrough)
branch 39 taken 0 (throw)
call   40 returned 1
call   41 returned 1
branch 42 taken 1 (fallthrough)
branch 43 taken 0 (throw)
call   44 returned 1
call   45 returned 1
branch 46 taken 1 (fallthrough)
branch 47 taken 0 (throw)
call   48 returned 1
call   49 returned 1
branch 50 taken 1 (fallthrough)
branch 51 taken 0 (throw)
call   52 returned 1
branch 53 taken 1 (fallthrough)
branch 54 taken 0 (throw)
call   55 returned 1
call   56 returned 1
call   57 returned 1
call   58 returned 1
call   59 returned 1
call   60 returned 1
call   61 returned 1
call   62 returned 1
call   63 returned 1
call   64 returned 1
call   65 returned 1
call   66 returned 1
call   67 returned 1
call   68 returned 1
call   69 returned 1
call   70 returned 1
call   71 returned 1
call   72 returned 1
call   73 returned 1
call   74 returned 1
call   75 returned 1
call   76 returned 1
call   77 returned 1
call   78 returned 1
call   79 returned 1
call   80 returned 1
call   81 never executed
call   82 never executed
call   83 never executed
call   84 never executed
call   85 never executed
call   86 never executed
call   87 never executed
call   88 never executed
call   89 never executed
call   90 never executed
call   91 never executed
call   92 never executed
call   93 never executed
call   94 never executed
call   95 never executed
call   96 never executed
call   97 never executed
call   98 never executed
call   99 never executed
call   100 never executed
call   101 never executed
call   102 never executed
call   103 never executed
call   104 never executed
call   105 never executed
call   106 never executed
        1:   44:	li.push_back(c);
call    0 returned 1
branch  1 taken 1 (fallthrough)
branch  2 taken 0 (throw)
        1:   45:	c.Initial_Create("ZID100","000000012","rock","28","transgender","jogeshwari", "NA","NO","coach","54654651","1","own","rural");
call    0 returned 1
call    1 returned 1
branch  2 taken 1 (fallthrough)
branch  3 taken 0 (throw)
call    4 returned 1
call    5 returned 1
branch  6 taken 1 (fallthrough)
branch  7 taken 0 (throw)
call    8 returned 1
call    9 returned 1
branch 10 taken 1 (fallthrough)
branch 11 taken 0 (throw)
call   12 returned 1
call   13 returned 1
branch 14 taken 1 (fallthrough)
branch 15 taken 0 (throw)
call   16 returned 1
call   17 returned 1
branch 18 taken 1 (fallthrough)
branch 19 taken 0 (throw)
call   20 returned 1
call   21 returned 1
branch 22 taken 1 (fallthrough)
branch 23 taken 0 (throw)
call   24 returned 1
call   25 returned 1
branch 26 taken 1 (fallthrough)
branch 27 taken 0 (throw)
call   28 returned 1
call   29 returned 1
branch 30 taken 1 (fallthrough)
branch 31 taken 0 (throw)
call   32 returned 1
call   33 returned 1
branch 34 taken 1 (fallthrough)
branch 35 taken 0 (throw)
call   36 returned 1
call   37 returned 1
branch 38 taken 1 (fallthrough)
branch 39 taken 0 (throw)
call   40 returned 1
call   41 returned 1
branch 42 taken 1 (fallthrough)
branch 43 taken 0 (throw)
call   44 returned 1
call   45 returned 1
branch 46 taken 1 (fallthrough)
branch 47 taken 0 (throw)
call   48 returned 1
call   49 returned 1
branch 50 taken 1 (fallthrough)
branch 51 taken 0 (throw)
call   52 returned 1
branch 53 taken 1 (fallthrough)
branch 54 taken 0 (throw)
call   55 returned 1
call   56 returned 1
call   57 returned 1
call   58 returned 1
call   59 returned 1
call   60 returned 1
call   61 returned 1
call   62 returned 1
call   63 returned 1
call   64 returned 1
call   65 returned 1
call   66 returned 1
call   67 returned 1
call   68 returned 1
call   69 returned 1
call   70 returned 1
call   71 returned 1
call   72 returned 1
call   73 returned 1
call   74 returned 1
call   75 returned 1
call   76 returned 1
call   77 returned 1
call   78 returned 1
call   79 returned 1
call   80 returned 1
call   81 never executed
call   82 never executed
call   83 never executed
call   84 never executed
call   85 never executed
call   86 never executed
call   87 never executed
call   88 never executed
call   89 never executed
call   90 never executed
call   91 never executed
call   92 never executed
call   93 never executed
call   94 never executed
call   95 never executed
call   96 never executed
call   97 never executed
call   98 never executed
call   99 never executed
call   100 never executed
call   101 never executed
call   102 never executed
call   103 never executed
call   104 never executed
call   105 never executed
call   106 never executed
        1:   46:	li.push_back(c);
call    0 returned 1
branch  1 taken 1 (fallthrough)
branch  2 taken 0 (throw)
        1:   47:	c.Initial_Create("ZID100","000000013","archana","45","female","sion", "BSc","YES","IT","46544555545","2","rented","rural");
call    0 returned 1
call    1 returned 1
branch  2 taken 1 (fallthrough)
branch  3 taken 0 (throw)
call    4 returned 1
call    5 returned 1
branch  6 taken 1 (fallthrough)
branch  7 taken 0 (throw)
call    8 returned 1
call    9 returned 1
branch 10 taken 1 (fallthrough)
branch 11 taken 0 (throw)
call   12 returned 1
call   13 returned 1
branch 14 taken 1 (fallthrough)
branch 15 taken 0 (throw)
call   16 returned 1
call   17 returned 1
branch 18 taken 1 (fallthrough)
branch 19 taken 0 (throw)
call   20 returned 1
call   21 returned 1
branch 22 taken 1 (fallthrough)
branch 23 taken 0 (throw)
call   24 returned 1
call   25 returned 1
branch 26 taken 1 (fallthrough)
branch 27 taken 0 (throw)
call   28 returned 1
call   29 returned 1
branch 30 taken 1 (fallthrough)
branch 31 taken 0 (throw)
call   32 returned 1
call   33 returned 1
branch 34 taken 1 (fallthrough)
branch 35 taken 0 (throw)
call   36 returned 1
call   37 returned 1
branch 38 taken 1 (fallthrough)
branch 39 taken 0 (throw)
call   40 returned 1
call   41 returned 1
branch 42 taken 1 (fallthrough)
branch 43 taken 0 (throw)
call   44 returned 1
call   45 returned 1
branch 46 taken 1 (fallthrough)
branch 47 taken 0 (throw)
call   48 returned 1
call   49 returned 1
branch 50 taken 1 (fallthrough)
branch 51 taken 0 (throw)
call   52 returned 1
branch 53 taken 1 (fallthrough)
branch 54 taken 0 (throw)
call   55 returned 1
call   56 returned 1
call   57 returned 1
call   58 returned 1
call   59 returned 1
call   60 returned 1
call   61 returned 1
call   62 returned 1
call   63 returned 1
call   64 returned 1
call   65 returned 1
call   66 returned 1
call   67 returned 1
call   68 returned 1
call   69 returned 1
call   70 returned 1
call   71 returned 1
call   72 returned 1
call   73 returned 1
call   74 returned 1
call   75 returned 1
call   76 returned 1
call   77 returned 1
call   78 returned 1
call   79 returned 1
call   80 returned 1
call   81 never executed
call   82 never executed
call   83 never executed
call   84 never executed
call   85 never executed
call   86 never executed
call   87 never executed
call   88 never executed
call   89 never executed
call   90 never executed
call   91 never executed
call   92 never executed
call   93 never executed
call   94 never executed
call   95 never executed
call   96 never executed
call   97 never executed
call   98 never executed
call   99 never executed
call   100 never executed
call   101 never executed
call   102 never executed
call   103 never executed
call   104 never executed
call   105 never executed
call   106 never executed
        1:   48:	li.push_back(c);
call    0 returned 1
branch  1 taken 1 (fallthrough)
branch  2 taken 0 (throw)
        1:   49:	c.Initial_Create("ZID100","000000014","roy","8","male","matunga", "4th","YES","farmer","5656655","1","own","urban");
call    0 returned 1
call    1 returned 1
branch  2 taken 1 (fallthrough)
branch  3 taken 0 (throw)
call    4 returned 1
call    5 returned 1
branch  6 taken 1 (fallthrough)
branch  7 taken 0 (throw)
call    8 returned 1
call    9 returned 1
branch 10 taken 1 (fallthrough)
branch 11 taken 0 (throw)
call   12 returned 1
call   13 returned 1
branch 14 taken 1 (fallthrough)
branch 15 taken 0 (throw)
call   16 returned 1
call   17 returned 1
branch 18 taken 1 (fallthrough)
branch 19 taken 0 (throw)
call   20 returned 1
call   21 returned 1
branch 22 taken 1 (fallthrough)
branch 23 taken 0 (throw)
call   24 returned 1
call   25 returned 1
branch 26 taken 1 (fallthrough)
branch 27 taken 0 (throw)
call   28 returned 1
call   29 returned 1
branch 30 taken 1 (fallthrough)
branch 31 taken 0 (throw)
call   32 returned 1
call   33 returned 1
branch 34 taken 1 (fallthrough)
branch 35 taken 0 (throw)
call   36 returned 1
call   37 returned 1
branch 38 taken 1 (fallthrough)
branch 39 taken 0 (throw)
call   40 returned 1
call   41 returned 1
branch 42 taken 1 (fallthrough)
branch 43 taken 0 (throw)
call   44 returned 1
call   45 returned 1
branch 46 taken 1 (fallthrough)
branch 47 taken 0 (throw)
call   48 returned 1
call   49 returned 1
branch 50 taken 1 (fallthrough)
branch 51 taken 0 (throw)
call   52 returned 1
branch 53 taken 1 (fallthrough)
branch 54 taken 0 (throw)
call   55 returned 1
call   56 returned 1
call   57 returned 1
call   58 returned 1
call   59 returned 1
call   60 returned 1
call   61 returned 1
call   62 returned 1
call   63 returned 1
call   64 returned 1
call   65 returned 1
call   66 returned 1
call   67 returned 1
call   68 returned 1
call   69 returned 1
call   70 returned 1
call   71 returned 1
call   72 returned 1
call   73 returned 1
call   74 returned 1
call   75 returned 1
call   76 returned 1
call   77 returned 1
call   78 returned 1
call   79 returned 1
call   80 returned 1
call   81 never executed
call   82 never executed
call   83 never executed
call   84 never executed
call   85 never executed
call   86 never executed
call   87 never executed
call   88 never executed
call   89 never executed
call   90 never executed
call   91 never executed
call   92 never executed
call   93 never executed
call   94 never executed
call   95 never executed
call   96 never executed
call   97 never executed
call   98 never executed
call   99 never executed
call   100 never executed
call   101 never executed
call   102 never executed
call   103 never executed
call   104 never executed
call   105 never executed
call   106 never executed
        1:   50:	li.push_back(c);
call    0 returned 1
branch  1 taken 1 (fallthrough)
branch  2 taken 0 (throw)
        1:   51:	c.Initial_Create("ZID100","000000015","raman","26","male","mumbai", "NA","NO","farmer","80000","4","own","urban");
call    0 returned 1
call    1 returned 1
branch  2 taken 1 (fallthrough)
branch  3 taken 0 (throw)
call    4 returned 1
call    5 returned 1
branch  6 taken 1 (fallthrough)
branch  7 taken 0 (throw)
call    8 returned 1
call    9 returned 1
branch 10 taken 1 (fallthrough)
branch 11 taken 0 (throw)
call   12 returned 1
call   13 returned 1
branch 14 taken 1 (fallthrough)
branch 15 taken 0 (throw)
call   16 returned 1
call   17 returned 1
branch 18 taken 1 (fallthrough)
branch 19 taken 0 (throw)
call   20 returned 1
call   21 returned 1
branch 22 taken 1 (fallthrough)
branch 23 taken 0 (throw)
call   24 returned 1
call   25 returned 1
branch 26 taken 1 (fallthrough)
branch 27 taken 0 (throw)
call   28 returned 1
call   29 returned 1
branch 30 taken 1 (fallthrough)
branch 31 taken 0 (throw)
call   32 returned 1
call   33 returned 1
branch 34 taken 1 (fallthrough)
branch 35 taken 0 (throw)
call   36 returned 1
call   37 returned 1
branch 38 taken 1 (fallthrough)
branch 39 taken 0 (throw)
call   40 returned 1
call   41 returned 1
branch 42 taken 1 (fallthrough)
branch 43 taken 0 (throw)
call   44 returned 1
call   45 returned 1
branch 46 taken 1 (fallthrough)
branch 47 taken 0 (throw)
call   48 returned 1
call   49 returned 1
branch 50 taken 1 (fallthrough)
branch 51 taken 0 (throw)
call   52 returned 1
branch 53 taken 1 (fallthrough)
branch 54 taken 0 (throw)
call   55 returned 1
call   56 returned 1
call   57 returned 1
call   58 returned 1
call   59 returned 1
call   60 returned 1
call   61 returned 1
call   62 returned 1
call   63 returned 1
call   64 returned 1
call   65 returned 1
call   66 returned 1
call   67 returned 1
call   68 returned 1
call   69 returned 1
call   70 returned 1
call   71 returned 1
call   72 returned 1
call   73 returned 1
call   74 returned 1
call   75 returned 1
call   76 returned 1
call   77 returned 1
call   78 returned 1
call   79 returned 1
call   80 returned 1
call   81 never executed
call   82 never executed
call   83 never executed
call   84 never executed
call   85 never executed
call   86 never executed
call   87 never executed
call   88 never executed
call   89 never executed
call   90 never executed
call   91 never executed
call   92 never executed
call   93 never executed
call   94 never executed
call   95 never executed
call   96 never executed
call   97 never executed
call   98 never executed
call   99 never executed
call   100 never executed
call   101 never executed
call   102 never executed
call   103 never executed
call   104 never executed
call   105 never executed
call   106 never executed
        1:   52:	li.push_back(c);
call    0 returned 1
branch  1 taken 1 (fallthrough)
branch  2 taken 0 (throw)
        -:   53:
        -:   54:
        1:   55:	c.Initial_Create("ZID200","100000001","Rohit","20","male","Banglore", "Bcom","YES","eng","800000","2","own","urban");
call    0 returned 1
call    1 returned 1
branch  2 taken 1 (fallthrough)
branch  3 taken 0 (throw)
call    4 returned 1
call    5 returned 1
branch  6 taken 1 (fallthrough)
branch  7 taken 0 (throw)
call    8 returned 1
call    9 returned 1
branch 10 taken 1 (fallthrough)
branch 11 taken 0 (throw)
call   12 returned 1
call   13 returned 1
branch 14 taken 1 (fallthrough)
branch 15 taken 0 (throw)
call   16 returned 1
call   17 returned 1
branch 18 taken 1 (fallthrough)
branch 19 taken 0 (throw)
call   20 returned 1
call   21 returned 1
branch 22 taken 1 (fallthrough)
branch 23 taken 0 (throw)
call   24 returned 1
call   25 returned 1
branch 26 taken 1 (fallthrough)
branch 27 taken 0 (throw)
call   28 returned 1
call   29 returned 1
branch 30 taken 1 (fallthrough)
branch 31 taken 0 (throw)
call   32 returned 1
call   33 returned 1
branch 34 taken 1 (fallthrough)
branch 35 taken 0 (throw)
call   36 returned 1
call   37 returned 1
branch 38 taken 1 (fallthrough)
branch 39 taken 0 (throw)
call   40 returned 1
call   41 returned 1
branch 42 taken 1 (fallthrough)
branch 43 taken 0 (throw)
call   44 returned 1
call   45 returned 1
branch 46 taken 1 (fallthrough)
branch 47 taken 0 (throw)
call   48 returned 1
call   49 returned 1
branch 50 taken 1 (fallthrough)
branch 51 taken 0 (throw)
call   52 returned 1
branch 53 taken 1 (fallthrough)
branch 54 taken 0 (throw)
call   55 returned 1
call   56 returned 1
call   57 returned 1
call   58 returned 1
call   59 returned 1
call   60 returned 1
call   61 returned 1
call   62 returned 1
call   63 returned 1
call   64 returned 1
call   65 returned 1
call   66 returned 1
call   67 returned 1
call   68 returned 1
call   69 returned 1
call   70 returned 1
call   71 returned 1
call   72 returned 1
call   73 returned 1
call   74 returned 1
call   75 returned 1
call   76 returned 1
call   77 returned 1
call   78 returned 1
call   79 returned 1
call   80 returned 1
call   81 never executed
call   82 never executed
call   83 never executed
call   84 never executed
call   85 never executed
call   86 never executed
call   87 never executed
call   88 never executed
call   89 never executed
call   90 never executed
call   91 never executed
call   92 never executed
call   93 never executed
call   94 never executed
call   95 never executed
call   96 never executed
call   97 never executed
call   98 never executed
call   99 never executed
call   100 never executed
call   101 never executed
call   102 never executed
call   103 never executed
call   104 never executed
call   105 never executed
call   106 never executed
        1:   56:	li.push_back(c);
call    0 returned 1
branch  1 taken 1 (fallthrough)
branch  2 taken 0 (throw)
        -:   57:
        1:   58:c.Initial_Create("ZID200","100000002","Mansavi","22","female","Thane", "Eng","YES","bcom","300000","4","own","urban");
call    0 returned 1
call    1 returned 1
branch  2 taken 1 (fallthrough)
branch  3 taken 0 (throw)
call    4 returned 1
call    5 returned 1
branch  6 taken 1 (fallthrough)
branch  7 taken 0 (throw)
call    8 returned 1
call    9 returned 1
branch 10 taken 1 (fallthrough)
branch 11 taken 0 (throw)
call   12 returned 1
call   13 returned 1
branch 14 taken 1 (fallthrough)
branch 15 taken 0 (throw)
call   16 returned 1
call   17 returned 1
branch 18 taken 1 (fallthrough)
branch 19 taken 0 (throw)
call   20 returned 1
call   21 returned 1
branch 22 taken 1 (fallthrough)
branch 23 taken 0 (throw)
call   24 returned 1
call   25 returned 1
branch 26 taken 1 (fallthrough)
branch 27 taken 0 (throw)
call   28 returned 1
call   29 returned 1
branch 30 taken 1 (fallthrough)
branch 31 taken 0 (throw)
call   32 returned 1
call   33 returned 1
branch 34 taken 1 (fallthrough)
branch 35 taken 0 (throw)
call   36 returned 1
call   37 returned 1
branch 38 taken 1 (fallthrough)
branch 39 taken 0 (throw)
call   40 returned 1
call   41 returned 1
branch 42 taken 1 (fallthrough)
branch 43 taken 0 (throw)
call   44 returned 1
call   45 returned 1
branch 46 taken 1 (fallthrough)
branch 47 taken 0 (throw)
call   48 returned 1
call   49 returned 1
branch 50 taken 1 (fallthrough)
branch 51 taken 0 (throw)
call   52 returned 1
branch 53 taken 1 (fallthrough)
branch 54 taken 0 (throw)
call   55 returned 1
call   56 returned 1
call   57 returned 1
call   58 returned 1
call   59 returned 1
call   60 returned 1
call   61 returned 1
call   62 returned 1
call   63 returned 1
call   64 returned 1
call   65 returned 1
call   66 returned 1
call   67 returned 1
call   68 returned 1
call   69 returned 1
call   70 returned 1
call   71 returned 1
call   72 returned 1
call   73 returned 1
call   74 returned 1
call   75 returned 1
call   76 returned 1
call   77 returned 1
call   78 returned 1
call   79 returned 1
call   80 returned 1
call   81 never executed
call   82 never executed
call   83 never executed
call   84 never executed
call   85 never executed
call   86 never executed
call   87 never executed
call   88 never executed
call   89 never executed
call   90 never executed
call   91 never executed
call   92 never executed
call   93 never executed
call   94 never executed
call   95 never executed
call   96 never executed
call   97 never executed
call   98 never executed
call   99 never executed
call   100 never executed
call   101 never executed
call   102 never executed
call   103 never executed
call   104 never executed
call   105 never executed
call   106 never executed
        1:   59:	li.push_back(c);
call    0 returned 1
branch  1 taken 1 (fallthrough)
branch  2 taken 0 (throw)
        -:   60:
        1:   61:c.Initial_Create("ZID200","100000003","Prathamesh","50","male","Goa", "Msc","YES","eng","1800000","3","rented","urban");
call    0 returned 1
call    1 returned 1
branch  2 taken 1 (fallthrough)
branch  3 taken 0 (throw)
call    4 returned 1
call    5 returned 1
branch  6 taken 1 (fallthrough)
branch  7 taken 0 (throw)
call    8 returned 1
call    9 returned 1
branch 10 taken 1 (fallthrough)
branch 11 taken 0 (throw)
call   12 returned 1
call   13 returned 1
branch 14 taken 1 (fallthrough)
branch 15 taken 0 (throw)
call   16 returned 1
call   17 returned 1
branch 18 taken 1 (fallthrough)
branch 19 taken 0 (throw)
call   20 returned 1
call   21 returned 1
branch 22 taken 1 (fallthrough)
branch 23 taken 0 (throw)
call   24 returned 1
call   25 returned 1
branch 26 taken 1 (fallthrough)
branch 27 taken 0 (throw)
call   28 returned 1
call   29 returned 1
branch 30 taken 1 (fallthrough)
branch 31 taken 0 (throw)
call   32 returned 1
call   33 returned 1
branch 34 taken 1 (fallthrough)
branch 35 taken 0 (throw)
call   36 returned 1
call   37 returned 1
branch 38 taken 1 (fallthrough)
branch 39 taken 0 (throw)
call   40 returned 1
call   41 returned 1
branch 42 taken 1 (fallthrough)
branch 43 taken 0 (throw)
call   44 returned 1
call   45 returned 1
branch 46 taken 1 (fallthrough)
branch 47 taken 0 (throw)
call   48 returned 1
call   49 returned 1
branch 50 taken 1 (fallthrough)
branch 51 taken 0 (throw)
call   52 returned 1
branch 53 taken 1 (fallthrough)
branch 54 taken 0 (throw)
call   55 returned 1
call   56 returned 1
call   57 returned 1
call   58 returned 1
call   59 returned 1
call   60 returned 1
call   61 returned 1
call   62 returned 1
call   63 returned 1
call   64 returned 1
call   65 returned 1
call   66 returned 1
call   67 returned 1
call   68 returned 1
call   69 returned 1
call   70 returned 1
call   71 returned 1
call   72 returned 1
call   73 returned 1
call   74 returned 1
call   75 returned 1
call   76 returned 1
call   77 returned 1
call   78 returned 1
call   79 returned 1
call   80 returned 1
call   81 never executed
call   82 never executed
call   83 never executed
call   84 never executed
call   85 never executed
call   86 never executed
call   87 never executed
call   88 never executed
call   89 never executed
call   90 never executed
call   91 never executed
call   92 never executed
call   93 never executed
call   94 never executed
call   95 never executed
call   96 never executed
call   97 never executed
call   98 never executed
call   99 never executed
call   100 never executed
call   101 never executed
call   102 never executed
call   103 never executed
call   104 never executed
call   105 never executed
call   106 never executed
        1:   62:	li.push_back(c);
call    0 returned 1
branch  1 taken 1 (fallthrough)
branch  2 taken 0 (throw)
        -:   63:
        1:   64:c.Initial_Create("ZID200","100000004","Jai","16","transgender","Pune","bsc","YES","graduate","500000","7","rented","urban");
call    0 returned 1
call    1 returned 1
branch  2 taken 1 (fallthrough)
branch  3 taken 0 (throw)
call    4 returned 1
call    5 returned 1
branch  6 taken 1 (fallthrough)
branch  7 taken 0 (throw)
call    8 returned 1
call    9 returned 1
branch 10 taken 1 (fallthrough)
branch 11 taken 0 (throw)
call   12 returned 1
call   13 returned 1
branch 14 taken 1 (fallthrough)
branch 15 taken 0 (throw)
call   16 returned 1
call   17 returned 1
branch 18 taken 1 (fallthrough)
branch 19 taken 0 (throw)
call   20 returned 1
call   21 returned 1
branch 22 taken 1 (fallthrough)
branch 23 taken 0 (throw)
call   24 returned 1
call   25 returned 1
branch 26 taken 1 (fallthrough)
branch 27 taken 0 (throw)
call   28 returned 1
call   29 returned 1
branch 30 taken 1 (fallthrough)
branch 31 taken 0 (throw)
call   32 returned 1
call   33 returned 1
branch 34 taken 1 (fallthrough)
branch 35 taken 0 (throw)
call   36 returned 1
call   37 returned 1
branch 38 taken 1 (fallthrough)
branch 39 taken 0 (throw)
call   40 returned 1
call   41 returned 1
branch 42 taken 1 (fallthrough)
branch 43 taken 0 (throw)
call   44 returned 1
call   45 returned 1
branch 46 taken 1 (fallthrough)
branch 47 taken 0 (throw)
call   48 returned 1
call   49 returned 1
branch 50 taken 1 (fallthrough)
branch 51 taken 0 (throw)
call   52 returned 1
branch 53 taken 1 (fallthrough)
branch 54 taken 0 (throw)
call   55 returned 1
call   56 returned 1
call   57 returned 1
call   58 returned 1
call   59 returned 1
call   60 returned 1
call   61 returned 1
call   62 returned 1
call   63 returned 1
call   64 returned 1
call   65 returned 1
call   66 returned 1
call   67 returned 1
call   68 returned 1
call   69 returned 1
call   70 returned 1
call   71 returned 1
call   72 returned 1
call   73 returned 1
call   74 returned 1
call   75 returned 1
call   76 returned 1
call   77 returned 1
call   78 returned 1
call   79 returned 1
call   80 returned 1
call   81 never executed
call   82 never executed
call   83 never executed
call   84 never executed
call   85 never executed
call   86 never executed
call   87 never executed
call   88 never executed
call   89 never executed
call   90 never executed
call   91 never executed
call   92 never executed
call   93 never executed
call   94 never executed
call   95 never executed
call   96 never executed
call   97 never executed
call   98 never executed
call   99 never executed
call   100 never executed
call   101 never executed
call   102 never executed
call   103 never executed
call   104 never executed
call   105 never executed
call   106 never executed
        1:   65:	li.push_back(c);
call    0 returned 1
branch  1 taken 1 (fallthrough)
branch  2 taken 0 (throw)
        -:   66:
        1:   67:c.Initial_Create("ZID200","100000005","Pallavi","34","female","Amravati", "B.Ed","YES","teacher","800000","4","own","urban");
call    0 returned 1
call    1 returned 1
branch  2 taken 1 (fallthrough)
branch  3 taken 0 (throw)
call    4 returned 1
call    5 returned 1
branch  6 taken 1 (fallthrough)
branch  7 taken 0 (throw)
call    8 returned 1
call    9 returned 1
branch 10 taken 1 (fallthrough)
branch 11 taken 0 (throw)
call   12 returned 1
call   13 returned 1
branch 14 taken 1 (fallthrough)
branch 15 taken 0 (throw)
call   16 returned 1
call   17 returned 1
branch 18 taken 1 (fallthrough)
branch 19 taken 0 (throw)
call   20 returned 1
call   21 returned 1
branch 22 taken 1 (fallthrough)
branch 23 taken 0 (throw)
call   24 returned 1
call   25 returned 1
branch 26 taken 1 (fallthrough)
branch 27 taken 0 (throw)
call   28 returned 1
call   29 returned 1
branch 30 taken 1 (fallthrough)
branch 31 taken 0 (throw)
call   32 returned 1
call   33 returned 1
branch 34 taken 1 (fallthrough)
branch 35 taken 0 (throw)
call   36 returned 1
call   37 returned 1
branch 38 taken 1 (fallthrough)
branch 39 taken 0 (throw)
call   40 returned 1
call   41 returned 1
branch 42 taken 1 (fallthrough)
branch 43 taken 0 (throw)
call   44 returned 1
call   45 returned 1
branch 46 taken 1 (fallthrough)
branch 47 taken 0 (throw)
call   48 returned 1
call   49 returned 1
branch 50 taken 1 (fallthrough)
branch 51 taken 0 (throw)
call   52 returned 1
branch 53 taken 1 (fallthrough)
branch 54 taken 0 (throw)
call   55 returned 1
call   56 returned 1
call   57 returned 1
call   58 returned 1
call   59 returned 1
call   60 returned 1
call   61 returned 1
call   62 returned 1
call   63 returned 1
call   64 returned 1
call   65 returned 1
call   66 returned 1
call   67 returned 1
call   68 returned 1
call   69 returned 1
call   70 returned 1
call   71 returned 1
call   72 returned 1
call   73 returned 1
call   74 returned 1
call   75 returned 1
call   76 returned 1
call   77 returned 1
call   78 returned 1
call   79 returned 1
call   80 returned 1
call   81 never executed
call   82 never executed
call   83 never executed
call   84 never executed
call   85 never executed
call   86 never executed
call   87 never executed
call   88 never executed
call   89 never executed
call   90 never executed
call   91 never executed
call   92 never executed
call   93 never executed
call   94 never executed
call   95 never executed
call   96 never executed
call   97 never executed
call   98 never executed
call   99 never executed
call   100 never executed
call   101 never executed
call   102 never executed
call   103 never executed
call   104 never executed
call   105 never executed
call   106 never executed
        1:   68:	li.push_back(c);
call    0 returned 1
branch  1 taken 1 (fallthrough)
branch  2 taken 0 (throw)
        -:   69:
        1:   70:c.Initial_Create("ZID200","100000006","Jyoti","21","female","Navi Mumbai", "Mba","YES","manager","1500000","3","own","urban");
call    0 returned 1
call    1 returned 1
branch  2 taken 1 (fallthrough)
branch  3 taken 0 (throw)
call    4 returned 1
call    5 returned 1
branch  6 taken 1 (fallthrough)
branch  7 taken 0 (throw)
call    8 returned 1
call    9 returned 1
branch 10 taken 1 (fallthrough)
branch 11 taken 0 (throw)
call   12 returned 1
call   13 returned 1
branch 14 taken 1 (fallthrough)
branch 15 taken 0 (throw)
call   16 returned 1
call   17 returned 1
branch 18 taken 1 (fallthrough)
branch 19 taken 0 (throw)
call   20 returned 1
call   21 returned 1
branch 22 taken 1 (fallthrough)
branch 23 taken 0 (throw)
call   24 returned 1
call   25 returned 1
branch 26 taken 1 (fallthrough)
branch 27 taken 0 (throw)
call   28 returned 1
call   29 returned 1
branch 30 taken 1 (fallthrough)
branch 31 taken 0 (throw)
call   32 returned 1
call   33 returned 1
branch 34 taken 1 (fallthrough)
branch 35 taken 0 (throw)
call   36 returned 1
call   37 returned 1
branch 38 taken 1 (fallthrough)
branch 39 taken 0 (throw)
call   40 returned 1
call   41 returned 1
branch 42 taken 1 (fallthrough)
branch 43 taken 0 (throw)
call   44 returned 1
call   45 returned 1
branch 46 taken 1 (fallthrough)
branch 47 taken 0 (throw)
call   48 returned 1
call   49 returned 1
branch 50 taken 1 (fallthrough)
branch 51 taken 0 (throw)
call   52 returned 1
branch 53 taken 1 (fallthrough)
branch 54 taken 0 (throw)
call   55 returned 1
call   56 returned 1
call   57 returned 1
call   58 returned 1
call   59 returned 1
call   60 returned 1
call   61 returned 1
call   62 returned 1
call   63 returned 1
call   64 returned 1
call   65 returned 1
call   66 returned 1
call   67 returned 1
call   68 returned 1
call   69 returned 1
call   70 returned 1
call   71 returned 1
call   72 returned 1
call   73 returned 1
call   74 returned 1
call   75 returned 1
call   76 returned 1
call   77 returned 1
call   78 returned 1
call   79 returned 1
call   80 returned 1
call   81 never executed
call   82 never executed
call   83 never executed
call   84 never executed
call   85 never executed
call   86 never executed
call   87 never executed
call   88 never executed
call   89 never executed
call   90 never executed
call   91 never executed
call   92 never executed
call   93 never executed
call   94 never executed
call   95 never executed
call   96 never executed
call   97 never executed
call   98 never executed
call   99 never executed
call   100 never executed
call   101 never executed
call   102 never executed
call   103 never executed
call   104 never executed
call   105 never executed
call   106 never executed
        1:   71:	li.push_back(c);
call    0 returned 1
branch  1 taken 1 (fallthrough)
branch  2 taken 0 (throw)
        -:   72:
        1:   73:c.Initial_Create("ZID200","100000007","Vedant","16","transgender","Bihar", "NA","No","event manager","90000","2","rented","rural");
call    0 returned 1
call    1 returned 1
branch  2 taken 1 (fallthrough)
branch  3 taken 0 (throw)
call    4 returned 1
call    5 returned 1
branch  6 taken 1 (fallthrough)
branch  7 taken 0 (throw)
call    8 returned 1
call    9 returned 1
branch 10 taken 1 (fallthrough)
branch 11 taken 0 (throw)
call   12 returned 1
call   13 returned 1
branch 14 taken 1 (fallthrough)
branch 15 taken 0 (throw)
call   16 returned 1
call   17 returned 1
branch 18 taken 1 (fallthrough)
branch 19 taken 0 (throw)
call   20 returned 1
call   21 returned 1
branch 22 taken 1 (fallthrough)
branch 23 taken 0 (throw)
call   24 returned 1
call   25 returned 1
branch 26 taken 1 (fallthrough)
branch 27 taken 0 (throw)
call   28 returned 1
call   29 returned 1
branch 30 taken 1 (fallthrough)
branch 31 taken 0 (throw)
call   32 returned 1
call   33 returned 1
branch 34 taken 1 (fallthrough)
branch 35 taken 0 (throw)
call   36 returned 1
call   37 returned 1
branch 38 taken 1 (fallthrough)
branch 39 taken 0 (throw)
call   40 returned 1
call   41 returned 1
branch 42 taken 1 (fallthrough)
branch 43 taken 0 (throw)
call   44 returned 1
call   45 returned 1
branch 46 taken 1 (fallthrough)
branch 47 taken 0 (throw)
call   48 returned 1
call   49 returned 1
branch 50 taken 1 (fallthrough)
branch 51 taken 0 (throw)
call   52 returned 1
branch 53 taken 1 (fallthrough)
branch 54 taken 0 (throw)
call   55 returned 1
call   56 returned 1
call   57 returned 1
call   58 returned 1
call   59 returned 1
call   60 returned 1
call   61 returned 1
call   62 returned 1
call   63 returned 1
call   64 returned 1
call   65 returned 1
call   66 returned 1
call   67 returned 1
call   68 returned 1
call   69 returned 1
call   70 returned 1
call   71 returned 1
call   72 returned 1
call   73 returned 1
call   74 returned 1
call   75 returned 1
call   76 returned 1
call   77 returned 1
call   78 returned 1
call   79 returned 1
call   80 returned 1
call   81 never executed
call   82 never executed
call   83 never executed
call   84 never executed
call   85 never executed
call   86 never executed
call   87 never executed
call   88 never executed
call   89 never executed
call   90 never executed
call   91 never executed
call   92 never executed
call   93 never executed
call   94 never executed
call   95 never executed
call   96 never executed
call   97 never executed
call   98 never executed
call   99 never executed
call   100 never executed
call   101 never executed
call   102 never executed
call   103 never executed
call   104 never executed
call   105 never executed
call   106 never executed
        1:   74:	li.push_back(c);
call    0 returned 1
branch  1 taken 1 (fallthrough)
branch  2 taken 0 (throw)
        -:   75:
        1:   76:c.Initial_Create("ZID200","100000008","Ajay","30","male","Mumbai", "NA","No","Coach","900000","3","own","urban");
call    0 returned 1
call    1 returned 1
branch  2 taken 1 (fallthrough)
branch  3 taken 0 (throw)
call    4 returned 1
call    5 returned 1
branch  6 taken 1 (fallthrough)
branch  7 taken 0 (throw)
call    8 returned 1
call    9 returned 1
branch 10 taken 1 (fallthrough)
branch 11 taken 0 (throw)
call   12 returned 1
call   13 returned 1
branch 14 taken 1 (fallthrough)
branch 15 taken 0 (throw)
call   16 returned 1
call   17 returned 1
branch 18 taken 1 (fallthrough)
branch 19 taken 0 (throw)
call   20 returned 1
call   21 returned 1
branch 22 taken 1 (fallthrough)
branch 23 taken 0 (throw)
call   24 returned 1
call   25 returned 1
branch 26 taken 1 (fallthrough)
branch 27 taken 0 (throw)
call   28 returned 1
call   29 returned 1
branch 30 taken 1 (fallthrough)
branch 31 taken 0 (throw)
call   32 returned 1
call   33 returned 1
branch 34 taken 1 (fallthrough)
branch 35 taken 0 (throw)
call   36 returned 1
call   37 returned 1
branch 38 taken 1 (fallthrough)
branch 39 taken 0 (throw)
call   40 returned 1
call   41 returned 1
branch 42 taken 1 (fallthrough)
branch 43 taken 0 (throw)
call   44 returned 1
call   45 returned 1
branch 46 taken 1 (fallthrough)
branch 47 taken 0 (throw)
call   48 returned 1
call   49 returned 1
branch 50 taken 1 (fallthrough)
branch 51 taken 0 (throw)
call   52 returned 1
branch 53 taken 1 (fallthrough)
branch 54 taken 0 (throw)
call   55 returned 1
call   56 returned 1
call   57 returned 1
call   58 returned 1
call   59 returned 1
call   60 returned 1
call   61 returned 1
call   62 returned 1
call   63 returned 1
call   64 returned 1
call   65 returned 1
call   66 returned 1
call   67 returned 1
call   68 returned 1
call   69 returned 1
call   70 returned 1
call   71 returned 1
call   72 returned 1
call   73 returned 1
call   74 returned 1
call   75 returned 1
call   76 returned 1
call   77 returned 1
call   78 returned 1
call   79 returned 1
call   80 returned 1
call   81 never executed
call   82 never executed
call   83 never executed
call   84 never executed
call   85 never executed
call   86 never executed
call   87 never executed
call   88 never executed
call   89 never executed
call   90 never executed
call   91 never executed
call   92 never executed
call   93 never executed
call   94 never executed
call   95 never executed
call   96 never executed
call   97 never executed
call   98 never executed
call   99 never executed
call   100 never executed
call   101 never executed
call   102 never executed
call   103 never executed
call   104 never executed
call   105 never executed
call   106 never executed
        1:   77:	li.push_back(c);
call    0 returned 1
branch  1 taken 1 (fallthrough)
branch  2 taken 0 (throw)
        -:   78:
        1:   79:c.Initial_Create("ZID200","100000009","Mandar","53","male","Mumbai", "Mba","YES","Buissness","20000","2","own","urban");
call    0 returned 1
call    1 returned 1
branch  2 taken 1 (fallthrough)
branch  3 taken 0 (throw)
call    4 returned 1
call    5 returned 1
branch  6 taken 1 (fallthrough)
branch  7 taken 0 (throw)
call    8 returned 1
call    9 returned 1
branch 10 taken 1 (fallthrough)
branch 11 taken 0 (throw)
call   12 returned 1
call   13 returned 1
branch 14 taken 1 (fallthrough)
branch 15 taken 0 (throw)
call   16 returned 1
call   17 returned 1
branch 18 taken 1 (fallthrough)
branch 19 taken 0 (throw)
call   20 returned 1
call   21 returned 1
branch 22 taken 1 (fallthrough)
branch 23 taken 0 (throw)
call   24 returned 1
call   25 returned 1
branch 26 taken 1 (fallthrough)
branch 27 taken 0 (throw)
call   28 returned 1
call   29 returned 1
branch 30 taken 1 (fallthrough)
branch 31 taken 0 (throw)
call   32 returned 1
call   33 returned 1
branch 34 taken 1 (fallthrough)
branch 35 taken 0 (throw)
call   36 returned 1
call   37 returned 1
branch 38 taken 1 (fallthrough)
branch 39 taken 0 (throw)
call   40 returned 1
call   41 returned 1
branch 42 taken 1 (fallthrough)
branch 43 taken 0 (throw)
call   44 returned 1
call   45 returned 1
branch 46 taken 1 (fallthrough)
branch 47 taken 0 (throw)
call   48 returned 1
call   49 returned 1
branch 50 taken 1 (fallthrough)
branch 51 taken 0 (throw)
call   52 returned 1
branch 53 taken 1 (fallthrough)
branch 54 taken 0 (throw)
call   55 returned 1
call   56 returned 1
call   57 returned 1
call   58 returned 1
call   59 returned 1
call   60 returned 1
call   61 returned 1
call   62 returned 1
call   63 returned 1
call   64 returned 1
call   65 returned 1
call   66 returned 1
call   67 returned 1
call   68 returned 1
call   69 returned 1
call   70 returned 1
call   71 returned 1
call   72 returned 1
call   73 returned 1
call   74 returned 1
call   75 returned 1
call   76 returned 1
call   77 returned 1
call   78 returned 1
call   79 returned 1
call   80 returned 1
call   81 never executed
call   82 never executed
call   83 never executed
call   84 never executed
call   85 never executed
call   86 never executed
call   87 never executed
call   88 never executed
call   89 never executed
call   90 never executed
call   91 never executed
call   92 never executed
call   93 never executed
call   94 never executed
call   95 never executed
call   96 never executed
call   97 never executed
call   98 never executed
call   99 never executed
call   100 never executed
call   101 never executed
call   102 never executed
call   103 never executed
call   104 never executed
call   105 never executed
call   106 never executed
        1:   80:	li.push_back(c);
call    0 returned 1
branch  1 taken 1 (fallthrough)
branch  2 taken 0 (throw)
        -:   81:
        1:   82:c.Initial_Create("ZID200","100000010","Vibhanshu","26","female","Ghatkophar", "Bpt","YES","Physiotherapist","500000","10","rented","rural");
call    0 returned 1
call    1 returned 1
branch  2 taken 1 (fallthrough)
branch  3 taken 0 (throw)
call    4 returned 1
call    5 returned 1
branch  6 taken 1 (fallthrough)
branch  7 taken 0 (throw)
call    8 returned 1
call    9 returned 1
branch 10 taken 1 (fallthrough)
branch 11 taken 0 (throw)
call   12 returned 1
call   13 returned 1
branch 14 taken 1 (fallthrough)
branch 15 taken 0 (throw)
call   16 returned 1
call   17 returned 1
branch 18 taken 1 (fallthrough)
branch 19 taken 0 (throw)
call   20 returned 1
call   21 returned 1
branch 22 taken 1 (fallthrough)
branch 23 taken 0 (throw)
call   24 returned 1
call   25 returned 1
branch 26 taken 1 (fallthrough)
branch 27 taken 0 (throw)
call   28 returned 1
call   29 returned 1
branch 30 taken 1 (fallthrough)
branch 31 taken 0 (throw)
call   32 returned 1
call   33 returned 1
branch 34 taken 1 (fallthrough)
branch 35 taken 0 (throw)
call   36 returned 1
call   37 returned 1
branch 38 taken 1 (fallthrough)
branch 39 taken 0 (throw)
call   40 returned 1
call   41 returned 1
branch 42 taken 1 (fallthrough)
branch 43 taken 0 (throw)
call   44 returned 1
call   45 returned 1
branch 46 taken 1 (fallthrough)
branch 47 taken 0 (throw)
call   48 returned 1
call   49 returned 1
branch 50 taken 1 (fallthrough)
branch 51 taken 0 (throw)
call   52 returned 1
branch 53 taken 1 (fallthrough)
branch 54 taken 0 (throw)
call   55 returned 1
call   56 returned 1
call   57 returned 1
call   58 returned 1
call   59 returned 1
call   60 returned 1
call   61 returned 1
call   62 returned 1
call   63 returned 1
call   64 returned 1
call   65 returned 1
call   66 returned 1
call   67 returned 1
call   68 returned 1
call   69 returned 1
call   70 returned 1
call   71 returned 1
call   72 returned 1
call   73 returned 1
call   74 returned 1
call   75 returned 1
call   76 returned 1
call   77 returned 1
call   78 returned 1
call   79 returned 1
call   80 returned 1
call   81 never executed
call   82 never executed
call   83 never executed
call   84 never executed
call   85 never executed
call   86 never executed
call   87 never executed
call   88 never executed
call   89 never executed
call   90 never executed
call   91 never executed
call   92 never executed
call   93 never executed
call   94 never executed
call   95 never executed
call   96 never executed
call   97 never executed
call   98 never executed
call   99 never executed
call   100 never executed
call   101 never executed
call   102 never executed
call   103 never executed
call   104 never executed
call   105 never executed
call   106 never executed
        1:   83:	li.push_back(c);
call    0 returned 1
branch  1 taken 1 (fallthrough)
branch  2 taken 0 (throw)
        -:   84:
        1:   85:c.Initial_Create("ZID200","100000011","Sakshi","26","male","Mumbai", "Mba","YES","manager","1000000","6","own","urban");
call    0 returned 1
call    1 returned 1
branch  2 taken 1 (fallthrough)
branch  3 taken 0 (throw)
call    4 returned 1
call    5 returned 1
branch  6 taken 1 (fallthrough)
branch  7 taken 0 (throw)
call    8 returned 1
call    9 returned 1
branch 10 taken 1 (fallthrough)
branch 11 taken 0 (throw)
call   12 returned 1
call   13 returned 1
branch 14 taken 1 (fallthrough)
branch 15 taken 0 (throw)
call   16 returned 1
call   17 returned 1
branch 18 taken 1 (fallthrough)
branch 19 taken 0 (throw)
call   20 returned 1
call   21 returned 1
branch 22 taken 1 (fallthrough)
branch 23 taken 0 (throw)
call   24 returned 1
call   25 returned 1
branch 26 taken 1 (fallthrough)
branch 27 taken 0 (throw)
call   28 returned 1
call   29 returned 1
branch 30 taken 1 (fallthrough)
branch 31 taken 0 (throw)
call   32 returned 1
call   33 returned 1
branch 34 taken 1 (fallthrough)
branch 35 taken 0 (throw)
call   36 returned 1
call   37 returned 1
branch 38 taken 1 (fallthrough)
branch 39 taken 0 (throw)
call   40 returned 1
call   41 returned 1
branch 42 taken 1 (fallthrough)
branch 43 taken 0 (throw)
call   44 returned 1
call   45 returned 1
branch 46 taken 1 (fallthrough)
branch 47 taken 0 (throw)
call   48 returned 1
call   49 returned 1
branch 50 taken 1 (fallthrough)
branch 51 taken 0 (throw)
call   52 returned 1
branch 53 taken 1 (fallthrough)
branch 54 taken 0 (throw)
call   55 returned 1
call   56 returned 1
call   57 returned 1
call   58 returned 1
call   59 returned 1
call   60 returned 1
call   61 returned 1
call   62 returned 1
call   63 returned 1
call   64 returned 1
call   65 returned 1
call   66 returned 1
call   67 returned 1
call   68 returned 1
call   69 returned 1
call   70 returned 1
call   71 returned 1
call   72 returned 1
call   73 returned 1
call   74 returned 1
call   75 returned 1
call   76 returned 1
call   77 returned 1
call   78 returned 1
call   79 returned 1
call   80 returned 1
call   81 never executed
call   82 never executed
call   83 never executed
call   84 never executed
call   85 never executed
call   86 never executed
call   87 never executed
call   88 never executed
call   89 never executed
call   90 never executed
call   91 never executed
call   92 never executed
call   93 never executed
call   94 never executed
call   95 never executed
call   96 never executed
call   97 never executed
call   98 never executed
call   99 never executed
call   100 never executed
call   101 never executed
call   102 never executed
call   103 never executed
call   104 never executed
call   105 never executed
call   106 never executed
        1:   86:	li.push_back(c);
call    0 returned 1
branch  1 taken 1 (fallthrough)
branch  2 taken 0 (throw)
        -:   87:
        1:   88:c.Initial_Create("ZID200","100000012","Kunal","27","transgender","Virar", "NA","No","farmer","300000","3","rented","rural");
call    0 returned 1
call    1 returned 1
branch  2 taken 1 (fallthrough)
branch  3 taken 0 (throw)
call    4 returned 1
call    5 returned 1
branch  6 taken 1 (fallthrough)
branch  7 taken 0 (throw)
call    8 returned 1
call    9 returned 1
branch 10 taken 1 (fallthrough)
branch 11 taken 0 (throw)
call   12 returned 1
call   13 returned 1
branch 14 taken 1 (fallthrough)
branch 15 taken 0 (throw)
call   16 returned 1
call   17 returned 1
branch 18 taken 1 (fallthrough)
branch 19 taken 0 (throw)
call   20 returned 1
call   21 returned 1
branch 22 taken 1 (fallthrough)
branch 23 taken 0 (throw)
call   24 returned 1
call   25 returned 1
branch 26 taken 1 (fallthrough)
branch 27 taken 0 (throw)
call   28 returned 1
call   29 returned 1
branch 30 taken 1 (fallthrough)
branch 31 taken 0 (throw)
call   32 returned 1
call   33 returned 1
branch 34 taken 1 (fallthrough)
branch 35 taken 0 (throw)
call   36 returned 1
call   37 returned 1
branch 38 taken 1 (fallthrough)
branch 39 taken 0 (throw)
call   40 returned 1
call   41 returned 1
branch 42 taken 1 (fallthrough)
branch 43 taken 0 (throw)
call   44 returned 1
call   45 returned 1
branch 46 taken 1 (fallthrough)
branch 47 taken 0 (throw)
call   48 returned 1
call   49 returned 1
branch 50 taken 1 (fallthrough)
branch 51 taken 0 (throw)
call   52 returned 1
branch 53 taken 1 (fallthrough)
branch 54 taken 0 (throw)
call   55 returned 1
call   56 returned 1
call   57 returned 1
call   58 returned 1
call   59 returned 1
call   60 returned 1
call   61 returned 1
call   62 returned 1
call   63 returned 1
call   64 returned 1
call   65 returned 1
call   66 returned 1
call   67 returned 1
call   68 returned 1
call   69 returned 1
call   70 returned 1
call   71 returned 1
call   72 returned 1
call   73 returned 1
call   74 returned 1
call   75 returned 1
call   76 returned 1
call   77 returned 1
call   78 returned 1
call   79 returned 1
call   80 returned 1
call   81 never executed
call   82 never executed
call   83 never executed
call   84 never executed
call   85 never executed
call   86 never executed
call   87 never executed
call   88 never executed
call   89 never executed
call   90 never executed
call   91 never executed
call   92 never executed
[...]
call   37 returned 1
branch 38 taken 1 (fallthrough)
branch 39 taken 0 (throw)
call   40 returned 1
call   41 returned 1
branch 42 taken 1 (fallthrough)
branch 43 taken 0 (throw)
call   44 returned 1
call   45 returned 1
branch 46 taken 1 (fallthrough)
branch 47 taken 0 (throw)
call   48 returned 1
call   49 returned 1
branch 50 taken 1 (fallthrough)
branch 51 taken 0 (throw)
call   52 returned 1
branch 53 taken 1 (fallthrough)
branch 54 taken 0 (throw)
call   55 returned 1
call   56 returned 1
call   57 returned 1
call   58 returned 1
call   59 returned 1
call   60 returned 1
call   61 returned 1
call   62 returned 1
call   63 returned 1
call   64 returned 1
call   65 returned 1
call   66 returned 1
call   67 returned 1
call   68 returned 1
call   69 returned 1
call   70 returned 1
call   71 returned 1
call   72 returned 1
call   73 returned 1
call   74 returned 1
call   75 returned 1
call   76 returned 1
call   77 returned 1
call   78 returned 1
call   79 returned 1
call   80 returned 1
call   81 never executed
call   82 never executed
call   83 never executed
call   84 never executed
call   85 never executed
call   86 never executed
call   87 never executed
call   88 never executed
call   89 never executed
call   90 never executed
call   91 never executed
call   92 never executed
call   93 never executed
call   94 never executed
call   95 never executed
call   96 never executed
call   97 never executed
call   98 never executed
call   99 never executed
call   100 never executed
call   101 never executed
call   102 never executed
call   103 never executed
call   104 never executed
call   105 never executed
call   106 never executed
        1:  125:	li.push_back(c);
call    0 returned 1
branch  1 taken 1 (fallthrough)
branch  2 taken 0 (throw)
        -:  126:
        1:  127:c.Initial_Create("ZID300","300000011","tejas","73","male","Pune","NA","no","farmer","250000","5","own","rural");
call    0 returned 1
call    1 returned 1
branch  2 taken 1 (fallthrough)
branch  3 taken 0 (throw)
call    4 returned 1
call    5 returned 1
branch  6 taken 1 (fallthrough)
branch  7 taken 0 (throw)
call    8 returned 1
call    9 returned 1
branch 10 taken 1 (fallthrough)
branch 11 taken 0 (throw)
call   12 returned 1
call   13 returned 1
branch 14 taken 1 (fallthrough)
branch 15 taken 0 (throw)
call   16 returned 1
call   17 returned 1
branch 18 taken 1 (fallthrough)
branch 19 taken 0 (throw)
call   20 returned 1
call   21 returned 1
branch 22 taken 1 (fallthrough)
branch 23 taken 0 (throw)
call   24 returned 1
call   25 returned 1
branch 26 taken 1 (fallthrough)
branch 27 taken 0 (throw)
call   28 returned 1
call   29 returned 1
branch 30 taken 1 (fallthrough)
branch 31 taken 0 (throw)
call   32 returned 1
call   33 returned 1
branch 34 taken 1 (fallthrough)
branch 35 taken 0 (throw)
call   36 returned 1
call   37 returned 1
branch 38 taken 1 (fallthrough)
branch 39 taken 0 (throw)
call   40 returned 1
call   41 returned 1
branch 42 taken 1 (fallthrough)
branch 43 taken 0 (throw)
call   44 returned 1
call   45 returned 1
branch 46 taken 1 (fallthrough)
branch 47 taken 0 (throw)
call   48 returned 1
call   49 returned 1
branch 50 taken 1 (fallthrough)
branch 51 taken 0 (throw)
call   52 returned 1
branch 53 taken 1 (fallthrough)
branch 54 taken 0 (throw)
call   55 returned 1
call   56 returned 1
call   57 returned 1
call   58 returned 1
call   59 returned 1
call   60 returned 1
call   61 returned 1
call   62 returned 1
call   63 returned 1
call   64 returned 1
call   65 returned 1
call   66 returned 1
call   67 returned 1
call   68 returned 1
call   69 returned 1
call   70 returned 1
call   71 returned 1
call   72 returned 1
call   73 returned 1
call   74 returned 1
call   75 returned 1
call   76 returned 1
call   77 returned 1
call   78 returned 1
call   79 returned 1
call   80 returned 1
call   81 never executed
call   82 never executed
call   83 never executed
call   84 never executed
call   85 never executed
call   86 never executed
call   87 never executed
call   88 never executed
call   89 never executed
call   90 never executed
call   91 never executed
call   92 never executed
call   93 never executed
call   94 never executed
call   95 never executed
call   96 never executed
call   97 never executed
call   98 never executed
call   99 never executed
call   100 never executed
call   101 never executed
call   102 never executed
call   103 never executed
call   104 never executed
call   105 never executed
call   106 never executed
        1:  128:	li.push_back(c);
call    0 returned 1
branch  1 taken 1 (fallthrough)
branch  2 taken 0 (throw)
        -:  129:
        1:  130:c.Initial_Create("ZID300","300000012","Aum","53","male","Mumbai", "Baf","YES","consultant","18000","4","rented","urban");
call    0 returned 1
call    1 returned 1
branch  2 taken 1 (fallthrough)
branch  3 taken 0 (throw)
call    4 returned 1
call    5 returned 1
branch  6 taken 1 (fallthrough)
branch  7 taken 0 (throw)
call    8 returned 1
call    9 returned 1
branch 10 taken 1 (fallthrough)
branch 11 taken 0 (throw)
call   12 returned 1
call   13 returned 1
branch 14 taken 1 (fallthrough)
branch 15 taken 0 (throw)
call   16 returned 1
call   17 returned 1
branch 18 taken 1 (fallthrough)
branch 19 taken 0 (throw)
call   20 returned 1
call   21 returned 1
branch 22 taken 1 (fallthrough)
branch 23 taken 0 (throw)
call   24 returned 1
call   25 returned 1
branch 26 taken 1 (fallthrough)
branch 27 taken 0 (throw)
call   28 returned 1
call   29 returned 1
branch 30 taken 1 (fallthrough)
branch 31 taken 0 (throw)
call   32 returned 1
call   33 returned 1
branch 34 taken 1 (fallthrough)
branch 35 taken 0 (throw)
call   36 returned 1
call   37 returned 1
branch 38 taken 1 (fallthrough)
branch 39 taken 0 (throw)
call   40 returned 1
call   41 returned 1
branch 42 taken 1 (fallthrough)
branch 43 taken 0 (throw)
call   44 returned 1
call   45 returned 1
branch 46 taken 1 (fallthrough)
branch 47 taken 0 (throw)
call   48 returned 1
call   49 returned 1
branch 50 taken 1 (fallthrough)
branch 51 taken 0 (throw)
call   52 returned 1
branch 53 taken 1 (fallthrough)
branch 54 taken 0 (throw)
call   55 returned 1
call   56 returned 1
call   57 returned 1
call   58 returned 1
call   59 returned 1
call   60 returned 1
call   61 returned 1
call   62 returned 1
call   63 returned 1
call   64 returned 1
call   65 returned 1
call   66 returned 1
call   67 returned 1
call   68 returned 1
call   69 returned 1
call   70 returned 1
call   71 returned 1
call   72 returned 1
call   73 returned 1
call   74 returned 1
call   75 returned 1
call   76 returned 1
call   77 returned 1
call   78 returned 1
call   79 returned 1
call   80 returned 1
call   81 never executed
call   82 never executed
call   83 never executed
call   84 never executed
call   85 never executed
call   86 never executed
call   87 never executed
call   88 never executed
call   89 never executed
call   90 never executed
call   91 never executed
call   92 never executed
call   93 never executed
call   94 never executed
call   95 never executed
call   96 never executed
call   97 never executed
call   98 never executed
call   99 never executed
call   100 never executed
call   101 never executed
call   102 never executed
call   103 never executed
call   104 never executed
call   105 never executed
call   106 never executed
        1:  131:	li.push_back(c);
call    0 returned 1
branch  1 taken 1 (fallthrough)
branch  2 taken 0 (throw)
        -:  132:
        1:  133:c.Initial_Create("ZID300","300000013","Susan","48","female","Navi Mumbai", "CA","YES","accountant","1500000","3","own","urban");
call    0 returned 1
call    1 returned 1
branch  2 taken 1 (fallthrough)
branch  3 taken 0 (throw)
call    4 returned 1
call    5 returned 1
branch  6 taken 1 (fallthrough)
branch  7 taken 0 (throw)
call    8 returned 1
call    9 returned 1
branch 10 taken 1 (fallthrough)
branch 11 taken 0 (throw)
call   12 returned 1
call   13 returned 1
branch 14 taken 1 (fallthrough)
branch 15 taken 0 (throw)
call   16 returned 1
call   17 returned 1
branch 18 taken 1 (fallthrough)
branch 19 taken 0 (throw)
call   20 returned 1
call   21 returned 1
branch 22 taken 1 (fallthrough)
branch 23 taken 0 (throw)
call   24 returned 1
call   25 returned 1
branch 26 taken 1 (fallthrough)
branch 27 taken 0 (throw)
call   28 returned 1
call   29 returned 1
branch 30 taken 1 (fallthrough)
branch 31 taken 0 (throw)
call   32 returned 1
call   33 returned 1
branch 34 taken 1 (fallthrough)
branch 35 taken 0 (throw)
call   36 returned 1
call   37 returned 1
branch 38 taken 1 (fallthrough)
branch 39 taken 0 (throw)
call   40 returned 1
call   41 returned 1
branch 42 taken 1 (fallthrough)
branch 43 taken 0 (throw)
call   44 returned 1
call   45 returned 1
branch 46 taken 1 (fallthrough)
branch 47 taken 0 (throw)
call   48 returned 1
call   49 returned 1
branch 50 taken 1 (fallthrough)
branch 51 taken 0 (throw)
call   52 returned 1
branch 53 taken 1 (fallthrough)
branch 54 taken 0 (throw)
call   55 returned 1
call   56 returned 1
call   57 returned 1
call   58 returned 1
call   59 returned 1
call   60 returned 1
call   61 returned 1
call   62 returned 1
call   63 returned 1
call   64 returned 1
call   65 returned 1
call   66 returned 1
call   67 returned 1
call   68 returned 1
call   69 returned 1
call   70 returned 1
call   71 returned 1
call   72 returned 1
call   73 returned 1
call   74 returned 1
call   75 returned 1
call   76 returned 1
call   77 returned 1
call   78 returned 1
call   79 returned 1
call   80 returned 1
call   81 never executed
call   82 never executed
call   83 never executed
call   84 never executed
call   85 never executed
call   86 never executed
call   87 never executed
call   88 never executed
call   89 never executed
call   90 never executed
call   91 never executed
call   92 never executed
call   93 never executed
call   94 never executed
call   95 never executed
call   96 never executed
call   97 never executed
call   98 never executed
call   99 never executed
call   100 never executed
call   101 never executed
call   102 never executed
call   103 never executed
call   104 never executed
call   105 never executed
call   106 never executed
        1:  134:	li.push_back(c);
call    0 returned 1
branch  1 taken 1 (fallthrough)
branch  2 taken 0 (throw)
        -:  135:
        1:  136:c.Initial_Create("ZID300","300000014","Nishant","32","transgender","Mumbai", "Mba","Yes","HR ","800000","2","own","urban");
call    0 returned 1
call    1 returned 1
branch  2 taken 1 (fallthrough)
branch  3 taken 0 (throw)
call    4 returned 1
call    5 returned 1
branch  6 taken 1 (fallthrough)
branch  7 taken 0 (throw)
call    8 returned 1
call    9 returned 1
branch 10 taken 1 (fallthrough)
branch 11 taken 0 (throw)
call   12 returned 1
call   13 returned 1
branch 14 taken 1 (fallthrough)
branch 15 taken 0 (throw)
call   16 returned 1
call   17 returned 1
branch 18 taken 1 (fallthrough)
branch 19 taken 0 (throw)
call   20 returned 1
call   21 returned 1
branch 22 taken 1 (fallthrough)
branch 23 taken 0 (throw)
call   24 returned 1
call   25 returned 1
branch 26 taken 1 (fallthrough)
branch 27 taken 0 (throw)
call   28 returned 1
call   29 returned 1
branch 30 taken 1 (fallthrough)
branch 31 taken 0 (throw)
call   32 returned 1
call   33 returned 1
branch 34 taken 1 (fallthrough)
branch 35 taken 0 (throw)
call   36 returned 1
call   37 returned 1
branch 38 taken 1 (fallthrough)
branch 39 taken 0 (throw)
call   40 returned 1
call   41 returned 1
branch 42 taken 1 (fallthrough)
branch 43 taken 0 (throw)
call   44 returned 1
call   45 returned 1
branch 46 taken 1 (fallthrough)
branch 47 taken 0 (throw)
call   48 returned 1
call   49 returned 1
branch 50 taken 1 (fallthrough)
branch 51 taken 0 (throw)
call   52 returned 1
branch 53 taken 1 (fallthrough)
branch 54 taken 0 (throw)
call   55 returned 1
call   56 returned 1
call   57 returned 1
call   58 returned 1
call   59 returned 1
call   60 returned 1
call   61 returned 1
call   62 returned 1
call   63 returned 1
call   64 returned 1
call   65 returned 1
call   66 returned 1
call   67 returned 1
call   68 returned 1
call   69 returned 1
call   70 returned 1
call   71 returned 1
call   72 returned 1
call   73 returned 1
call   74 returned 1
call   75 returned 1
call   76 returned 1
call   77 returned 1
call   78 returned 1
call   79 returned 1
call   80 returned 1
call   81 never executed
call   82 never executed
call   83 never executed
call   84 never executed
call   85 never executed
call   86 never executed
call   87 never executed
call   88 never executed
call   89 never executed
call   90 never executed
call   91 never executed
call   92 never executed
call   93 never executed
call   94 never executed
call   95 never executed
call   96 never executed
call   97 never executed
call   98 never executed
call   99 never executed
call   100 never executed
call   101 never executed
call   102 never executed
call   103 never executed
call   104 never executed
call   105 never executed
call   106 never executed
        1:  137:	li.push_back(c);
call    0 returned 1
branch  1 taken 1 (fallthrough)
branch  2 taken 0 (throw)
        -:  138:
        1:  139:c.Initial_Create("ZID300","300000015","Simran","50","female","Daman", "BDS","Yes","Dentist","90000","2","own","urban");
call    0 returned 1
call    1 returned 1
branch  2 taken 1 (fallthrough)
branch  3 taken 0 (throw)
call    4 returned 1
call    5 returned 1
branch  6 taken 1 (fallthrough)
branch  7 taken 0 (throw)
call    8 returned 1
call    9 returned 1
branch 10 taken 1 (fallthrough)
branch 11 taken 0 (throw)
call   12 returned 1
call   13 returned 1
branch 14 taken 1 (fallthrough)
branch 15 taken 0 (throw)
call   16 returned 1
call   17 returned 1
branch 18 taken 1 (fallthrough)
branch 19 taken 0 (throw)
call   20 returned 1
call   21 returned 1
branch 22 taken 1 (fallthrough)
branch 23 taken 0 (throw)
call   24 returned 1
call   25 returned 1
branch 26 taken 1 (fallthrough)
branch 27 taken 0 (throw)
call   28 returned 1
call   29 returned 1
branch 30 taken 1 (fallthrough)
branch 31 taken 0 (throw)
call   32 returned 1
call   33 returned 1
branch 34 taken 1 (fallthrough)
branch 35 taken 0 (throw)
call   36 returned 1
call   37 returned 1
branch 38 taken 1 (fallthrough)
branch 39 taken 0 (throw)
call   40 returned 1
call   41 returned 1
branch 42 taken 1 (fallthrough)
branch 43 taken 0 (throw)
call   44 returned 1
call   45 returned 1
branch 46 taken 1 (fallthrough)
branch 47 taken 0 (throw)
call   48 returned 1
call   49 returned 1
branch 50 taken 1 (fallthrough)
branch 51 taken 0 (throw)
call   52 returned 1
branch 53 taken 1 (fallthrough)
branch 54 taken 0 (throw)
call   55 returned 1
call   56 returned 1
call   57 returned 1
call   58 returned 1
call   59 returned 1
call   60 returned 1
call   61 returned 1
call   62 returned 1
call   63 returned 1
call   64 returned 1
call   65 returned 1
call   66 returned 1
call   67 returned 1
call   68 returned 1
call   69 returned 1
call   70 returned 1
call   71 returned 1
call   72 returned 1
call   73 returned 1
call   74 returned 1
call   75 returned 1
call   76 returned 1
call   77 returned 1
call   78 returned 1
call   79 returned 1
call   80 returned 1
call   81 never executed
call   82 never executed
call   83 never executed
call   84 never executed
call   85 never executed
call   86 never executed
call   87 never executed
call   88 never executed
call   89 never executed
call   90 never executed
call   91 never executed
call   92 never executed
call   93 never executed
call   94 never executed
call   95 never executed
call   96 never executed
call   97 never executed
call   98 never executed
call   99 never executed
call   100 never executed
call   101 never executed
call   102 never executed
call   103 never executed
call   104 never executed
call   105 never executed
call   106 never executed
        1:  140:	li.push_back(c);
call    0 returned 1
branch  1 taken 1 (fallthrough)
branch  2 taken 0 (throw)
        1:  141:}
call    0 returned 1
call    1 returned 1
call    2 never executed
call    3 never executed
        -:  142:
function _Z12list_to_filev called 1 returned 100% blocks executed 82%
        1:  143:int list_to_file()
        -:  144:{
        -:  145:	// Zone1_database, Zone2_database, Zone3_database, Central_database
        -:  146:
        1:  147:			fstream fl1,fl2,fl3,fl4;
call    0 returned 1
branch  1 taken 1 (fallthrough)
branch  2 taken 0 (throw)
call    3 returned 1
branch  4 taken 1 (fallthrough)
branch  5 taken 0 (throw)
call    6 returned 1
branch  7 taken 1 (fallthrough)
branch  8 taken 0 (throw)
call    9 returned 1
branch 10 taken 1 (fallthrough)
branch 11 taken 0 (throw)
        -:  148:                
        1:  149:                        if(li.empty())
call    0 returned 1
branch  1 taken 0 (fallthrough)
branch  2 taken 1
    #####:  150:                                return 1;
        1:  151:                        fl1.open("Zone1_database",ios::out | ios::binary);
call    0 returned 1
call    1 returned 1
branch  2 taken 1 (fallthrough)
branch  3 taken 0 (throw)
        1:  152:			fl2.open("Zone2_database",ios::out | ios::binary);
call    0 returned 1
call    1 returned 1
branch  2 taken 1 (fallthrough)
branch  3 taken 0 (throw)
        1:  153:			fl3.open("Zone3_database",ios::out | ios::binary);
call    0 returned 1
call    1 returned 1
branch  2 taken 1 (fallthrough)
branch  3 taken 0 (throw)
        1:  154:			fl4.open("Central_database",ios::out | ios::binary);
call    0 returned 1
call    1 returned 1
branch  2 taken 1 (fallthrough)
branch  3 taken 0 (throw)
        -:  155:
       47:  156:			for(list<Citizen> :: iterator c=li.begin(); c!=li.end(); c++)
call    0 returned 1
call    1 returned 46
call    2 returned 47
call    3 returned 47
branch  4 taken 46
branch  5 taken 1 (fallthrough)
        -:  157:			{
       46:  158:				if(c->ret_zone_id() == "ZID100")
call    0 returned 46
call    1 returned 46
branch  2 taken 46 (fallthrough)
branch  3 taken 0 (throw)
call    4 returned 46
call    5 returned 46
branch  6 taken 16 (fallthrough)
branch  7 taken 30
        -:  159:				{
       16:  160:					fl1.write((char *) &c,sizeof(Citizen));
call    0 returned 16
branch  1 taken 16 (fallthrough)
branch  2 taken 0 (throw)
        -:  161:				}
       30:  162:				else if(c->ret_zone_id() == "ZID200")
call    0 returned 30
call    1 returned 30
branch  2 taken 30 (fallthrough)
branch  3 taken 0 (throw)
call    4 returned 30
call    5 returned 30
branch  6 taken 15 (fallthrough)
branch  7 taken 15
        -:  163:				{
       15:  164:					fl2.write((char *) &c,sizeof(Citizen));
call    0 returned 15
branch  1 taken 15 (fallthrough)
branch  2 taken 0 (throw)
        -:  165:				}
        -:  166:				else
        -:  167:				{
       15:  168:					fl3.write((char *) &c,sizeof(Citizen));
call    0 returned 15
branch  1 taken 15 (fallthrough)
branch  2 taken 0 (throw)
        -:  169:				}
       46:  170:				fl4.write((char *) &c,sizeof(Citizen));
call    0 returned 46
branch  1 taken 46 (fallthrough)
branch  2 taken 0 (throw)
        -:  171:
        -:  172:
        -:  173:
        -:  174:			}
        1:  175:                        fl1.close();
call    0 returned 1
branch  1 taken 1 (fallthrough)
branch  2 taken 0 (throw)
        1:  176:			fl2.close();
call    0 returned 1
branch  1 taken 1 (fallthrough)
branch  2 taken 0 (throw)
        1:  177:			fl3.close();
call    0 returned 1
branch  1 taken 1 (fallthrough)
branch  2 taken 0 (throw)
        1:  178:			fl4.close();
call    0 returned 1
branch  1 taken 1 (fallthrough)
branch  2 taken 0 (throw)
        1:  179:                        return 0;
        -:  180:               
        -:  181:	
        1:  182:}
call    0 returned 1
call    1 returned 1
call    2 returned 1
call    3 returned 1
call    4 never executed
call    5 never executed
call    6 never executed
call    7 never executed
