        -:    0:Source:queries_menu.cpp
        -:    0:Graph:main.gcno
        -:    0:Data:main.gcda
        -:    0:Runs:1
        -:    1:#include<iostream>
        -:    2:#include<map>
        -:    3:#include<string>
        -:    4:#include<vector>
        -:    5:#include <cmath>
        -:    6:#include "class.hpp"
        -:    7:using namespace std;
        -:    8:
        -:    9:class Query
        -:   10:{
        -:   11:	public:
function _ZN5Query13Literacy_RateEv called 0 returned 0% blocks executed 0%
    #####:   12:void Literacy_Rate()
        -:   13:{
        -:   14:	
    #####:   15:	cout<<"I am in Literacy rate"<<endl;
call    0 never executed
call    1 never executed
        -:   16:	// traverse through list
        -:   17:	// check literate == "YES"  increase literate_count variable
    #####:   18:	int total_pop = 0, total_l = 0;
    #####:   19:	for(Citizen c : li)
call    0 never executed
call    1 never executed
call    2 never executed
call    3 never executed
branch  4 never executed
branch  5 never executed
call    6 never executed
call    7 never executed
branch  8 never executed
branch  9 never executed
        -:   20:	{
    #####:   21:		total_pop++;
    #####:   22:		if(c.literate == "YES")
call    0 never executed
branch  1 never executed
branch  2 never executed
        -:   23:		{
    #####:   24:			total_l++;
        -:   25:		}
    #####:   26:	}
call    0 never executed
        -:   27:
        -:   28:	//calcultions
        -:   29:	
    #####:   30:	cout<<endl<<endl<<"Literacy Rate of Dynaland is : "<<(total_l/double(total_pop))*100<<" %"<<endl;
call    0 never executed
call    1 never executed
call    2 never executed
call    3 never executed
call    4 never executed
call    5 never executed
    #####:   31:	system("read n");
call    0 never executed
    #####:   32:	system("clear");
call    0 never executed
        -:   33:
    #####:   34:}
        -:   35:
function _ZN5Query26Zone_with_highest_literacyEv called 0 returned 0% blocks executed 0%
    #####:   36:void Zone_with_highest_literacy()
        -:   37:{
    #####:   38:	cout<<"I am in zone with highest literacy"<<endl;
call    0 never executed
branch  1 never executed
branch  2 never executed
call    3 never executed
branch  4 never executed
branch  5 never executed
        -:   39:	/*
        -:   40:        int z1_pop = 0, z2_pop = 0, z3_pop = 0;
        -:   41:        int z1_l = 0, z2_l = 0, z3_l = 0;
        -:   42:	*/
    #####:   43:	vector<int>z_pop;
call    0 never executed
    #####:   44:	vector<int>z_lit;
call    0 never executed
    #####:   45:	z_pop.assign(3,0); // inserting 3 elements of 0
call    0 never executed
branch  1 never executed
branch  2 never executed
    #####:   46:	z_lit.assign(3,0); // inserting 3 elements of 0
call    0 never executed
branch  1 never executed
branch  2 never executed
        -:   47:
    #####:   48:        for(Citizen c : li)
call    0 never executed
call    1 never executed
call    2 never executed
call    3 never executed
branch  4 never executed
branch  5 never executed
call    6 never executed
call    7 never executed
branch  8 never executed
branch  9 never executed
        -:   49:        {
    #####:   50:                if(c.zone_id == "ZID100")
call    0 never executed
branch  1 never executed
branch  2 never executed
        -:   51:                {
    #####:   52:                        z_pop[0]++;
call    0 never executed
    #####:   53:                        if(c.literate == "YES")
call    0 never executed
branch  1 never executed
branch  2 never executed
        -:   54:                        {
    #####:   55:                                z_lit[0]++;
call    0 never executed
        -:   56:                        }
        -:   57:                }
    #####:   58:                else if(c.zone_id == "ZID200")
call    0 never executed
branch  1 never executed
branch  2 never executed
        -:   59:                {
    #####:   60:                        z_pop[1]++;
call    0 never executed
    #####:   61:                        if(c.literate == "YES")
call    0 never executed
branch  1 never executed
branch  2 never executed
        -:   62:                        {
    #####:   63:                                z_lit[1]++;
call    0 never executed
        -:   64:                        }
        -:   65:
        -:   66:                }
        -:   67:                else
        -:   68:                {
    #####:   69:                        z_pop[2]++;
call    0 never executed
    #####:   70:                        if(c.literate == "YES")
call    0 never executed
branch  1 never executed
branch  2 never executed
        -:   71:                        {
    #####:   72:                                z_lit[2]++;
call    0 never executed
        -:   73:                        }
        -:   74:
        -:   75:                }
    #####:   76:        }
call    0 never executed
        -:   77:
        -:   78:        //calcultions
        -:   79:/*
        -:   80:	double p1=0,p2=0,p3=0;
        -:   81:	p1 = (z1_l/double(z1_pop))*100;
        -:   82:	p2 = (z2_l/double(z2_pop))*100;
        -:   83:	p3 = (z3_l/double(z3_pop))*100;
        -:   84:	*/
    #####:   85:	vector<int>p;
call    0 never executed
    #####:   86:	p.assign(3,0);
call    0 never executed
branch  1 never executed
branch  2 never executed
    #####:   87:	for(int i = 0; i<3; i++)
branch  0 never executed
branch  1 never executed
        -:   88:	{
    #####:   89:		p[i] = (z_lit[i]/double(z_pop[i]))*100;
call    0 never executed
call    1 never executed
call    2 never executed
        -:   90:	}
        -:   91:
    #####:   92:	if(p[0] >= p[1] || std::isnan(p[1]))
call    0 never executed
call    1 never executed
branch  2 never executed
branch  3 never executed
call    4 never executed
call    5 never executed
branch  6 never executed
branch  7 never executed
branch  8 never executed
branch  9 never executed
        -:   93:	{
    #####:   94:		if(p[0]>=p[2] || std::isnan(p[2]))
call    0 never executed
call    1 never executed
branch  2 never executed
branch  3 never executed
call    4 never executed
call    5 never executed
branch  6 never executed
branch  7 never executed
branch  8 never executed
branch  9 never executed
        -:   95:		{
    #####:   96:			cout<<"The Zone With Highest literate rate "<<p[0]<<" %"<<" is Zone 1"<<endl;
call    0 never executed
branch  1 never executed
branch  2 never executed
call    3 never executed
call    4 never executed
branch  5 never executed
branch  6 never executed
call    7 never executed
branch  8 never executed
branch  9 never executed
call   10 never executed
branch 11 never executed
branch 12 never executed
call   13 never executed
branch 14 never executed
branch 15 never executed
        -:   97:		}
        -:   98:		else
        -:   99:		{
    #####:  100:			cout<<"The Zone With Highest literate rate "<<p[2]<<" %"<<" is Zone 3"<<endl;
call    0 never executed
branch  1 never executed
branch  2 never executed
call    3 never executed
call    4 never executed
branch  5 never executed
branch  6 never executed
call    7 never executed
branch  8 never executed
branch  9 never executed
call   10 never executed
branch 11 never executed
branch 12 never executed
call   13 never executed
branch 14 never executed
branch 15 never executed
        -:  101:		}
        -:  102:	}
        -:  103:	else
        -:  104:	{	
    #####:  105:		if(p[1]>=p[2] || std::isnan(p[2]))
call    0 never executed
call    1 never executed
branch  2 never executed
branch  3 never executed
call    4 never executed
call    5 never executed
branch  6 never executed
branch  7 never executed
branch  8 never executed
branch  9 never executed
        -:  106:		{
    #####:  107:			cout<<"The Zone With Highest literate rate "<<p[1]<<" %"<<" is Zone 2"<<endl;
call    0 never executed
branch  1 never executed
branch  2 never executed
call    3 never executed
call    4 never executed
branch  5 never executed
branch  6 never executed
call    7 never executed
branch  8 never executed
branch  9 never executed
call   10 never executed
branch 11 never executed
branch 12 never executed
call   13 never executed
branch 14 never executed
branch 15 never executed
        -:  108:		}
        -:  109:		else
        -:  110:		{
    #####:  111:			cout<<"The Zone With Highest literate rate "<<p[2]<<" %"<<" is Zone 3"<<endl;
call    0 never executed
branch  1 never executed
branch  2 never executed
call    3 never executed
call    4 never executed
branch  5 never executed
branch  6 never executed
call    7 never executed
branch  8 never executed
branch  9 never executed
call   10 never executed
branch 11 never executed
branch 12 never executed
call   13 never executed
branch 14 never executed
branch 15 never executed
        -:  112:		}
        -:  113:	}
    #####:  114:	system("read n");
call    0 never executed
branch  1 never executed
branch  2 never executed
    #####:  115:	system("clear");
call    0 never executed
branch  1 never executed
branch  2 never executed
        -:  116:
        -:  117:
    #####:  118:}
call    0 never executed
call    1 never executed
call    2 never executed
call    3 never executed
call    4 never executed
call    5 never executed
        -:  119:
function _ZN5Query18BPL_average_incomeEv called 0 returned 0% blocks executed 0%
    #####:  120:void BPL_average_income()
        -:  121:{
    #####:  122:	cout<<"I am in BPL average income"<<endl;
call    0 never executed
call    1 never executed
        -:  123:/*
        -:  124:	int total_pop = 0;
        -:  125:	int total_BPL = 0;
        -:  126:	map<string, double> m;
        -:  127:	m["pop"]=0;
        -:  128:	m["BPL"]=0;*/
        -:  129:	double BPL;
        -:  130:	double BPL_total_income;
        -:  131:
    #####:  132:	for(Citizen c : li)
call    0 never executed
call    1 never executed
call    2 never executed
call    3 never executed
branch  4 never executed
branch  5 never executed
call    6 never executed
call    7 never executed
branch  8 never executed
branch  9 never executed
        -:  133:	{
        -:  134:		
    #####:  135:		if(stod(c.annual_income) < 100000)
call    0 never executed
branch  1 never executed
branch  2 never executed
branch  3 never executed
branch  4 never executed
        -:  136:		{
    #####:  137:			BPL++;
    #####:  138:			BPL_total_income += stod(c.annual_income);
call    0 never executed
branch  1 never executed
branch  2 never executed
        -:  139:		}
    #####:  140:	}
call    0 never executed
call    1 never executed
    #####:  141:	cout<<"Average Annual Income of population below poverty line in Dynaland is "<<(BPL_total_income/BPL)<<endl;
call    0 never executed
call    1 never executed
call    2 never executed
    #####:  142:	system("read n");
call    0 never executed
    #####:  143:	system("clear");
call    0 never executed
        -:  144:	
        -:  145:
    #####:  146:}
        -:  147:
function _ZN5Query26Rural_and_Urban_PopulationEv called 0 returned 0% blocks executed 0%
    #####:  148:void Rural_and_Urban_Population()
        -:  149:{
    #####:  150:	cout<<"I am in Rural and urban population"<<endl;
call    0 never executed
branch  1 never executed
branch  2 never executed
call    3 never executed
branch  4 never executed
branch  5 never executed
        -:  151:/*
        -:  152:	int total_pop = 0;
        -:  153:        int r_pop = 0;
        -:  154:	int u_pop = 0;*/
    #####:  155:	map<string, int>m;
call    0 never executed
    #####:  156:	m["pop"] = 0;
call    0 never executed
call    1 never executed
branch  2 never executed
branch  3 never executed
call    4 never executed
branch  5 never executed
branch  6 never executed
call    7 never executed
call    8 never executed
call    9 never executed
call   10 never executed
    #####:  157:	m["rural"] = 0;
call    0 never executed
call    1 never executed
branch  2 never executed
branch  3 never executed
call    4 never executed
branch  5 never executed
branch  6 never executed
call    7 never executed
call    8 never executed
call    9 never executed
call   10 never executed
    #####:  158:	m["urban"] = 0;
call    0 never executed
call    1 never executed
branch  2 never executed
branch  3 never executed
call    4 never executed
branch  5 never executed
branch  6 never executed
call    7 never executed
call    8 never executed
call    9 never executed
call   10 never executed
        -:  159:
    #####:  160:        for(Citizen c : li)
call    0 never executed
call    1 never executed
call    2 never executed
call    3 never executed
branch  4 never executed
branch  5 never executed
call    6 never executed
call    7 never executed
branch  8 never executed
branch  9 never executed
        -:  161:        {
    #####:  162:                m["pop"]++;
call    0 never executed
call    1 never executed
branch  2 never executed
branch  3 never executed
call    4 never executed
branch  5 never executed
branch  6 never executed
call    7 never executed
call    8 never executed
call    9 never executed
call   10 never executed
    #####:  163:                if(c.area_type == "rural")
call    0 never executed
branch  1 never executed
branch  2 never executed
        -:  164:                {
    #####:  165:                        m["rural"]++;
call    0 never executed
call    1 never executed
branch  2 never executed
branch  3 never executed
call    4 never executed
branch  5 never executed
branch  6 never executed
call    7 never executed
call    8 never executed
call    9 never executed
call   10 never executed
        -:  166:                }
        -:  167:		else
        -:  168:		{
    #####:  169:			m["urban"]++;
call    0 never executed
call    1 never executed
branch  2 never executed
branch  3 never executed
call    4 never executed
branch  5 never executed
branch  6 never executed
call    7 never executed
call    8 never executed
call    9 never executed
call   10 never executed
        -:  170:		}
    #####:  171:        }
call    0 never executed
call    1 never executed
    #####:  172:        cout<<"Percentage of population living in Rural Area in Dynaland is "<<(m["rural"]/double(m["pop"]))*100<<" %"<<endl;
call    0 never executed
branch  1 never executed
branch  2 never executed
call    3 never executed
call    4 never executed
branch  5 never executed
branch  6 never executed
call    7 never executed
branch  8 never executed
branch  9 never executed
call   10 never executed
call   11 never executed
branch 12 never executed
branch 13 never executed
call   14 never executed
branch 15 never executed
branch 16 never executed
call   17 never executed
branch 18 never executed
branch 19 never executed
call   20 never executed
branch 21 never executed
branch 22 never executed
call   23 never executed
branch 24 never executed
branch 25 never executed
call   26 never executed
call   27 never executed
call   28 never executed
call   29 never executed
call   30 never executed
call   31 never executed
call   32 never executed
call   33 never executed
        -:  173:
    #####:  174:        cout<<endl<<"Percentage of population living in Urban Area in Dynaland is "<<(m["urban"]/double(m["pop"]))*100<<" %"<<endl;
call    0 never executed
branch  1 never executed
branch  2 never executed
call    3 never executed
branch  4 never executed
branch  5 never executed
call    6 never executed
call    7 never executed
branch  8 never executed
branch  9 never executed
call   10 never executed
branch 11 never executed
branch 12 never executed
call   13 never executed
call   14 never executed
branch 15 never executed
branch 16 never executed
call   17 never executed
branch 18 never executed
branch 19 never executed
call   20 never executed
branch 21 never executed
branch 22 never executed
call   23 never executed
branch 24 never executed
branch 25 never executed
call   26 never executed
branch 27 never executed
branch 28 never executed
call   29 never executed
call   30 never executed
call   31 never executed
call   32 never executed
call   33 never executed
call   34 never executed
call   35 never executed
call   36 never executed
        -:  175:	
    #####:  176:	system("read n");
call    0 never executed
branch  1 never executed
branch  2 never executed
    #####:  177:	system("clear");
call    0 never executed
branch  1 never executed
branch  2 never executed
        -:  178:
        -:  179:
    #####:  180:}
call    0 never executed
call    1 never executed
        -:  181:
function _ZN5Query33Zone_with_highest_male_and_femaleEv called 0 returned 0% blocks executed 0%
    #####:  182:void Zone_with_highest_male_and_female()
        -:  183:{
    #####:  184:	cout<<"I am in zone with highest male and female"<<endl;
call    0 never executed
branch  1 never executed
branch  2 never executed
call    3 never executed
branch  4 never executed
branch  5 never executed
        -:  185:	/*
        -:  186:	int z1_pop = 0, z2_pop = 0, z3_pop = 0;
        -:  187:        int z1_m = 0, z2_m = 0, z3_m = 0;
        -:  188:        int z1_f = 0, z2_f = 0, z3_f = 0;
        -:  189:        int z1_t = 0, z2_t = 0, z3_t = 0;
        -:  190:*/
    #####:  191:	map<string, vector<int>>m;
call    0 never executed
    #####:  192:	vector<int>z_pop; // [z1_pop, z2_pop, z3_pop]
call    0 never executed
    #####:  193:	z_pop.assign(3,0);
call    0 never executed
branch  1 never executed
branch  2 never executed
    #####:  194:	vector<int>z1; // [z1_m, z1_f, z1_t]
call    0 never executed
    #####:  195:	z1.assign(3,0);
call    0 never executed
branch  1 never executed
branch  2 never executed
    #####:  196:	vector<int>z2;
call    0 never executed
    #####:  197:	z2.assign(3,0);
call    0 never executed
branch  1 never executed
branch  2 never executed
    #####:  198:	vector<int>z3;
call    0 never executed
    #####:  199:	z3.assign(3,0);
call    0 never executed
branch  1 never executed
branch  2 never executed
    #####:  200:	m["pop"] = z_pop;
call    0 never executed
call    1 never executed
branch  2 never executed
branch  3 never executed
call    4 never executed
branch  5 never executed
branch  6 never executed
call    7 never executed
branch  8 never executed
branch  9 never executed
call   10 never executed
call   11 never executed
call   12 never executed
call   13 never executed
    #####:  201:	m["zone1"] = z1;
call    0 never executed
call    1 never executed
branch  2 never executed
branch  3 never executed
call    4 never executed
branch  5 never executed
branch  6 never executed
call    7 never executed
branch  8 never executed
branch  9 never executed
call   10 never executed
call   11 never executed
call   12 never executed
call   13 never executed
    #####:  202:	m["zone2"] = z2;
call    0 never executed
call    1 never executed
branch  2 never executed
branch  3 never executed
call    4 never executed
branch  5 never executed
branch  6 never executed
call    7 never executed
branch  8 never executed
branch  9 never executed
call   10 never executed
call   11 never executed
call   12 never executed
call   13 never executed
    #####:  203:	m["zone3"] = z3;
call    0 never executed
call    1 never executed
branch  2 never executed
branch  3 never executed
call    4 never executed
branch  5 never executed
branch  6 never executed
call    7 never executed
branch  8 never executed
branch  9 never executed
call   10 never executed
call   11 never executed
call   12 never executed
call   13 never executed
        -:  204:
    #####:  205:        for(Citizen c : li)
call    0 never executed
call    1 never executed
call    2 never executed
call    3 never executed
branch  4 never executed
branch  5 never executed
call    6 never executed
call    7 never executed
branch  8 never executed
branch  9 never executed
        -:  206:        {
    #####:  207:                if(c.zone_id == "ZID100")
call    0 never executed
branch  1 never executed
branch  2 never executed
        -:  208:                {
    #####:  209:                        m["pop"][0]++;
call    0 never executed
call    1 never executed
branch  2 never executed
branch  3 never executed
call    4 never executed
branch  5 never executed
branch  6 never executed
call    7 never executed
call    8 never executed
call    9 never executed
call   10 never executed
call   11 never executed
    #####:  210:                        if(c.gender == "male")
call    0 never executed
branch  1 never executed
branch  2 never executed
        -:  211:                        {
    #####:  212:                                m["zone1"][0]++;
call    0 never executed
call    1 never executed
branch  2 never executed
branch  3 never executed
call    4 never executed
branch  5 never executed
branch  6 never executed
call    7 never executed
call    8 never executed
call    9 never executed
call   10 never executed
call   11 never executed
        -:  213:                        }
    #####:  214:			else if(c.gender == "female")
call    0 never executed
branch  1 never executed
branch  2 never executed
        -:  215:			{
    #####:  216:				m["zone1"][1]++;
call    0 never executed
call    1 never executed
branch  2 never executed
branch  3 never executed
call    4 never executed
branch  5 never executed
branch  6 never executed
call    7 never executed
call    8 never executed
call    9 never executed
call   10 never executed
call   11 never executed
        -:  217:			}
        -:  218:			else
        -:  219:			{
    #####:  220:				m["zone1"][2]++;
call    0 never executed
call    1 never executed
branch  2 never executed
branch  3 never executed
call    4 never executed
branch  5 never executed
branch  6 never executed
call    7 never executed
call    8 never executed
call    9 never executed
call   10 never executed
call   11 never executed
        -:  221:			}
        -:  222:                }
    #####:  223:                else if(c.zone_id == "ZID200")
call    0 never executed
branch  1 never executed
branch  2 never executed
        -:  224:                {
    #####:  225:                        m["pop"][1]++;
call    0 never executed
call    1 never executed
branch  2 never executed
branch  3 never executed
call    4 never executed
branch  5 never executed
branch  6 never executed
call    7 never executed
call    8 never executed
call    9 never executed
call   10 never executed
call   11 never executed
    #####:  226:                        if(c.gender == "male")
call    0 never executed
branch  1 never executed
branch  2 never executed
        -:  227:                        {
    #####:  228:                                m["zone2"][0]++;
call    0 never executed
call    1 never executed
branch  2 never executed
branch  3 never executed
call    4 never executed
branch  5 never executed
branch  6 never executed
call    7 never executed
call    8 never executed
call    9 never executed
call   10 never executed
call   11 never executed
        -:  229:                        }
    #####:  230:			else if(c.gender == "female")
call    0 never executed
branch  1 never executed
branch  2 never executed
        -:  231:			{
    #####:  232:				m["zone2"][1]++;
call    0 never executed
call    1 never executed
branch  2 never executed
branch  3 never executed
call    4 never executed
branch  5 never executed
branch  6 never executed
call    7 never executed
call    8 never executed
call    9 never executed
call   10 never executed
call   11 never executed
        -:  233:			}
        -:  234:			else
        -:  235:			{
    #####:  236:				m["zone2"][2]++;
call    0 never executed
call    1 never executed
branch  2 never executed
branch  3 never executed
call    4 never executed
branch  5 never executed
branch  6 never executed
call    7 never executed
call    8 never executed
call    9 never executed
call   10 never executed
call   11 never executed
        -:  237:			}
        -:  238:
        -:  239:                }
        -:  240:                else
        -:  241:                {
    #####:  242:                        m["pop"][2]++;
call    0 never executed
call    1 never executed
branch  2 never executed
branch  3 never executed
call    4 never executed
branch  5 never executed
branch  6 never executed
call    7 never executed
call    8 never executed
call    9 never executed
call   10 never executed
call   11 never executed
    #####:  243:                        if(c.gender == "male")
call    0 never executed
branch  1 never executed
branch  2 never executed
        -:  244:                        {
    #####:  245:                                m["zone3"][0]++;
call    0 never executed
call    1 never executed
branch  2 never executed
branch  3 never executed
call    4 never executed
branch  5 never executed
branch  6 never executed
call    7 never executed
call    8 never executed
call    9 never executed
call   10 never executed
call   11 never executed
        -:  246:                        }
    #####:  247:			else if(c.gender == "female")
call    0 never executed
branch  1 never executed
branch  2 never executed
        -:  248:			{
    #####:  249:				m["zone3"][1]++;
call    0 never executed
call    1 never executed
branch  2 never executed
branch  3 never executed
call    4 never executed
branch  5 never executed
branch  6 never executed
call    7 never executed
call    8 never executed
call    9 never executed
call   10 never executed
call   11 never executed
        -:  250:			}
        -:  251:			else
        -:  252:			{
    #####:  253:				m["zone3"][2]++;
call    0 never executed
call    1 never executed
branch  2 never executed
branch  3 never executed
call    4 never executed
branch  5 never executed
branch  6 never executed
call    7 never executed
call    8 never executed
call    9 never executed
call   10 never executed
call   11 never executed
        -:  254:			}
        -:  255:
        -:  256:                }
    #####:  257:        }
call    0 never executed
call    1 never executed
        -:  258:
        -:  259:        //calcultions
        -:  260:/*	double p1_m = 0,p1_f = 0,p1_t = 0;
        -:  261:	double p2_m = 0,p2_f = 0,p2_t = 0;
        -:  262:	double p3_m = 0,p3_f = 0,p3_t = 0;
        -:  263:*/
        -:  264:	array<int,3>p1; // [p1_m, p1_f, p1_t]
    #####:  265:	p1.fill(0);
call    0 never executed
branch  1 never executed
branch  2 never executed
        -:  266:	array<int,3>p2;
    #####:  267:        p2.fill(0);
call    0 never executed
branch  1 never executed
branch  2 never executed
        -:  268:	array<int,3>p3;
    #####:  269:        p3.fill(0);
call    0 never executed
branch  1 never executed
branch  2 never executed
        -:  270:/*
        -:  271:	p1_m = (z1_m/double(z1_pop))*100;
        -:  272:	p2_m = (z2_m/double(z2_pop))*100;
        -:  273:	p3_m = (z3_m/double(z3_pop))*100;
        -:  274:
        -:  275:	p1_f = (z1_f/double(z1_pop))*100;
        -:  276:	p2_f = (z2_f/double(z2_pop))*100;
        -:  277:	p3_f = (z3_f/double(z3_pop))*100;
        -:  278:
        -:  279:	p1_t = (z1_t/double(z1_pop))*100;
        -:  280:	p2_t = (z2_t/double(z2_pop))*100;
        -:  281:	p3_t = (z3_t/double(z3_pop))*100;
        -:  282:*/
    #####:  283:	for(int i = 0; i<3; i++)
branch  0 never executed
branch  1 never executed
        -:  284:	{
    #####:  285:		p1[i] = (m["zone1"][i]/double(m["pop"][i])*100);
call    0 never executed
call    1 never executed
branch  2 never executed
branch  3 never executed
call    4 never executed
branch  5 never executed
branch  6 never executed
call    7 never executed
call    8 never executed
call    9 never executed
branch 10 never executed
branch 11 never executed
call   12 never executed
branch 13 never executed
branch 14 never executed
call   15 never executed
call   16 never executed
call   17 never executed
call   18 never executed
call   19 never executed
call   20 never executed
call   21 never executed
call   22 never executed
call   23 never executed
call   24 never executed
    #####:  286:		p2[i] = (m["zone2"][i]/double(m["pop"][i])*100);
call    0 never executed
call    1 never executed
branch  2 never executed
branch  3 never executed
call    4 never executed
branch  5 never executed
branch  6 never executed
call    7 never executed
call    8 never executed
call    9 never executed
branch 10 never executed
branch 11 never executed
call   12 never executed
branch 13 never executed
branch 14 never executed
call   15 never executed
call   16 never executed
call   17 never executed
call   18 never executed
call   19 never executed
call   20 never executed
call   21 never executed
call   22 never executed
call   23 never executed
call   24 never executed
    #####:  287:		p3[i] = (m["zone3"][i]/double(m["pop"][i])*100);
call    0 never executed
call    1 never executed
branch  2 never executed
branch  3 never executed
call    4 never executed
branch  5 never executed
branch  6 never executed
call    7 never executed
call    8 never executed
call    9 never executed
branch 10 never executed
branch 11 never executed
call   12 never executed
branch 13 never executed
branch 14 never executed
call   15 never executed
call   16 never executed
call   17 never executed
call   18 never executed
call   19 never executed
call   20 never executed
call   21 never executed
call   22 never executed
call   23 never executed
call   24 never executed
        -:  288:	}
        -:  289:
        -:  290:	//  for males comparing
    #####:  291:	if(p1[0] >= p2[0] || std::isnan(p2[0]) )
call    0 never executed
call    1 never executed
branch  2 never executed
branch  3 never executed
call    4 never executed
call    5 never executed
branch  6 never executed
branch  7 never executed
branch  8 never executed
branch  9 never executed
        -:  292:	{
    #####:  293:		if(p1[0]>=p3[0] || std::isnan(p3[0]))
call    0 never executed
call    1 never executed
branch  2 never executed
branch  3 never executed
call    4 never executed
call    5 never executed
branch  6 never executed
branch  7 never executed
branch  8 never executed
branch  9 never executed
        -:  294:		{
    #####:  295:			cout<<"The Zone With Highest percentage of males "<<p1[0]<<" %"<<" is Zone 1"<<endl;
call    0 never executed
branch  1 never executed
branch  2 never executed
call    3 never executed
call    4 never executed
branch  5 never executed
branch  6 never executed
call    7 never executed
branch  8 never executed
branch  9 never executed
call   10 never executed
branch 11 never executed
branch 12 never executed
call   13 never executed
branch 14 never executed
branch 15 never executed
        -:  296:		}
        -:  297:		else
        -:  298:		{
    #####:  299:			cout<<"The Zone With Highest percentage of males "<<p3[0]<<" %"<<" is Zone 3"<<endl;
call    0 never executed
branch  1 never executed
branch  2 never executed
call    3 never executed
call    4 never executed
branch  5 never executed
branch  6 never executed
call    7 never executed
branch  8 never executed
branch  9 never executed
call   10 never executed
branch 11 never executed
branch 12 never executed
call   13 never executed
branch 14 never executed
branch 15 never executed
        -:  300:		}
        -:  301:	}
        -:  302:	else
        -:  303:	{
    #####:  304:		if(p2[0]>=p3[0] || std::isnan(p3[0]))
call    0 never executed
call    1 never executed
branch  2 never executed
branch  3 never executed
call    4 never executed
call    5 never executed
branch  6 never executed
branch  7 never executed
branch  8 never executed
branch  9 never executed
        -:  305:		{
    #####:  306:			cout<<"The Zone With Highest percentage of males  "<<p2[0]<<" %"<<" is Zone 2"<<endl;
call    0 never executed
branch  1 never executed
branch  2 never executed
call    3 never executed
call    4 never executed
branch  5 never executed
branch  6 never executed
call    7 never executed
branch  8 never executed
branch  9 never executed
call   10 never executed
branch 11 never executed
branch 12 never executed
call   13 never executed
branch 14 never executed
branch 15 never executed
        -:  307:		}
        -:  308:		else
        -:  309:		{
    #####:  310:			cout<<"The Zone With Highest percentage of males "<<p3[0]<<" %"<<" is Zone 3"<<endl;
call    0 never executed
branch  1 never executed
branch  2 never executed
call    3 never executed
call    4 never executed
branch  5 never executed
branch  6 never executed
call    7 never executed
branch  8 never executed
branch  9 never executed
call   10 never executed
branch 11 never executed
branch 12 never executed
call   13 never executed
branch 14 never executed
branch 15 never executed
        -:  311:		}
        -:  312:	}
        -:  313:	//  comparing for females
    #####:  314:	if(p1[1] >= p2[1] || std::isnan(p2[1]))
call    0 never executed
call    1 never executed
branch  2 never executed
branch  3 never executed
call    4 never executed
call    5 never executed
branch  6 never executed
branch  7 never executed
branch  8 never executed
branch  9 never executed
        -:  315:        {
    #####:  316:                if(p1[1]>=p3[1] || std::isnan(p3[1]))
call    0 never executed
call    1 never executed
branch  2 never executed
branch  3 never executed
call    4 never executed
call    5 never executed
branch  6 never executed
branch  7 never executed
branch  8 never executed
branch  9 never executed
        -:  317:                {
    #####:  318:                        cout<<"The Zone With Highest percentage of females "<<p1[1]<<" %"<<" is Zone 1"<<endl;
call    0 never executed
branch  1 never executed
branch  2 never executed
call    3 never executed
call    4 never executed
branch  5 never executed
branch  6 never executed
call    7 never executed
branch  8 never executed
branch  9 never executed
call   10 never executed
branch 11 never executed
branch 12 never executed
call   13 never executed
branch 14 never executed
branch 15 never executed
        -:  319:                }
        -:  320:                else
        -:  321:                {
    #####:  322:                        cout<<"The Zone With Highest percentage of females "<<p3[1]<<" %"<<" is Zone 3"<<endl;
call    0 never executed
branch  1 never executed
branch  2 never executed
call    3 never executed
call    4 never executed
branch  5 never executed
branch  6 never executed
call    7 never executed
branch  8 never executed
branch  9 never executed
call   10 never executed
branch 11 never executed
branch 12 never executed
call   13 never executed
branch 14 never executed
branch 15 never executed
        -:  323:                }
        -:  324:        }
        -:  325:        else
        -:  326:        {
    #####:  327:                if(p2[1]>=p3[1] || std::isnan(p3[1]))
call    0 never executed
call    1 never executed
branch  2 never executed
branch  3 never executed
call    4 never executed
call    5 never executed
branch  6 never executed
branch  7 never executed
branch  8 never executed
branch  9 never executed
        -:  328:                {
    #####:  329:                        cout<<"The Zone With Highest percentage of females  "<<p2[1]<<" %"<<" is Zone 2"<<endl;
call    0 never executed
branch  1 never executed
branch  2 never executed
call    3 never executed
call    4 never executed
branch  5 never executed
branch  6 never executed
call    7 never executed
branch  8 never executed
branch  9 never executed
call   10 never executed
branch 11 never executed
branch 12 never executed
call   13 never executed
branch 14 never executed
branch 15 never executed
        -:  330:                }
        -:  331:                else
        -:  332:                {
    #####:  333:                        cout<<"The Zone With Highest percentage of females "<<p3[1]<<" %"<<" is Zone 3"<<endl;
call    0 never executed
branch  1 never executed
branch  2 never executed
call    3 never executed
call    4 never executed
branch  5 never executed
branch  6 never executed
call    7 never executed
branch  8 never executed
branch  9 never executed
call   10 never executed
branch 11 never executed
branch 12 never executed
call   13 never executed
branch 14 never executed
branch 15 never executed
        -:  334:                }
        -:  335:        }
        -:  336:
        -:  337:	// comparing for transgender
        -:  338:	
    #####:  339:	if(p1[2] >= p2[2] || std::isnan(p2[2]))
call    0 never executed
call    1 never executed
branch  2 never executed
branch  3 never executed
call    4 never executed
call    5 never executed
branch  6 never executed
branch  7 never executed
branch  8 never executed
branch  9 never executed
        -:  340:        {
    #####:  341:                if(p1[2]>=p3[2] || std::isnan(p3[2]))
call    0 never executed
call    1 never executed
branch  2 never executed
branch  3 never executed
call    4 never executed
call    5 never executed
branch  6 never executed
branch  7 never executed
branch  8 never executed
branch  9 never executed
        -:  342:                {
    #####:  343:                        cout<<"The Zone With Highest percentage of transgender "<<p1[2]<<" %"<<" is Zone 1"<<endl;
call    0 never executed
branch  1 never executed
branch  2 never executed
call    3 never executed
call    4 never executed
branch  5 never executed
branch  6 never executed
call    7 never executed
branch  8 never executed
branch  9 never executed
call   10 never executed
branch 11 never executed
branch 12 never executed
call   13 never executed
branch 14 never executed
branch 15 never executed
        -:  344:                }
        -:  345:                else
        -:  346:                {
    #####:  347:                        cout<<"The Zone With Highest percentage of transgender "<<p3[2]<<" %"<<" is Zone 3"<<endl;
call    0 never executed
branch  1 never executed
branch  2 never executed
call    3 never executed
call    4 never executed
branch  5 never executed
branch  6 never executed
call    7 never executed
branch  8 never executed
branch  9 never executed
call   10 never executed
branch 11 never executed
branch 12 never executed
call   13 never executed
branch 14 never executed
branch 15 never executed
        -:  348:                }
        -:  349:        }
        -:  350:        else
        -:  351:        {
    #####:  352:                if(p2[2]>=p3[2] || std::isnan(p3[2]))
call    0 never executed
call    1 never executed
branch  2 never executed
branch  3 never executed
call    4 never executed
call    5 never executed
branch  6 never executed
branch  7 never executed
branch  8 never executed
branch  9 never executed
        -:  353:                {
    #####:  354:                        cout<<"The Zone With Highest percentage of transgender "<<p2[2]<<" %"<<" is Zone 2"<<endl;
call    0 never executed
branch  1 never executed
branch  2 never executed
call    3 never executed
call    4 never executed
branch  5 never executed
branch  6 never executed
call    7 never executed
branch  8 never executed
branch  9 never executed
call   10 never executed
branch 11 never executed
branch 12 never executed
call   13 never executed
branch 14 never executed
branch 15 never executed
        -:  355:                }
        -:  356:                else
        -:  357:                {
    #####:  358:                        cout<<"The Zone With Highest percentage of transgender "<<p3[2]<<" %"<<" is Zone 3"<<endl;
call    0 never executed
branch  1 never executed
branch  2 never executed
call    3 never executed
call    4 never executed
branch  5 never executed
branch  6 never executed
call    7 never executed
branch  8 never executed
branch  9 never executed
call   10 never executed
branch 11 never executed
branch 12 never executed
call   13 never executed
branch 14 never executed
branch 15 never executed
        -:  359:                }
        -:  360:        }
        -:  361:	
    #####:  362:	system("read n");
call    0 never executed
branch  1 never executed
branch  2 never executed
    #####:  363:	system("clear");
call    0 never executed
branch  1 never executed
branch  2 never executed
        -:  364:
        -:  365:
        -:  366:
    #####:  367:}
call    0 never executed
call    1 never executed
call    2 never executed
call    3 never executed
call    4 never executed
call    5 never executed
call    6 never executed
call    7 never executed
call    8 never executed
call    9 never executed
        -:  368:};
